<?xml version="1.0" encoding="utf-8"?><testsuites name="pytest tests"><testsuite name="pytest" errors="0" failures="0" skipped="2" tests="18" time="7.603" timestamp="2026-05-31T15:12:22.633104+00:00" hostname="agent-env-9a9c5984-9441-4d6f-b2b7-adde78cccd8f"><testcase classname="backend.tests.test_iteration141_security_unification.TestCheckpointKindAndDeviceMode" name="test_create_with_kind_and_device_mode" time="0.851" /><testcase classname="backend.tests.test_iteration141_security_unification.TestCheckpointKindAndDeviceMode" name="test_create_defaults_when_omitted" time="0.259" /><testcase classname="backend.tests.test_iteration141_security_unification.TestCheckpointKindAndDeviceMode" name="test_create_invalid_kind_400" time="0.114" /><testcase classname="backend.tests.test_iteration141_security_unification.TestCheckpointKindAndDeviceMode" name="test_create_invalid_device_mode_400" time="0.127" /><testcase classname="backend.tests.test_iteration141_security_unification.TestCheckpointKindAndDeviceMode" name="test_put_updates_kind_and_device_mode" time="0.471" /><testcase classname="backend.tests.test_iteration141_security_unification.TestSingleDevicePair" name="test_single_device_guest_mode_rejected" time="0.353" /><testcase classname="backend.tests.test_iteration141_security_unification.TestSingleDevicePair" name="test_single_device_security_mode_ok" time="0.345" /><testcase classname="backend.tests.test_iteration141_security_unification.TestSingleDevicePair" name="test_dual_device_guest_mode_ok" time="0.360" /><testcase classname="backend.tests.test_iteration141_security_unification.TestEventTicketScan" name="test_hybrid_ticket_scan_approved_and_creates_checkin" time="0.104"><skipped type="pytest.skip" message="Cannot create event: 422 {&quot;detail&quot;:[{&quot;type&quot;:&quot;missing&quot;,&quot;loc&quot;:[&quot;body&quot;,&quot;date&quot;],&quot;msg&quot;:&quot;Field required&quot;,&quot;input&quot;:{&quot;title&quot;:&quot;TEST_Iter141_Event_b916e3&quot;,&quot;type&quot;:&quot;Service&quot;,&quot;start_date&quot;:&quot;2026-12-31&quot;,&quot;start_time&quot;:&quot;10:00&quot;,&quot;location&quot;:&quot;Test">/app/backend/tests/test_iteration141_security_unification.py:206: Cannot create event: 422 {"detail":[{"type":"missing","loc":["body","date"],"msg":"Field required","input":{"title":"TEST_Iter141_Event_b916e3","type":"Service","start_date":"2026-12-31","start_time":"10:00","location":"Test</skipped></testcase><testcase classname="backend.tests.test_iteration141_security_unification.TestEventTicketScan" name="test_strict_ticket_scan_denied" time="0.000"><skipped type="pytest.skip" message="Cannot create event: 422 {&quot;detail&quot;:[{&quot;type&quot;:&quot;missing&quot;,&quot;loc&quot;:[&quot;body&quot;,&quot;date&quot;],&quot;msg&quot;:&quot;Field required&quot;,&quot;input&quot;:{&quot;title&quot;:&quot;TEST_Iter141_Event_b916e3&quot;,&quot;type&quot;:&quot;Service&quot;,&quot;start_date&quot;:&quot;2026-12-31&quot;,&quot;start_time&quot;:&quot;10:00&quot;,&quot;location&quot;:&quot;Test">/app/backend/tests/test_iteration141_security_unification.py:241: Cannot create event: 422 {"detail":[{"type":"missing","loc":["body","date"],"msg":"Field required","input":{"title":"TEST_Iter141_Event_b916e3","type":"Service","start_date":"2026-12-31","start_time":"10:00","location":"Test</skipped></testcase><testcase classname="backend.tests.test_iteration141_security_unification.TestEntryExitPairing" name="test_double_scan_creates_entry_then_exit" time="1.626" /><testcase classname="backend.tests.test_iteration141_security_unification.TestVisitorLog" name="test_device_visitor_log_unauth" time="0.122" /><testcase classname="backend.tests.test_iteration141_security_unification.TestVisitorLog" name="test_admin_visitor_log_shape" time="0.520" /><testcase classname="backend.tests.test_iteration141_security_unification.TestLookup" name="test_lookup_requires_session" time="0.120" /><testcase classname="backend.tests.test_iteration141_security_unification.TestLookup" name="test_lookup_short_query_400" time="0.463" /><testcase classname="backend.tests.test_iteration141_security_unification.TestLookup" name="test_lookup_returns_members_with_household" time="0.467" /><testcase classname="backend.tests.test_iteration141_security_unification.TestBatchCheckIn" name="test_batch_check_in_writes_events_and_checkins" time="0.647" /><testcase classname="backend.tests.test_iteration141_security_unification.TestCheckInOnlyMode" name="test_active_member_approved_without_location_check" time="0.566" /></testsuite></testsuites>