<?xml version="1.0" encoding="utf-8"?><testsuites name="pytest tests"><testsuite name="pytest" errors="0" failures="0" skipped="0" tests="14" time="8.352" timestamp="2026-05-30T17:17:31.190003+00:00" hostname="agent-env-9a9c5984-9441-4d6f-b2b7-adde78cccd8f"><testcase classname="tests.test_iteration138_ocr_exit_ws.TestOcrIdEndpoint" name="test_missing_session_401" time="0.149" /><testcase classname="tests.test_iteration138_ocr_exit_ws.TestOcrIdEndpoint" name="test_guest_session_403" time="0.849" /><testcase classname="tests.test_iteration138_ocr_exit_ws.TestOcrIdEndpoint" name="test_bad_mime_400" time="0.216" /><testcase classname="tests.test_iteration138_ocr_exit_ws.TestOcrIdEndpoint" name="test_empty_image_400" time="0.098" /><testcase classname="tests.test_iteration138_ocr_exit_ws.TestOcrIdEndpoint" name="test_huge_image_400" time="0.640" /><testcase classname="tests.test_iteration138_ocr_exit_ws.TestOcrIdEndpoint" name="test_octet_stream_with_jpeg_magic_bytes_works" time="2.825" /><testcase classname="tests.test_iteration138_ocr_exit_ws.TestOcrIdEndpoint" name="test_happy_path_extracts_fields" time="1.512" /><testcase classname="tests.test_iteration138_ocr_exit_ws.TestExitRestrictedFlag" name="test_create_flag_persisted" time="0.221" /><testcase classname="tests.test_iteration138_ocr_exit_ws.TestExitRestrictedFlag" name="test_update_can_clear_flag" time="0.327" /><testcase classname="tests.test_iteration138_ocr_exit_ws.TestExitRestrictedFlag" name="test_sale_enriches_items_with_flag" time="0.112" /><testcase classname="tests.test_iteration138_ocr_exit_ws.TestExitRestrictedFlag" name="test_receipt_exit_scan_denies_flagged" time="0.339" /><testcase classname="tests.test_iteration138_ocr_exit_ws.TestWebSocket" name="test_missing_session_rejected" time="0.175" /><testcase classname="tests.test_iteration138_ocr_exit_ws.TestWebSocket" name="test_invalid_session_rejected" time="0.154" /><testcase classname="tests.test_iteration138_ocr_exit_ws.TestWebSocket" name="test_valid_session_joined_and_event" time="0.650" /></testsuite></testsuites>