<?xml version="1.0" encoding="utf-8"?><testsuites name="pytest tests"><testsuite name="pytest" errors="0" failures="0" skipped="0" tests="14" time="7.209" timestamp="2026-05-30T18:59:01.117429+00:00" hostname="agent-env-9a9c5984-9441-4d6f-b2b7-adde78cccd8f"><testcase classname="tests.test_iteration139_ocr_override_dashboard.TestStaffOcrId" name="test_unauth_401" time="0.316" /><testcase classname="tests.test_iteration139_ocr_override_dashboard.TestStaffOcrId" name="test_bad_mime_400" time="0.484" /><testcase classname="tests.test_iteration139_ocr_override_dashboard.TestStaffOcrId" name="test_empty_image_400" time="0.108" /><testcase classname="tests.test_iteration139_ocr_override_dashboard.TestStaffOcrId" name="test_oversize_400" time="0.432" /><testcase classname="tests.test_iteration139_ocr_override_dashboard.TestStaffOcrId" name="test_happy_path_shape_and_language_echo" time="2.739" /><testcase classname="tests.test_iteration139_ocr_override_dashboard.TestStaffOcrId" name="test_default_language_hint_en" time="1.199" /><testcase classname="tests.test_iteration139_ocr_override_dashboard.TestReceiptOverride" name="test_requires_security_session" time="0.844" /><testcase classname="tests.test_iteration139_ocr_override_dashboard.TestReceiptOverride" name="test_missing_fields_400" time="0.104" /><testcase classname="tests.test_iteration139_ocr_override_dashboard.TestReceiptOverride" name="test_unknown_event_404" time="0.105" /><testcase classname="tests.test_iteration139_ocr_override_dashboard.TestReceiptOverride" name="test_bad_pin_401" time="0.104" /><testcase classname="tests.test_iteration139_ocr_override_dashboard.TestReceiptOverride" name="test_happy_path_flips_to_approved" time="0.111" /><testcase classname="tests.test_iteration139_ocr_override_dashboard.TestReceiptOverride" name="test_re_override_400_not_denied" time="0.244" /><testcase classname="tests.test_iteration139_ocr_override_dashboard.TestDashboardCheckpoints" name="test_unauth_401" time="0.101" /><testcase classname="tests.test_iteration139_ocr_override_dashboard.TestDashboardCheckpoints" name="test_admin_can_list" time="0.230" /></testsuite></testsuites>