<?xml version="1.0" encoding="utf-8"?><testsuites name="pytest tests"><testsuite name="pytest" errors="0" failures="0" skipped="0" tests="11" time="8.835" timestamp="2026-07-07T04:39:22.723088+00:00" hostname="agent-env-9a9c5984-9441-4d6f-b2b7-adde78cccd8f"><testcase classname="backend.tests.test_iter219_hr_repair_payslip_journals.TestAuthGuard" name="test_dry_run_admin_ok" time="0.521" /><testcase classname="backend.tests.test_iter219_hr_repair_payslip_journals.TestAuthGuard" name="test_staff_forbidden" time="0.821" /><testcase classname="backend.tests.test_iter219_hr_repair_payslip_journals.TestAuthGuard" name="test_hr_forbidden" time="0.799" /><testcase classname="backend.tests.test_iter219_hr_repair_payslip_journals.TestAuthGuard" name="test_director_forbidden" time="0.792" /><testcase classname="backend.tests.test_iter219_hr_repair_payslip_journals.TestAuthGuard" name="test_manager_forbidden" time="0.785" /><testcase classname="backend.tests.test_iter219_hr_repair_payslip_journals.TestAuthGuard" name="test_unauthenticated_forbidden" time="0.095" /><testcase classname="backend.tests.test_iter219_hr_repair_payslip_journals.TestPassAMissingJE" name="test_missing_je_gets_backfilled" time="1.912" /><testcase classname="backend.tests.test_iter219_hr_repair_payslip_journals.TestPassASkipNoAccounts" name="test_skip_when_no_wages_or_cash" time="0.221" /><testcase classname="backend.tests.test_iter219_hr_repair_payslip_journals.TestPassBReconstruct" name="test_reconstruct_expense_and_je" time="2.055" /><testcase classname="backend.tests.test_iter219_hr_repair_payslip_journals.TestPassCWrongJournal" name="test_dry_run_counts_and_apply_retags" time="0.558" /><testcase classname="backend.tests.test_iter219_hr_repair_payslip_journals.TestAuditTrail" name="test_audit_log_written_on_apply" time="0.119" /></testsuite></testsuites>