<?xml version="1.0" encoding="utf-8"?><testsuites name="pytest tests"><testsuite name="pytest" errors="0" failures="0" skipped="0" tests="9" time="2.660" timestamp="2026-07-02T18:47:53.999496+00:00" hostname="agent-env-9a9c5984-9441-4d6f-b2b7-adde78cccd8f"><testcase classname="backend.tests.test_iter209_starting_balance.TestFinancialAccountsSchema" name="test_schema_new_fields_present" time="1.002" /><testcase classname="backend.tests.test_iter209_starting_balance.TestFinancialAccountsSchema" name="test_chart_accounts_source_of_truth" time="0.235" /><testcase classname="backend.tests.test_iter209_starting_balance.TestFinancialAccountsSchema" name="test_balance_formula" time="0.114" /><testcase classname="backend.tests.test_iter209_starting_balance.TestFinancialAccountsSchema" name="test_legacy_fallback" time="0.164" /><testcase classname="backend.tests.test_iter209_starting_balance.TestRepairStartingBalances" name="test_repair_non_admin_forbidden" time="0.101" /><testcase classname="backend.tests.test_iter209_starting_balance.TestRepairStartingBalances" name="test_repair_admin_and_idempotent" time="0.219" /><testcase classname="backend.tests.test_iter209_starting_balance.TestRepairStartingBalances" name="test_after_migration_source_chart_accounts" time="0.145" /><testcase classname="backend.tests.test_iter209_starting_balance.TestRegressions" name="test_trial_balance_balanced" time="0.121" /><testcase classname="backend.tests.test_iter209_starting_balance.TestRegressions" name="test_repair_orphaned_journals_idempotent" time="0.503" /></testsuite></testsuites>