<?xml version="1.0" encoding="utf-8"?><testsuites name="pytest tests"><testsuite name="pytest" errors="0" failures="2" skipped="0" tests="14" time="4.939" timestamp="2026-09-05T16:37:42.277884+00:00" hostname="agent-env-9a9c5984-9441-4d6f-b2b7-adde78cccd8f"><testcase classname="backend.tests.test_iter292_regression_smoke" name="test_bank_list_endpoints_200[/api/bank/bills]" time="0.656" /><testcase classname="backend.tests.test_iter292_regression_smoke" name="test_bank_list_endpoints_200[/api/bank/vendors]" time="0.174" /><testcase classname="backend.tests.test_iter292_regression_smoke" name="test_bank_list_endpoints_200[/api/bank/rules]" time="0.132" /><testcase classname="backend.tests.test_iter292_regression_smoke" name="test_bank_list_endpoints_200[/api/bank/recurring]" time="0.168" /><testcase classname="backend.tests.test_iter292_regression_smoke" name="test_bank_list_endpoints_200[/api/bank/accounts]" time="0.116" /><testcase classname="backend.tests.test_iter292_regression_smoke" name="test_core_endpoints_still_200[/api/reports/summary]" time="0.115" /><testcase classname="backend.tests.test_iter292_regression_smoke" name="test_core_endpoints_still_200[/api/tasks]" time="0.106" /><testcase classname="backend.tests.test_iter292_regression_smoke" name="test_core_endpoints_still_200[/api/events]" time="0.192" /><testcase classname="backend.tests.test_iter292_regression_smoke" name="test_core_endpoints_still_200[/api/admin/users/directory]" time="0.133" /><testcase classname="backend.tests.test_iter292_regression_smoke" name="test_core_endpoints_still_200[/api/chat/users]" time="0.108" /><testcase classname="backend.tests.test_iter292_regression_smoke" name="test_finance_je_reversal_still_works" time="0.395"><failure message="AssertionError: {&quot;detail&quot;:[{&quot;type&quot;:&quot;missing&quot;,&quot;loc&quot;:[&quot;body&quot;],&quot;msg&quot;:&quot;Field required&quot;,&quot;input&quot;:null,&quot;url&quot;:&quot;https://errors.pydantic.dev/2.12/v/missing&quot;}]}&#10;assert 422 == 200&#10; +  where 422 = &lt;Response [422 Unprocessable Entity]&gt;.status_code">backend/tests/test_iter292_regression_smoke.py:84: in test_finance_je_reversal_still_works
    assert rv.status_code == 200, rv.text[:300]
E   AssertionError: {"detail":[{"type":"missing","loc":["body"],"msg":"Field required","input":null,"url":"https://errors.pydantic.dev/2.12/v/missing"}]}
E   assert 422 == 200
E    +  where 422 = &lt;Response [422 Unprocessable Entity]&gt;.status_code</failure></testcase><testcase classname="backend.tests.test_iter292_regression_smoke" name="test_bill_posts_only_to_unified_ledger" time="0.616" /><testcase classname="backend.tests.test_iter292_bank_finance_migration" name="test_bank_bill_and_payment_post_je" time="1.563"><failure message="AssertionError: 624905.0&#10;assert 624905.0 == 960000.0">backend/tests/test_iter292_bank_finance_migration.py:117: in test_bank_bill_and_payment_post_je
    assert ours["current_balance"] == 960000.0, ours["current_balance"]
E   AssertionError: 624905.0
E   assert 624905.0 == 960000.0</failure></testcase><testcase classname="backend.tests.test_iter292_bank_finance_migration" name="test_recurring_je_posts_via_unified_ledger" time="0.330" /></testsuite></testsuites>