<?xml version="1.0" encoding="utf-8"?><testsuites name="pytest tests"><testsuite name="pytest" errors="0" failures="0" skipped="0" tests="17" time="14.537" timestamp="2026-09-13T06:06:54.725867+00:00" hostname="agent-env-9a9c5984-9441-4d6f-b2b7-adde78cccd8f"><testcase classname="backend.tests.test_iter350_phase345.TestPayPeriods" name="test_pay_periods_shape" time="0.705" /><testcase classname="backend.tests.test_iter350_phase345.TestPayPeriods" name="test_pay_periods_weekly_from_anchor_and_restore" time="0.925" /><testcase classname="backend.tests.test_iter350_phase345.TestTimesheetTemplate" name="test_template_no_wage_or_rate_columns" time="0.480" /><testcase classname="backend.tests.test_iter350_phase345.TestTimesheetTemplate" name="test_template_upload_still_imports" time="0.868" /><testcase classname="backend.tests.test_iter350_phase345.TestTimesheetSubmit" name="test_submit_and_approve" time="0.757" /><testcase classname="backend.tests.test_iter350_phase345.TestBadgelessScan" name="test_scan_by_phone" time="0.665" /><testcase classname="backend.tests.test_iter350_phase345.TestBadgelessScan" name="test_scan_by_app_id" time="0.186" /><testcase classname="backend.tests.test_iter350_phase345.TestBadgelessScan" name="test_scan_junk" time="0.163" /><testcase classname="backend.tests.test_iter350_phase345.TestKioskLookup" name="test_lookup_by_phone_and_id" time="0.556" /><testcase classname="backend.tests.test_iter350_phase345.TestKioskLookup" name="test_lookup_junk" time="0.191" /><testcase classname="backend.tests.test_iter350_phase345.TestKioskLookup" name="test_qr_scan_by_phone" time="0.408" /><testcase classname="backend.tests.test_iter350_phase345.TestSocialCompliance" name="test_compliance_due_sponsored_365" time="0.192" /><testcase classname="backend.tests.test_iter350_phase345.TestSupportTypes" name="test_update_support_arrays" time="0.574" /><testcase classname="backend.tests.test_iter350_phase345.TestSupportTypes" name="test_reject_unknown_value" time="0.155" /><testcase classname="backend.tests.test_iter350_phase345.TestSupportTypes" name="test_reject_non_list" time="0.186" /><testcase classname="backend.tests.test_iter350_phase345.TestSponsorStory" name="test_generate_and_save" time="6.692" /><testcase classname="backend.tests.test_iter350_phase345.TestSponsorStory" name="test_hand_edit_save" time="0.734" /></testsuite></testsuites>