<?xml version="1.0" encoding="utf-8"?><testsuites name="pytest tests"><testsuite name="pytest" errors="0" failures="2" skipped="1" tests="12" time="6.967" timestamp="2026-07-04T12:17:21.353018+00:00" hostname="agent-env-9a9c5984-9441-4d6f-b2b7-adde78cccd8f"><testcase classname="backend.tests.test_iter211_payroll_je_and_repair.TestPayrollJE" name="test_paid_payslip_creates_je_with_non_sales_journal" time="1.988"><failure message="AssertionError: BUG: A payroll JE exists at loc but is_reversed=True and no fresh non-reversed JE was posted. Root cause: _post_to_accounting idempotency check does not filter is_reversed. After aggregation reverses the prior JE, the next _post_to_accounting call short-circuits. reversed_only=['je_45fdbc2571']&#10;assert []">backend/tests/test_iter211_payroll_je_and_repair.py:165: in test_paid_payslip_creates_je_with_non_sales_journal
    assert payroll_entries, (
E   AssertionError: BUG: A payroll JE exists at loc but is_reversed=True and no fresh non-reversed JE was posted. Root cause: _post_to_accounting idempotency check does not filter is_reversed. After aggregation reverses the prior JE, the next _post_to_accounting call short-circuits. reversed_only=['je_45fdbc2571']
E   assert []</failure></testcase><testcase classname="backend.tests.test_iter211_payroll_je_and_repair.TestPayrollJE" name="test_trial_balance_still_balances" time="0.117" /><testcase classname="backend.tests.test_iter211_payroll_je_and_repair.TestPayrollAggregation" name="test_two_payslips_same_day_aggregate_and_reverse_prior_je" time="2.252"><failure message="AssertionError: Expected an active (non-reversed) payroll JE reflecting the new aggregate total&#10;assert []">backend/tests/test_iter211_payroll_je_and_repair.py:232: in test_two_payslips_same_day_aggregate_and_reverse_prior_je
    assert non_reversed, "Expected an active (non-reversed) payroll JE reflecting the new aggregate total"
E   AssertionError: Expected an active (non-reversed) payroll JE reflecting the new aggregate total
E   assert []</failure></testcase><testcase classname="backend.tests.test_iter211_payroll_je_and_repair.TestPayslipOverrides" name="test_override_paid_from_account_and_location" time="0.616" /><testcase classname="backend.tests.test_iter211_payroll_je_and_repair.TestPayslipOverrides" name="test_put_payslip_non_director_forbidden" time="0.217" /><testcase classname="backend.tests.test_iter211_payroll_je_and_repair.TestRepairWrongJournal" name="test_repair_non_admin_forbidden" time="0.098" /><testcase classname="backend.tests.test_iter211_payroll_je_and_repair.TestRepairWrongJournal" name="test_repair_admin_and_idempotent" time="0.203" /><testcase classname="backend.tests.test_iter211_payroll_je_and_repair.TestAutoCreateGLJournal" name="test_new_location_donation_creates_gl_journal" time="0.601"><skipped type="pytest.skip" message="New loc outside admin campus scope; journals endpoint hides it. Verified separately via DB.">/app/backend/tests/test_iter211_payroll_je_and_repair.py:358: New loc outside admin campus scope; journals endpoint hides it. Verified separately via DB.</skipped></testcase><testcase classname="backend.tests.test_iter211_payroll_je_and_repair.TestRegressionRepairs" name="test_repair_orphaned_journals_idempotent" time="0.345" /><testcase classname="backend.tests.test_iter211_payroll_je_and_repair.TestRegressionRepairs" name="test_repair_starting_balances_idempotent" time="0.199" /><testcase classname="backend.tests.test_iter211_payroll_je_and_repair.TestRegressionRepairs" name="test_donors_endpoint_regression" time="0.106" /><testcase classname="backend.tests.test_iter211_payroll_je_and_repair.TestRegressionRepairs" name="test_vendors_endpoint_regression" time="0.114" /></testsuite></testsuites>