<?xml version="1.0" encoding="utf-8"?><testsuites name="pytest tests"><testsuite name="pytest" errors="0" failures="0" skipped="0" tests="13" time="8.560" timestamp="2026-07-06T13:22:49.831701+00:00" hostname="agent-env-9a9c5984-9441-4d6f-b2b7-adde78cccd8f"><testcase classname="backend.tests.test_iter216_p0_routing_bugs.TestUserDirectorySearch" name="test_directory_no_search" time="0.496" /><testcase classname="backend.tests.test_iter216_p0_routing_bugs.TestUserDirectorySearch" name="test_directory_with_search_still_staff_only" time="0.454" /><testcase classname="backend.tests.test_iter216_p0_routing_bugs.TestUserDirectorySearch" name="test_directory_excludes_deleted_users" time="0.669" /><testcase classname="backend.tests.test_iter216_p0_routing_bugs.TestMultiCampusSwitcher" name="test_multi_campus_user_can_switch_and_filter" time="0.891" /><testcase classname="backend.tests.test_iter216_p0_routing_bugs.TestMultiCampusSwitcher" name="test_switch_to_unassigned_campus_403" time="0.818" /><testcase classname="backend.tests.test_iter216_p0_routing_bugs.TestMultiCampusSwitcher" name="test_admin_can_switch_to_any_campus" time="0.204" /><testcase classname="backend.tests.test_iter216_p0_routing_bugs.TestChatUsers" name="test_chat_users_are_staff_active" time="0.106" /><testcase classname="backend.tests.test_iter216_p0_routing_bugs.TestChatUsers" name="test_chat_excludes_deleted_and_member" time="0.905" /><testcase classname="backend.tests.test_iter216_p0_routing_bugs.TestPresenceGhosts" name="test_fake_user_dropped_from_online" time="0.323" /><testcase classname="backend.tests.test_iter216_p0_routing_bugs.TestPresenceGhosts" name="test_deleted_status_user_dropped" time="0.881" /><testcase classname="backend.tests.test_iter216_p0_routing_bugs.TestRestrictedLocations" name="test_regular_user_cannot_see_restricted_expense" time="1.031" /><testcase classname="backend.tests.test_iter216_p0_routing_bugs.TestRestrictedLocations" name="test_assigned_user_can_see_restricted" time="0.798" /><testcase classname="backend.tests.test_iter216_p0_routing_bugs.TestSingleCampusRegression" name="test_single_campus_user_sees_only_their_campus" time="0.926" /></testsuite></testsuites>