<?xml version="1.0" encoding="utf-8"?><testsuites name="pytest tests"><testsuite name="pytest" errors="0" failures="0" skipped="0" tests="9" time="1.229" timestamp="2026-06-29T19:35:35.488322+00:00" hostname="agent-env-9a9c5984-9441-4d6f-b2b7-adde78cccd8f"><testcase classname="backend.tests.test_iter183_scanner_waybill.TestScan" name="test_scan_with_isbn_hits_google_books" time="0.352" /><testcase classname="backend.tests.test_iter183_scanner_waybill.TestScan" name="test_scan_with_upc_hits_openfoodfacts" time="0.620" /><testcase classname="backend.tests.test_iter183_scanner_waybill.TestScan" name="test_scan_with_nothing_rejects" time="0.029" /><testcase classname="backend.tests.test_iter183_scanner_waybill.TestScan" name="test_scan_without_editor_token_unauthorized" time="0.022" /><testcase classname="backend.tests.test_iter183_scanner_waybill.TestExtendedItemModel" name="test_create_item_with_new_fields" time="0.023" /><testcase classname="backend.tests.test_iter183_scanner_waybill.TestExtendedItemModel" name="test_stacking_parent_id" time="0.030" /><testcase classname="backend.tests.test_iter183_scanner_waybill.TestWaybill" name="test_waybill_contains_items_and_totals" time="0.034" /><testcase classname="backend.tests.test_iter183_scanner_waybill.TestWaybill" name="test_public_waybill_requires_pin" time="0.028" /><testcase classname="backend.tests.test_iter183_scanner_waybill.TestWaybill" name="test_public_waybill_query_param_token" time="0.028" /></testsuite></testsuites>