<?xml version="1.0" encoding="utf-8"?><testsuites name="pytest tests"><testsuite name="pytest" errors="0" failures="0" skipped="0" tests="5" time="1.569" timestamp="2026-07-08T06:26:13.540238+00:00" hostname="agent-env-9a9c5984-9441-4d6f-b2b7-adde78cccd8f"><testcase classname="tests.test_iter221_diagnostics_and_edit_whitelist.TestRepairDiagnostics" name="test_dry_run_returns_diagnostics" time="0.654" /><testcase classname="tests.test_iter221_diagnostics_and_edit_whitelist.TestRepairDiagnostics" name="test_apply_returns_diagnostics" time="0.172" /><testcase classname="tests.test_iter221_diagnostics_and_edit_whitelist.TestRepairDiagnostics" name="test_non_admin_forbidden" time="0.100" /><testcase classname="tests.test_iter221_diagnostics_and_edit_whitelist.TestDonationUpdateWhitelist" name="test_update_accepts_sublocation_and_deposit_to" time="0.284" /><testcase classname="tests.test_iter221_diagnostics_and_edit_whitelist.TestExpenseUpdateWhitelist" name="test_update_accepts_vendor_receipt_number_account" time="0.247" /></testsuite></testsuites>