<?xml version="1.0" encoding="utf-8"?><testsuites name="pytest tests"><testsuite name="pytest" errors="0" failures="2" skipped="0" tests="36" time="31.847" timestamp="2026-09-13T16:53:57.594151+00:00" hostname="agent-env-9a9c5984-9441-4d6f-b2b7-adde78cccd8f"><testcase classname="tests.test_iter353_pin_hashing_and_cors.TestNoPlaintextPINs" name="test_users_pin_field_absent" time="0.003" /><testcase classname="tests.test_iter353_pin_hashing_and_cors.TestNoPlaintextPINs" name="test_members_pin_field_absent" time="0.002" /><testcase classname="tests.test_iter353_pin_hashing_and_cors.TestNoPlaintextPINs" name="test_users_guest_pin_field_absent" time="0.001" /><testcase classname="tests.test_iter353_pin_hashing_and_cors.TestNoPlaintextPINs" name="test_test_member_has_digest" time="0.001" /><testcase classname="tests.test_iter353_pin_hashing_and_cors.TestPinSetViaAPI" name="test_member_put_pin_hashes" time="0.273" /><testcase classname="tests.test_iter353_pin_hashing_and_cors.TestPinSetViaAPI" name="test_admin_user_put_pin_hashes" time="0.015" /><testcase classname="tests.test_iter353_pin_hashing_and_cors.TestPinNotReadable" name="test_member_get_no_pin_fields" time="0.006" /><testcase classname="tests.test_iter353_pin_hashing_and_cors.TestPinNotReadable" name="test_member_list_no_pin_fields" time="0.015" /><testcase classname="tests.test_iter353_pin_hashing_and_cors.TestPinNotReadable" name="test_admin_user_directory_no_pin_fields" time="0.008"><failure message="AssertionError: assert 'pin_lookup' not in {'active_campus_id': 'loc_001', 'address': 'Kampala test', 'created_at': '2026-09-05T11:38:49.057758+00:00', 'date_of_birth': '1985-04-12', ...}">E   AssertionError: assert 'pin_lookup' not in {'active_campus_id': 'loc_001', 'address': 'Kampala test', 'created_at': '2026-09-05T11:38:49.057758+00:00', 'date_of_birth': '1985-04-12', ...}</failure></testcase><testcase classname="tests.test_iter353_pin_hashing_and_cors.TestPinFlows" name="test_kiosk_pin_checkin_lookup" time="0.010" /><testcase classname="tests.test_iter353_pin_hashing_and_cors.TestPinFlows" name="test_kiosk_pin_checkin_wrong_pin_404" time="0.011" /><testcase classname="tests.test_iter353_pin_hashing_and_cors.TestPinFlows" name="test_staff_pin_checkin" time="0.009" /><testcase classname="tests.test_iter353_pin_hashing_and_cors.TestPinFlows" name="test_staff_pin_checkin_wrong" time="0.009" /><testcase classname="tests.test_iter353_pin_hashing_and_cors.TestPinFlows" name="test_kiosk_unlock_ok" time="0.008" /><testcase classname="tests.test_iter353_pin_hashing_and_cors.TestPinFlows" name="test_kiosk_unlock_wrong" time="0.006" /><testcase classname="tests.test_iter353_pin_hashing_and_cors.TestPinFlows" name="test_qr_scan_pin_resolves" time="0.007" /><testcase classname="tests.test_iter353_pin_hashing_and_cors.TestPinEditSemantics" name="test_dedicated_user_pin_stored_as_digest" time="0.262" /><testcase classname="tests.test_iter353_pin_hashing_and_cors.TestPinEditSemantics" name="test_admin_unrelated_field_preserves_pin" time="0.028" /><testcase classname="tests.test_iter353_pin_hashing_and_cors.TestPinEditSemantics" name="test_admin_empty_pin_preserves" time="0.017" /><testcase classname="tests.test_iter353_pin_hashing_and_cors.TestPinEditSemantics" name="test_admin_clear_pin_removes" time="0.030" /><testcase classname="tests.test_iter353_pin_hashing_and_cors.TestPinEditSemantics" name="test_member_unrelated_field_preserves" time="0.019" /><testcase classname="tests.test_iter353_pin_hashing_and_cors.TestPinEditSemantics" name="test_member_empty_pin_preserves" time="0.016" /><testcase classname="tests.test_iter353_pin_hashing_and_cors.TestPinEditSemantics" name="test_member_clear_pin_and_restore" time="0.016"><failure message="assert 200 == 404&#10; +  where 200 = &lt;Response [200]&gt;.status_code">E   assert 200 == 404
     +  where 200 = &lt;Response [200]&gt;.status_code</failure></testcase><testcase classname="tests.test_iter353_pin_hashing_and_cors.TestVisitorRegister" name="test_visitor_register_hashes" time="0.257" /><testcase classname="tests.test_iter353_pin_hashing_and_cors.TestSupervisorOverridePinAuth" name="test_pin_digest_resolves_a_privileged_user" time="0.002" /><testcase classname="tests.test_iter353_pin_hashing_and_cors.TestSupervisorOverridePinAuth" name="test_wrong_pin_does_not_match" time="0.002" /><testcase classname="tests.test_iter353_pin_hashing_and_cors.TestCorsAllowlistAPI" name="test_seeded_origins_present" time="0.010" /><testcase classname="tests.test_iter353_pin_hashing_and_cors.TestCorsAllowlistAPI" name="test_invalid_wildcard_rejected" time="0.015" /><testcase classname="tests.test_iter353_pin_hashing_and_cors.TestCorsAllowlistAPI" name="test_invalid_not_a_domain_rejected" time="0.010" /><testcase classname="tests.test_iter353_pin_hashing_and_cors.TestCorsAllowlistAPI" name="test_non_list_rejected" time="0.008" /><testcase classname="tests.test_iter353_pin_hashing_and_cors.TestCorsAllowlistAPI" name="test_bare_host_normalised_and_dedup" time="0.026" /><testcase classname="tests.test_iter353_pin_hashing_and_cors.TestCorsAllowlistAPI" name="test_non_admin_cannot_put" time="0.262" /><testcase classname="tests.test_iter353_pin_hashing_and_cors.TestCorsPreflight" name="test_admin_managed_origin_allowed" time="0.002" /><testcase classname="tests.test_iter353_pin_hashing_and_cors.TestCorsPreflight" name="test_builtin_regex_origin_allowed" time="0.002" /><testcase classname="tests.test_iter353_pin_hashing_and_cors.TestCorsPreflight" name="test_unknown_origin_rejected" time="0.002" /><testcase classname="tests.test_iter353_pin_hashing_and_cors.TestCorsPreflight" name="test_new_origin_goes_live_within_70s" time="30.067" /></testsuite></testsuites>