<?xml version="1.0" encoding="utf-8"?><testsuites name="pytest tests"><testsuite name="pytest" errors="0" failures="0" skipped="0" tests="10" time="0.809" timestamp="2026-06-27T22:52:28.435106+00:00" hostname="agent-env-9a9c5984-9441-4d6f-b2b7-adde78cccd8f"><testcase classname="backend.tests.test_iter180_queues_recording.TestRecordingSettings" name="test_get_defaults" time="0.257" /><testcase classname="backend.tests.test_iter180_queues_recording.TestRecordingSettings" name="test_put_and_round_trip" time="0.016" /><testcase classname="backend.tests.test_iter180_queues_recording.TestRecordingSettings" name="test_put_bad_format_rejected" time="0.005" /><testcase classname="backend.tests.test_iter180_queues_recording.TestExtensionRecordingAndSkills" name="test_create_with_recording_and_skills" time="0.021" /><testcase classname="backend.tests.test_iter180_queues_recording.TestQueuesCRUD" name="test_full_lifecycle" time="0.034" /><testcase classname="backend.tests.test_iter180_queues_recording.TestQueuesCRUD" name="test_inbound_route_accepts_queue_destination" time="0.029" /><testcase classname="backend.tests.test_iter180_queues_recording.TestDialplanRendering" name="test_mixmonitor_emitted_for_recording_extension" time="0.027" /><testcase classname="backend.tests.test_iter180_queues_recording.TestDialplanRendering" name="test_queues_conf_skill_filtering" time="0.239" /><testcase classname="backend.tests.test_iter180_queues_recording.TestRecordingAttach" name="test_attach_url_and_purge" time="0.114" /><testcase classname="backend.tests.test_iter180_queues_recording.TestRecordingAttach" name="test_attach_400_when_url_missing" time="0.006" /></testsuite></testsuites>