<?xml version="1.0" encoding="utf-8"?><testsuites name="pytest tests"><testsuite name="pytest" errors="0" failures="0" skipped="0" tests="15" time="4.296" timestamp="2026-06-01T13:32:02.338580+00:00" hostname="agent-env-9a9c5984-9441-4d6f-b2b7-adde78cccd8f"><testcase classname="backend.tests.test_iteration158_members_refactor.TestMembersCore" name="test_list_members" time="0.669" /><testcase classname="backend.tests.test_iteration158_members_refactor.TestMembersCore" name="test_pending" time="0.121" /><testcase classname="backend.tests.test_iteration158_members_refactor.TestMembersCore" name="test_create_get_update_delete_member" time="0.679" /><testcase classname="backend.tests.test_iteration158_members_refactor.TestFamilies" name="test_list_families" time="0.112" /><testcase classname="backend.tests.test_iteration158_members_refactor.TestFamilies" name="test_create_get_delete_family" time="0.332" /><testcase classname="backend.tests.test_iteration158_members_refactor.TestChildren" name="test_list_children" time="0.121" /><testcase classname="backend.tests.test_iteration158_members_refactor.TestChildren" name="test_create_full_profile_delete_child" time="0.460" /><testcase classname="backend.tests.test_iteration158_members_refactor.TestGuests" name="test_list_guests" time="0.112" /><testcase classname="backend.tests.test_iteration158_members_refactor.TestGuests" name="test_create_delete_guest" time="0.229" /><testcase classname="backend.tests.test_iteration158_members_refactor.TestBadges" name="test_list_badges" time="0.111" /><testcase classname="backend.tests.test_iteration158_members_refactor.TestBadges" name="test_badges_list_wallet" time="0.153" /><testcase classname="backend.tests.test_iteration158_members_refactor.TestNFC" name="test_member_nfc_tags_listable" time="0.236" /><testcase classname="backend.tests.test_iteration158_members_refactor.TestNFC" name="test_nfc_verify_bogus_returns_4xx" time="0.098" /><testcase classname="backend.tests.test_iteration158_members_refactor.TestProfilePDF" name="test_profile_pdf_for_first_member" time="0.659" /><testcase classname="backend.tests.test_iteration158_members_refactor.TestBrandingRegression" name="test_public_branding" time="0.127" /></testsuite></testsuites>