<?xml version="1.0" encoding="utf-8"?><testsuites name="pytest tests"><testsuite name="pytest" errors="0" failures="0" skipped="0" tests="16" time="5.280" timestamp="2026-09-19T19:06:37.091265+00:00" hostname="agent-env-9a9c5984-9441-4d6f-b2b7-adde78cccd8f"><testcase classname="backend.tests.test_iter363_household_and_people_search" name="test_people_suggest" time="0.298" /><testcase classname="backend.tests.test_iter363_household_and_people_search" name="test_portal_suggest_is_thin" time="0.009" /><testcase classname="backend.tests.test_iter363_household_and_people_search" name="test_linking_a_spouse" time="0.021" /><testcase classname="backend.tests.test_iter363_household_and_people_search" name="test_family_detail_exposes_one_household" time="0.007" /><testcase classname="backend.tests.test_iter363_household_and_people_search" name="test_add_a_brand_new_person" time="0.027" /><testcase classname="backend.tests.test_iter363_household_and_people_search" name="test_members_can_be_grouped_by_family" time="0.008" /><testcase classname="backend.tests.test_iter363_household_and_people_search" name="test_kiosk_offers_the_whole_household" time="0.011" /><testcase classname="backend.tests.test_iter363_household_and_people_search" name="test_kiosk_checks_in_the_people_tapped" time="0.034" /><testcase classname="backend.tests.test_iter363_extra_coverage" name="test_people_suggest_requires_staff_role" time="0.547" /><testcase classname="backend.tests.test_iter363_extra_coverage" name="test_portal_suggest_open_to_member_and_is_thin" time="0.133" /><testcase classname="backend.tests.test_iter363_extra_coverage" name="test_regex_unsafe_and_single_char" time="0.654" /><testcase classname="backend.tests.test_iter363_extra_coverage" name="test_portal_add_linked_guardian_awaits_approval" time="1.015" /><testcase classname="backend.tests.test_iter363_extra_coverage" name="test_portal_add_new_person_creates_pending_profile" time="0.590" /><testcase classname="backend.tests.test_iter363_extra_coverage" name="test_same_household_admin_portal_kiosk" time="0.425" /><testcase classname="backend.tests.test_iter363_extra_coverage" name="test_kiosk_pin_lookup_household_has_no_pii" time="0.314" /><testcase classname="backend.tests.test_iter363_extra_coverage" name="test_family_caps_and_basic_crud" time="1.119" /></testsuite></testsuites>