<?xml version="1.0" encoding="utf-8"?><testsuites name="pytest tests"><testsuite name="pytest" errors="0" failures="0" skipped="0" tests="12" time="7.422" timestamp="2026-06-28T05:13:29.284425+00:00" hostname="agent-env-9a9c5984-9441-4d6f-b2b7-adde78cccd8f"><testcase classname="backend.tests.test_iter182_extensions_v2.TestAutoSync" name="test_create_user_autoprovisions_extension" time="1.190" /><testcase classname="backend.tests.test_iter182_extensions_v2.TestAutoSync" name="test_member_role_not_autoprovisioned" time="0.896" /><testcase classname="backend.tests.test_iter182_extensions_v2.TestTrunkExtras" name="test_registrar_and_fxo_fields_round_trip" time="0.318" /><testcase classname="backend.tests.test_iter182_extensions_v2.TestExtensionExtras" name="test_max_contacts_unlimited" time="0.319" /><testcase classname="backend.tests.test_iter182_extensions_v2.TestExtensionExtras" name="test_forwarding_number_in_dialplan" time="0.748" /><testcase classname="backend.tests.test_iter182_extensions_v2.TestExtensionExtras" name="test_fax_extension_emits_receivefax" time="0.580" /><testcase classname="backend.tests.test_iter182_extensions_v2.TestPriorities" name="test_queue_priorities_emit_penalties" time="0.972" /><testcase classname="backend.tests.test_iter182_extensions_v2.TestQueueFallback" name="test_queue_destination_emits_fallback" time="0.998" /><testcase classname="backend.tests.test_iter182_extensions_v2.TestContactGroupsAndBLF" name="test_contact_group_crud" time="0.424" /><testcase classname="backend.tests.test_iter182_extensions_v2.TestContactGroupsAndBLF" name="test_extension_group_crud" time="0.479" /><testcase classname="backend.tests.test_iter182_extensions_v2.TestContactGroupsAndBLF" name="test_blf_peers_admin" time="0.103" /><testcase classname="backend.tests.test_iter182_extensions_v2.TestRegisteredContacts" name="test_contacts_endpoint_returns_empty_in_preview" time="0.333" /></testsuite></testsuites>