<?xml version="1.0" encoding="utf-8"?><testsuites name="pytest tests"><testsuite name="pytest" errors="0" failures="0" skipped="0" tests="15" time="5.272" timestamp="2026-06-16T02:20:40.735074+00:00" hostname="agent-env-9a9c5984-9441-4d6f-b2b7-adde78cccd8f"><testcase classname="backend.tests.test_social_reviews_iter168" name="test_templates_files_exist" time="0.000" /><testcase classname="backend.tests.test_social_reviews_iter168" name="test_school_template_pdf_serves" time="1.210" /><testcase classname="backend.tests.test_social_reviews_iter168" name="test_welfare_template_pdf_serves" time="0.436" /><testcase classname="backend.tests.test_social_reviews_iter168" name="test_template_html_contains_org_branding" time="0.000" /><testcase classname="backend.tests.test_social_reviews_iter168" name="test_upload_scan_unsupported_mime" time="0.204" /><testcase classname="backend.tests.test_social_reviews_iter168" name="test_upload_scan_oversize" time="0.783" /><testcase classname="backend.tests.test_social_reviews_iter168" name="test_upload_scan_no_ocr" time="0.307" /><testcase classname="backend.tests.test_social_reviews_iter168" name="test_upload_scan_pdf_skips_ocr" time="0.245" /><testcase classname="backend.tests.test_social_reviews_iter168" name="test_upload_scan_invalid_kind" time="0.103" /><testcase classname="backend.tests.test_social_reviews_iter168" name="test_compliance_due_shape" time="0.254" /><testcase classname="backend.tests.test_social_reviews_iter168" name="test_compliance_due_threshold_param" time="0.119" /><testcase classname="backend.tests.test_social_reviews_iter168" name="test_case_list_protection_enrichment" time="0.442" /><testcase classname="backend.tests.test_social_reviews_iter168" name="test_template_hot_reload" time="0.605" /><testcase classname="backend.tests.test_social_reviews_iter168" name="test_upload_scan_requires_auth" time="0.163" /><testcase classname="backend.tests.test_social_reviews_iter168" name="test_compliance_due_requires_auth" time="0.343" /></testsuite></testsuites>