<?xml version="1.0" encoding="utf-8"?><testsuites name="pytest tests"><testsuite name="pytest" errors="0" failures="0" skipped="0" tests="4" time="1.284" timestamp="2026-06-01T12:54:23.824158+00:00" hostname="agent-env-9a9c5984-9441-4d6f-b2b7-adde78cccd8f"><testcase classname="backend.tests.test_iteration157_branding" name="test_public_endpoint_no_auth_exposes_branding" time="0.506" /><testcase classname="backend.tests.test_iteration157_branding" name="test_admin_writes_branding_and_public_reflects_it" time="0.234" /><testcase classname="backend.tests.test_iteration157_branding" name="test_non_admin_cannot_write_branding" time="0.118" /><testcase classname="backend.tests.test_iteration157_branding" name="test_partial_update_preserves_other_branding_fields" time="0.371" /></testsuite></testsuites>