<?xml version="1.0" encoding="utf-8"?><testsuites name="pytest tests"><testsuite name="pytest" errors="0" failures="0" skipped="0" tests="18" time="6.079" timestamp="2026-07-07T11:37:25.425890+00:00" hostname="agent-env-9a9c5984-9441-4d6f-b2b7-adde78cccd8f"><testcase classname="tests.test_iter220_self_service_and_seed_bulk.TestSeedBulk" name="test_seed_bulk_admin" time="0.628" /><testcase classname="tests.test_iter220_self_service_and_seed_bulk.TestSeedBulk" name="test_seed_bulk_idempotent" time="0.106" /><testcase classname="tests.test_iter220_self_service_and_seed_bulk.TestSeedBulk" name="test_seed_bulk_bad_body" time="0.104" /><testcase classname="tests.test_iter220_self_service_and_seed_bulk.TestSeedBulk" name="test_seed_bulk_non_admin_forbidden" time="0.893" /><testcase classname="tests.test_iter220_self_service_and_seed_bulk.TestDonationSelfService" name="test_creator_within_window_can_edit" time="0.361" /><testcase classname="tests.test_iter220_self_service_and_seed_bulk.TestDonationSelfService" name="test_creator_within_window_can_delete" time="0.209" /><testcase classname="tests.test_iter220_self_service_and_seed_bulk.TestDonationSelfService" name="test_non_creator_denied" time="0.916" /><testcase classname="tests.test_iter220_self_service_and_seed_bulk.TestDonationSelfService" name="test_past_window_denied" time="0.210" /><testcase classname="tests.test_iter220_self_service_and_seed_bulk.TestDonationSelfService" name="test_admin_bypass" time="0.328" /><testcase classname="tests.test_iter220_self_service_and_seed_bulk.TestDonationSelfService" name="test_malformed_created_at_denied_for_non_admin" time="0.255" /><testcase classname="tests.test_iter220_self_service_and_seed_bulk.TestDonationSelfService" name="test_missing_created_at_denied" time="0.215" /><testcase classname="tests.test_iter220_self_service_and_seed_bulk.TestDonationSelfService" name="test_future_created_at_still_allowed_within_window" time="0.235" /><testcase classname="tests.test_iter220_self_service_and_seed_bulk.TestExpenseSelfService" name="test_creator_within_window_can_edit" time="0.210" /><testcase classname="tests.test_iter220_self_service_and_seed_bulk.TestExpenseSelfService" name="test_creator_within_window_can_delete" time="0.213" /><testcase classname="tests.test_iter220_self_service_and_seed_bulk.TestExpenseSelfService" name="test_non_creator_denied" time="0.324" /><testcase classname="tests.test_iter220_self_service_and_seed_bulk.TestExpenseSelfService" name="test_past_window_denied" time="0.324" /><testcase classname="tests.test_iter220_self_service_and_seed_bulk.TestExpenseSelfService" name="test_admin_bypass" time="0.306" /><testcase classname="tests.test_iter220_self_service_and_seed_bulk.TestExpenseSelfService" name="test_update_non_existent" time="0.103" /></testsuite></testsuites>