<?xml version="1.0" encoding="utf-8"?><testsuites name="pytest tests"><testsuite name="pytest" errors="0" failures="0" skipped="0" tests="16" time="4.836" timestamp="2026-07-02T01:56:52.147403+00:00" hostname="agent-env-9a9c5984-9441-4d6f-b2b7-adde78cccd8f"><testcase classname="backend.tests.test_iter204_finance_edit_delete_and_pos_autotag.TestAccountingCoAEditDelete" name="test_coa_edit_and_persist" time="0.759" /><testcase classname="backend.tests.test_iter204_finance_edit_delete_and_pos_autotag.TestAccountingCoAEditDelete" name="test_coa_delete_with_lines_deactivates" time="0.346" /><testcase classname="backend.tests.test_iter204_finance_edit_delete_and_pos_autotag.TestAccountingCoAEditDelete" name="test_journal_edit_and_delete" time="0.182" /><testcase classname="backend.tests.test_iter204_finance_edit_delete_and_pos_autotag.TestAccountingCoAEditDelete" name="test_tax_edit_and_delete" time="0.141" /><testcase classname="backend.tests.test_iter204_finance_edit_delete_and_pos_autotag.TestChartAccountsEditDelete" name="test_edit_and_starting_balance_recompute" time="0.155" /><testcase classname="backend.tests.test_iter204_finance_edit_delete_and_pos_autotag.TestChartAccountsEditDelete" name="test_delete_no_txn_hard_deletes" time="0.096" /><testcase classname="backend.tests.test_iter204_finance_edit_delete_and_pos_autotag.TestChartAccountsEditDelete" name="test_delete_with_txn_archives" time="0.213" /><testcase classname="backend.tests.test_iter204_finance_edit_delete_and_pos_autotag.TestPOSAutoTagDefaults" name="test_default_cash_autotags_cash_sale" time="0.364" /><testcase classname="backend.tests.test_iter204_finance_edit_delete_and_pos_autotag.TestPOSAutoTagDefaults" name="test_default_bank_for_card_sale" time="0.397" /><testcase classname="backend.tests.test_iter204_finance_edit_delete_and_pos_autotag.TestPOSAutoTagDefaults" name="test_default_momo_for_mobile_money" time="0.304" /><testcase classname="backend.tests.test_iter204_finance_edit_delete_and_pos_autotag.TestPOSAutoTagDefaults" name="test_bank_falls_back_to_cash_if_no_bank_default" time="0.320" /><testcase classname="backend.tests.test_iter204_finance_edit_delete_and_pos_autotag.TestPOSAutoTagDefaults" name="test_explicit_deposit_wins" time="0.426" /><testcase classname="backend.tests.test_iter204_finance_edit_delete_and_pos_autotag.TestBatchBalanceAccuracy" name="test_list_balances_match_single_gets" time="0.678" /><testcase classname="backend.tests.test_iter204_finance_edit_delete_and_pos_autotag.TestStoreSettingsDefaults" name="test_default_keys_present_for_new_location" time="0.045" /><testcase classname="backend.tests.test_iter204_finance_edit_delete_and_pos_autotag.TestRegressionOptionalAccountFields" name="test_expense_without_paid_from" time="0.095" /><testcase classname="backend.tests.test_iter204_finance_edit_delete_and_pos_autotag.TestRegressionOptionalAccountFields" name="test_donation_without_deposit_to" time="0.221" /></testsuite></testsuites>