<?xml version="1.0" encoding="utf-8"?><testsuites name="pytest tests"><testsuite name="pytest" errors="0" failures="0" skipped="0" tests="32" time="3.455" timestamp="2026-05-29T09:56:27.731928+00:00" hostname="agent-env-9a9c5984-9441-4d6f-b2b7-adde78cccd8f"><testcase classname="tests.test_smoke_recent_modules.TestApprovals" name="test_workflow_crud_cycle" time="0.250" /><testcase classname="tests.test_smoke_recent_modules.TestApprovals" name="test_request_flow_admin_overrides_manager_step" time="0.030" /><testcase classname="tests.test_smoke_recent_modules.TestHrLeave" name="test_leave_types_defaults" time="0.005" /><testcase classname="tests.test_smoke_recent_modules.TestHrLeave" name="test_leave_request_lifecycle" time="0.031" /><testcase classname="tests.test_smoke_recent_modules.TestHrLeave" name="test_leave_validation_end_before_start" time="0.005" /><testcase classname="tests.test_smoke_recent_modules.TestHrReimbursement" name="test_reimbursement_lifecycle" time="0.022" /><testcase classname="tests.test_smoke_recent_modules.TestHrReimbursement" name="test_reimbursement_negative_amount_rejected" time="0.004" /><testcase classname="tests.test_smoke_recent_modules.TestHrAttendance" name="test_clock_in_idempotency_then_out" time="0.023" /><testcase classname="tests.test_smoke_recent_modules.TestAccounting" name="test_coa_seed_idempotent" time="0.023" /><testcase classname="tests.test_smoke_recent_modules.TestAccounting" name="test_balanced_entry_create_and_post" time="0.038" /><testcase classname="tests.test_smoke_recent_modules.TestAccounting" name="test_unbalanced_entry_rejected" time="0.020" /><testcase classname="tests.test_smoke_recent_modules.TestAccounting" name="test_trial_balance_reconciles" time="0.009" /><testcase classname="tests.test_smoke_recent_modules.TestSaleDiscountApproval" name="test_high_discount_spawns_approval_and_locks_payment" time="0.040" /><testcase classname="tests.test_smoke_recent_modules.TestPaymentReminders" name="test_history_endpoint_responds" time="0.005" /><testcase classname="tests.test_smoke_recent_modules.TestFinancialToAccounting" name="test_donation_auto_posts_to_ledger" time="0.043" /><testcase classname="tests.test_smoke_recent_modules.TestFinancialToAccounting" name="test_expense_approval_auto_posts_to_ledger" time="0.040" /><testcase classname="tests.test_iteration116_activity_pdf_export.TestActivityGetRegression" name="test_get_activity_member" time="0.732" /><testcase classname="tests.test_iteration116_activity_pdf_export.TestExportJSONEnvelope" name="test_default_format_is_json" time="0.109" /><testcase classname="tests.test_iteration116_activity_pdf_export.TestExportJSONEnvelope" name="test_explicit_format_json" time="0.105" /><testcase classname="tests.test_iteration116_activity_pdf_export.TestExportPDFAllKinds" name="test_pdf_export[member]" time="0.183" /><testcase classname="tests.test_iteration116_activity_pdf_export.TestExportPDFAllKinds" name="test_pdf_export[child]" time="0.167" /><testcase classname="tests.test_iteration116_activity_pdf_export.TestExportPDFAllKinds" name="test_pdf_export[user]" time="0.179" /><testcase classname="tests.test_iteration116_activity_pdf_export.TestExportPDFAllKinds" name="test_pdf_export[guest]" time="0.164" /><testcase classname="tests.test_iteration116_activity_pdf_export.TestExportPDFAllKinds" name="test_pdf_export[customer]" time="0.189" /><testcase classname="tests.test_iteration116_activity_pdf_export.TestPDFBodyContains" name="test_pdf_contains_name_and_heading" time="0.232" /><testcase classname="tests.test_iteration116_activity_pdf_export.TestSyntheticCustomerFallback" name="test_synthetic_customer_pdf_200" time="0.191" /><testcase classname="tests.test_iteration116_activity_pdf_export.TestSyntheticCustomerFallback" name="test_synthetic_customer_pdf_body_has_heading_and_name" time="0.124" /><testcase classname="tests.test_iteration116_activity_pdf_export.TestSyntheticCustomerFallback" name="test_synthetic_customer_json_200" time="0.057" /><testcase classname="tests.test_iteration116_activity_pdf_export.TestExportUnknownId" name="test_unknown_member_returns_404" time="0.052" /><testcase classname="tests.test_iteration116_activity_pdf_export.TestExportUnknownId" name="test_unknown_member_json_returns_404" time="0.051" /><testcase classname="tests.test_iteration116_activity_pdf_export.TestExportUnknownId" name="test_invalid_kind_returns_400" time="0.053" /><testcase classname="tests.test_iteration116_activity_pdf_export.TestExportMatchesRead" name="test_export_activity_matches_read_count_shape" time="0.206" /></testsuite></testsuites>