<?xml version="1.0" encoding="utf-8"?><testsuites name="pytest tests"><testsuite name="pytest" errors="0" failures="0" skipped="0" tests="30" time="8.289" timestamp="2026-07-08T08:41:07.812153+00:00" hostname="agent-env-9a9c5984-9441-4d6f-b2b7-adde78cccd8f"><testcase classname="tests.test_iter222_location_scope.TestExpandLocationScope" name="test_sub_location_returns_parent_entries" time="0.576" /><testcase classname="tests.test_iter222_location_scope.TestExpandLocationScope" name="test_parent_campus_returns_children_and_own" time="0.047" /><testcase classname="tests.test_iter222_location_scope.TestExpandLocationScope" name="test_accounts_merged_for_sub_and_parent" time="0.093" /><testcase classname="tests.test_iter222_location_scope.TestExpandLocationScope" name="test_isolated_location_returns_only_own_data" time="0.046" /><testcase classname="tests.test_iter222_location_scope.TestExpandLocationScope" name="test_no_location_id_regression" time="0.053" /><testcase classname="tests.test_iter222_location_scope.TestExpandLocationScope" name="test_cashflow_endpoint_respects_scope" time="0.109" /><testcase classname="tests.test_iter222_location_scope.TestExpandLocationScope" name="test_pl_and_bs_inherit_fix" time="0.204" /><testcase classname="tests.test_iter221_diagnostics_and_edit_whitelist.TestRepairDiagnostics" name="test_dry_run_returns_diagnostics" time="0.494" /><testcase classname="tests.test_iter221_diagnostics_and_edit_whitelist.TestRepairDiagnostics" name="test_apply_returns_diagnostics" time="0.130" /><testcase classname="tests.test_iter221_diagnostics_and_edit_whitelist.TestRepairDiagnostics" name="test_non_admin_forbidden" time="0.098" /><testcase classname="tests.test_iter221_diagnostics_and_edit_whitelist.TestDonationUpdateWhitelist" name="test_update_accepts_sublocation_and_deposit_to" time="0.274" /><testcase classname="tests.test_iter221_diagnostics_and_edit_whitelist.TestExpenseUpdateWhitelist" name="test_update_accepts_vendor_receipt_number_account" time="0.258" /><testcase classname="tests.test_iter220_self_service_and_seed_bulk.TestSeedBulk" name="test_seed_bulk_admin" time="0.453" /><testcase classname="tests.test_iter220_self_service_and_seed_bulk.TestSeedBulk" name="test_seed_bulk_idempotent" time="0.118" /><testcase classname="tests.test_iter220_self_service_and_seed_bulk.TestSeedBulk" name="test_seed_bulk_bad_body" time="0.104" /><testcase classname="tests.test_iter220_self_service_and_seed_bulk.TestSeedBulk" name="test_seed_bulk_non_admin_forbidden" time="0.908" /><testcase classname="tests.test_iter220_self_service_and_seed_bulk.TestDonationSelfService" name="test_creator_within_window_can_edit" time="0.362" /><testcase classname="tests.test_iter220_self_service_and_seed_bulk.TestDonationSelfService" name="test_creator_within_window_can_delete" time="0.219" /><testcase classname="tests.test_iter220_self_service_and_seed_bulk.TestDonationSelfService" name="test_non_creator_denied" time="0.937" /><testcase classname="tests.test_iter220_self_service_and_seed_bulk.TestDonationSelfService" name="test_past_window_denied" time="0.206" /><testcase classname="tests.test_iter220_self_service_and_seed_bulk.TestDonationSelfService" name="test_admin_bypass" time="0.361" /><testcase classname="tests.test_iter220_self_service_and_seed_bulk.TestDonationSelfService" name="test_malformed_created_at_denied_for_non_admin" time="0.211" /><testcase classname="tests.test_iter220_self_service_and_seed_bulk.TestDonationSelfService" name="test_missing_created_at_denied" time="0.222" /><testcase classname="tests.test_iter220_self_service_and_seed_bulk.TestDonationSelfService" name="test_future_created_at_still_allowed_within_window" time="0.212" /><testcase classname="tests.test_iter220_self_service_and_seed_bulk.TestExpenseSelfService" name="test_creator_within_window_can_edit" time="0.204" /><testcase classname="tests.test_iter220_self_service_and_seed_bulk.TestExpenseSelfService" name="test_creator_within_window_can_delete" time="0.207" /><testcase classname="tests.test_iter220_self_service_and_seed_bulk.TestExpenseSelfService" name="test_non_creator_denied" time="0.310" /><testcase classname="tests.test_iter220_self_service_and_seed_bulk.TestExpenseSelfService" name="test_past_window_denied" time="0.303" /><testcase classname="tests.test_iter220_self_service_and_seed_bulk.TestExpenseSelfService" name="test_admin_bypass" time="0.307" /><testcase classname="tests.test_iter220_self_service_and_seed_bulk.TestExpenseSelfService" name="test_update_non_existent" time="0.117" /></testsuite></testsuites>