<?xml version="1.0" encoding="utf-8"?><testsuites name="pytest tests"><testsuite name="pytest" errors="0" failures="0" skipped="0" tests="10" time="3.026" timestamp="2026-09-05T17:31:38.119883+00:00" hostname="agent-env-9a9c5984-9441-4d6f-b2b7-adde78cccd8f"><testcase classname="backend.tests.test_iter293_review_queue_fx_pdf" name="test_review_queue_list" time="0.794" /><testcase classname="backend.tests.test_iter293_review_queue_fx_pdf" name="test_receipt_scan_creates_draft_je_in_queue" time="0.784" /><testcase classname="backend.tests.test_iter293_review_queue_fx_pdf" name="test_approve_nonexistent_returns_404" time="0.131" /><testcase classname="backend.tests.test_iter293_review_queue_fx_pdf" name="test_reports_pdf_no_fx" time="0.233" /><testcase classname="backend.tests.test_iter293_review_queue_fx_pdf" name="test_reports_pdf_with_fx" time="0.392" /><testcase classname="backend.tests.test_iter293_review_queue_fx_pdf" name="test_hr_payday_generate" time="0.140" /><testcase classname="backend.tests.test_iter293_review_queue_fx_pdf" name="test_finance_journal" time="0.115" /><testcase classname="backend.tests.test_iter293_review_queue_fx_pdf" name="test_finance_coa" time="0.125" /><testcase classname="backend.tests.test_iter293_review_queue_fx_pdf" name="test_finance_pnl" time="0.103" /><testcase classname="backend.tests.test_iter293_review_queue_fx_pdf" name="test_locations_have_or_can_have_sublocation" time="0.151" /></testsuite></testsuites>