<?xml version="1.0" encoding="utf-8"?><testsuites name="pytest tests"><testsuite name="pytest" errors="0" failures="1" skipped="0" tests="16" time="67.489" timestamp="2026-09-12T16:04:39.657874+00:00" hostname="agent-env-9a9c5984-9441-4d6f-b2b7-adde78cccd8f"><testcase classname="backend.tests.test_iter345_finance_po_badge_upload" name="test_finance_report_kinds[pnl]" time="0.603" /><testcase classname="backend.tests.test_iter345_finance_po_badge_upload" name="test_finance_report_kinds[balance-sheet]" time="0.150" /><testcase classname="backend.tests.test_iter345_finance_po_badge_upload" name="test_finance_report_kinds[trial-balance]" time="0.126" /><testcase classname="backend.tests.test_iter345_finance_po_badge_upload" name="test_finance_report_kinds[cashflow]" time="0.127" /><testcase classname="backend.tests.test_iter345_finance_po_badge_upload" name="test_reports_summary" time="0.149" /><testcase classname="backend.tests.test_iter345_finance_po_badge_upload" name="test_report_builder_lifecycle[members]" time="0.651" /><testcase classname="backend.tests.test_iter345_finance_po_badge_upload" name="test_report_builder_lifecycle[financial]" time="2.215" /><testcase classname="backend.tests.test_iter345_finance_po_badge_upload" name="test_report_builder_lifecycle[events]" time="0.535" /><testcase classname="backend.tests.test_iter345_finance_po_badge_upload" name="test_report_builder_lifecycle[attendance]" time="0.572" /><testcase classname="backend.tests.test_iter345_finance_po_badge_upload" name="test_report_builder_lifecycle[custom]" time="0.601" /><testcase classname="backend.tests.test_iter345_finance_po_badge_upload" name="test_coa_ledger_ok" time="0.260" /><testcase classname="backend.tests.test_iter345_finance_po_badge_upload" name="test_coa_ledger_404" time="0.119" /><testcase classname="backend.tests.test_iter345_finance_po_badge_upload" name="test_po_edit_recompute_totals" time="0.253" /><testcase classname="backend.tests.test_iter345_finance_po_badge_upload" name="test_po_pdf" time="0.571" /><testcase classname="backend.tests.test_iter345_finance_po_badge_upload" name="test_receipt_scan_upload" time="60.144"><failure message="AssertionError: scan status 502: &lt;!DOCTYPE html&gt;&#10;  &lt;!--[if lt IE 7]&gt; &lt;html class=&quot;no-js ie6 oldie&quot; lang=&quot;en-US&quot;&gt; &lt;![endif]--&gt;&#10;  &lt;!--[if IE 7]&gt;    &lt;html class=&quot;no-js ie7 oldie&quot; lang=&quot;en-US&quot;&gt; &lt;![endif]--&gt;&#10;  &lt;!--[if IE 8]&gt;    &lt;html class=&quot;no-&#10;assert 502 in (200, 201, 400, 422)&#10; +  where 502 = &lt;Response [502]&gt;.status_code">backend/tests/test_iter345_finance_po_badge_upload.py:134: in test_receipt_scan_upload
    assert r.status_code in (200, 201, 400, 422), f"scan status {r.status_code}: {r.text[:200]}"
E   AssertionError: scan status 502: &lt;!DOCTYPE html&gt;
E     &lt;!--[if lt IE 7]&gt; &lt;html class="no-js ie6 oldie" lang="en-US"&gt; &lt;![endif]--&gt;
E     &lt;!--[if IE 7]&gt;    &lt;html class="no-js ie7 oldie" lang="en-US"&gt; &lt;![endif]--&gt;
E     &lt;!--[if IE 8]&gt;    &lt;html class="no-
E   assert 502 in (200, 201, 400, 422)
E    +  where 502 = &lt;Response [502]&gt;.status_code</failure></testcase><testcase classname="backend.tests.test_iter345_finance_po_badge_upload" name="test_hr_timesheet_upload_requires_period" time="0.320" /></testsuite></testsuites>