<?xml version="1.0" encoding="utf-8"?><testsuites name="pytest tests"><testsuite name="pytest" errors="0" failures="0" skipped="0" tests="9" time="5.784" timestamp="2026-07-02T17:22:16.261211+00:00" hostname="agent-env-9a9c5984-9441-4d6f-b2b7-adde78cccd8f"><testcase classname="backend.tests.test_iter207_repair_orphans.TestRepairOrphanedJournalsEndpoint" name="test_admin_can_call_returns_expected_shape" time="1.753" /><testcase classname="backend.tests.test_iter207_repair_orphans.TestRepairOrphanedJournalsEndpoint" name="test_idempotent_second_call" time="0.358" /><testcase classname="backend.tests.test_iter207_repair_orphans.TestRepairOrphanedJournalsEndpoint" name="test_non_admin_forbidden" time="0.923" /><testcase classname="backend.tests.test_iter207_repair_orphans.TestDonationDeleteCascadeReversesJE" name="test_delete_reverses_auto_je" time="0.727" /><testcase classname="backend.tests.test_iter207_repair_orphans.TestExpenseDeleteCascadeReversesJE" name="test_approved_expense_delete_reverses_je" time="0.678" /><testcase classname="backend.tests.test_iter207_repair_orphans.TestBulkDeleteDonations" name="test_bulk_delete_returns_counts_and_reverses" time="0.391" /><testcase classname="backend.tests.test_iter207_repair_orphans.TestBulkDeleteDonations" name="test_bulk_delete_empty_ids_400" time="0.115" /><testcase classname="backend.tests.test_iter207_repair_orphans.TestBulkDeleteExpenses" name="test_bulk_delete_returns_counts_and_reverses" time="0.671" /><testcase classname="backend.tests.test_iter207_repair_orphans.TestBulkDeleteExpenses" name="test_bulk_delete_empty_ids_400" time="0.114" /></testsuite></testsuites>