<?xml version="1.0" encoding="utf-8"?><testsuites name="pytest tests"><testsuite name="pytest" errors="0" failures="0" skipped="0" tests="13" time="13.680" timestamp="2026-06-16T15:41:45.260151+00:00" hostname="agent-env-9a9c5984-9441-4d6f-b2b7-adde78cccd8f"><testcase classname="backend.tests.test_case_sponsor_iter170.TestSponsorManualValidation" name="test_post_no_name_returns_400" time="0.793" /><testcase classname="backend.tests.test_case_sponsor_iter170.TestSponsorManualValidation" name="test_post_non_dict_returns_400" time="0.233" /><testcase classname="backend.tests.test_case_sponsor_iter170.TestSponsorManualValidation" name="test_put_no_name_returns_400" time="0.357" /><testcase classname="backend.tests.test_case_sponsor_iter170.TestSponsorManualValidation" name="test_put_empty_name_returns_400" time="0.347" /><testcase classname="backend.tests.test_case_sponsor_iter170.TestSponsorManualValidation" name="test_put_non_dict_returns_400" time="0.355" /><testcase classname="backend.tests.test_case_sponsor_iter170.TestSponsorNormalisationAndGuestCreate" name="test_post_normalises_fields_and_creates_guest" time="0.343" /><testcase classname="backend.tests.test_case_sponsor_iter170.TestSponsorDedup" name="test_second_case_same_email_reuses_guest" time="0.486" /><testcase classname="backend.tests.test_case_sponsor_iter170.TestSponsorPutClear" name="test_put_null_clears_manual_without_error" time="0.465" /><testcase classname="backend.tests.test_case_sponsor_iter170.TestSponsorPutClear" name="test_put_unrelated_field_does_not_touch_sponsor" time="0.465" /><testcase classname="backend.tests.test_case_sponsor_iter170.TestExternalSponsorsListing" name="test_external_sponsors_endpoint" time="0.753" /><testcase classname="backend.tests.test_case_sponsor_iter170.TestSponsorReportPdf" name="test_pdf_contains_manual_sponsor_section" time="1.315" /><testcase classname="backend.tests.test_case_sponsor_iter170.TestSponsorReportPdf" name="test_pdf_no_sponsor_section_when_unset" time="0.647" /><testcase classname="backend.tests.test_case_sponsor_iter170.TestSponsorReportPdf" name="test_pdf_with_only_sponsor_member_id_renders" time="7.001" /></testsuite></testsuites>