<?xml version="1.0" encoding="utf-8"?><testsuites name="pytest tests"><testsuite name="pytest" errors="0" failures="0" skipped="0" tests="8" time="0.460" timestamp="2026-09-19T19:01:30.868688+00:00" hostname="agent-env-9a9c5984-9441-4d6f-b2b7-adde78cccd8f"><testcase classname="backend.tests.test_iter363_household_and_people_search" name="test_people_suggest" time="0.292" /><testcase classname="backend.tests.test_iter363_household_and_people_search" name="test_portal_suggest_is_thin" time="0.009" /><testcase classname="backend.tests.test_iter363_household_and_people_search" name="test_linking_a_spouse" time="0.019" /><testcase classname="backend.tests.test_iter363_household_and_people_search" name="test_family_detail_exposes_one_household" time="0.007" /><testcase classname="backend.tests.test_iter363_household_and_people_search" name="test_add_a_brand_new_person" time="0.026" /><testcase classname="backend.tests.test_iter363_household_and_people_search" name="test_members_can_be_grouped_by_family" time="0.007" /><testcase classname="backend.tests.test_iter363_household_and_people_search" name="test_kiosk_offers_the_whole_household" time="0.008" /><testcase classname="backend.tests.test_iter363_household_and_people_search" name="test_kiosk_checks_in_the_people_tapped" time="0.029" /></testsuite></testsuites>