<?xml version="1.0" encoding="utf-8"?><testsuites name="pytest tests"><testsuite name="pytest" errors="0" failures="0" skipped="0" tests="11" time="3.923" timestamp="2026-09-05T18:26:02.701236+00:00" hostname="agent-env-9a9c5984-9441-4d6f-b2b7-adde78cccd8f"><testcase classname="backend.tests.test_iter295_director_digest_preview" name="test_admin_gets_eligible_global" time="0.550" /><testcase classname="backend.tests.test_iter295_director_digest_preview" name="test_non_director_gets_ineligible" time="1.321" /><testcase classname="backend.tests.test_iter295_director_digest_preview" name="test_director_scope_campus_only" time="0.496" /><testcase classname="backend.tests.test_iter295_director_digest_preview" name="test_admin_global_sees_all_seeded" time="0.110" /><testcase classname="backend.tests.test_iter295_director_digest_preview" name="test_days_late_sort" time="0.132" /><testcase classname="backend.tests.test_iter295_director_digest_preview" name="test_regression_endpoints_reachable[/api/tasks]" time="0.105" /><testcase classname="backend.tests.test_iter295_director_digest_preview" name="test_regression_endpoints_reachable[/api/finance/receipts/review-queue]" time="0.129" /><testcase classname="backend.tests.test_iter295_director_digest_preview" name="test_regression_endpoints_reachable[/api/hr/payslips/generate-payday]" time="0.139" /><testcase classname="backend.tests.test_iter295_director_digest_preview" name="test_regression_endpoints_reachable[/api/bank/accounts]" time="0.135" /><testcase classname="backend.tests.test_iter295_director_digest_preview" name="test_regression_endpoints_reachable[/api/finance/journal]" time="0.141" /><testcase classname="backend.tests.test_iter295_director_digest_preview" name="test_regression_reports_pdf" time="0.597" /></testsuite></testsuites>