<?xml version="1.0" encoding="utf-8"?><testsuites name="pytest tests"><testsuite name="pytest" errors="0" failures="0" skipped="0" tests="15" time="25.929" timestamp="2026-07-17T15:35:59.490238+00:00" hostname="agent-env-9a9c5984-9441-4d6f-b2b7-adde78cccd8f"><testcase classname="backend.tests.test_iter224_pin_editor_qr_ai.TestPinLoginEditorName" name="test_missing_name_400" time="0.824" /><testcase classname="backend.tests.test_iter224_pin_editor_qr_ai.TestPinLoginEditorName" name="test_short_name_400" time="0.152" /><testcase classname="backend.tests.test_iter224_pin_editor_qr_ai.TestPinLoginEditorName" name="test_valid_login_returns_editor_name" time="0.134" /><testcase classname="backend.tests.test_iter224_pin_editor_qr_ai.TestPinLoginEditorName" name="test_bad_pin_401" time="0.114" /><testcase classname="backend.tests.test_iter224_pin_editor_qr_ai.TestEditTokenPayload" name="test_verify_new_format_carries_editor_name" time="0.163" /><testcase classname="backend.tests.test_iter224_pin_editor_qr_ai.TestEditTokenPayload" name="test_legacy_3part_token_still_verifies" time="0.000" /><testcase classname="backend.tests.test_iter224_pin_editor_qr_ai.TestEditTokenPayload" name="test_bad_token_returns_none" time="0.000" /><testcase classname="backend.tests.test_iter224_pin_editor_qr_ai.TestLabelsPDF" name="test_no_units_400" time="0.065" /><testcase classname="backend.tests.test_iter224_pin_editor_qr_ai.TestLabelsPDF" name="test_pdf_returned_after_units_added" time="0.801" /><testcase classname="backend.tests.test_iter224_pin_editor_qr_ai.TestLabelsPDF" name="test_404_for_missing_shipment" time="0.061" /><testcase classname="backend.tests.test_iter224_pin_editor_qr_ai.TestAISuggestPacking" name="test_empty_items_400" time="0.196" /><testcase classname="backend.tests.test_iter224_pin_editor_qr_ai.TestAISuggestPacking" name="test_missing_shipment_404_or_503" time="0.063" /><testcase classname="backend.tests.test_iter224_pin_editor_qr_ai.TestAISuggestPacking" name="test_suggest_and_apply_flow" time="22.983" /><testcase classname="backend.tests.test_iter224_pin_editor_qr_ai.TestAISuggestPacking" name="test_apply_empty_units_400" time="0.111" /><testcase classname="backend.tests.test_iter224_pin_editor_qr_ai.TestAISuggestPacking" name="test_apply_missing_units_key_400" time="0.181" /></testsuite></testsuites>