<?xml version="1.0" encoding="utf-8"?><testsuites name="pytest tests"><testsuite name="pytest" errors="0" failures="0" skipped="0" tests="25" time="1.533" timestamp="2026-09-13T12:44:13.895583+00:00" hostname="agent-env-9a9c5984-9441-4d6f-b2b7-adde78cccd8f"><testcase classname="tests.test_iter351_security_audit.TestKioskLookupPII" name="test_lookup_returns_minimal_projection_no_pii" time="0.012" /><testcase classname="tests.test_iter351_security_audit.TestKioskLookupPII" name="test_suffix_phone_now_404" time="0.006" /><testcase classname="tests.test_iter351_security_audit.TestKioskLookupPII" name="test_short_identifier_400" time="0.003" /><testcase classname="tests.test_iter351_security_audit.TestKioskLookupPII" name="test_rate_limit_kicks_in_around_15" time="0.081" /><testcase classname="tests.test_iter351_security_audit.TestKioskLookupPII" name="test_rate_limit_is_per_ip" time="0.005" /><testcase classname="tests.test_iter351_security_audit.TestKioskUnlockOracle" name="test_unknown_identifier_returns_uniform_401" time="0.004" /><testcase classname="tests.test_iter351_security_audit.TestKioskUnlockOracle" name="test_real_admin_wrong_password_returns_uniform_401" time="0.268" /><testcase classname="tests.test_iter351_security_audit.TestKioskUnlockOracle" name="test_random_pin_returns_uniform_401" time="0.005" /><testcase classname="tests.test_iter351_security_audit.TestKioskUnlockOracle" name="test_missing_both_returns_400" time="0.003" /><testcase classname="tests.test_iter351_security_audit.TestKioskUnlockOracle" name="test_valid_unlock_still_works_and_role_returned" time="0.005" /><testcase classname="tests.test_iter351_security_audit.TestKioskUnlockOracle" name="test_unlock_throttles_around_8" time="0.040" /><testcase classname="tests.test_iter351_security_audit.TestSocialWorkCampusScoping" name="test_admin_can_read_campus_a_case" time="0.256" /><testcase classname="tests.test_iter351_security_audit.TestSocialWorkCampusScoping" name="test_admin_bogus_id_404" time="0.006" /><testcase classname="tests.test_iter351_security_audit.TestSocialWorkCampusScoping" name="test_campusB_director_get_case_A_404" time="0.521" /><testcase classname="tests.test_iter351_security_audit.TestSocialWorkCampusScoping" name="test_campusB_director_report_case_A_404" time="0.006" /><testcase classname="tests.test_iter351_security_audit.TestSocialWorkCampusScoping" name="test_campusB_director_update_case_A_404" time="0.006" /><testcase classname="tests.test_iter351_security_audit.TestSocialWorkCampusScoping" name="test_campusB_director_add_note_case_A_404" time="0.006" /><testcase classname="tests.test_iter351_security_audit.TestSocialWorkCampusScoping" name="test_campusB_director_add_payment_case_A_404" time="0.006" /><testcase classname="tests.test_iter351_security_audit.TestSocialWorkCampusScoping" name="test_campusB_director_sponsor_story_case_A_404" time="0.006" /><testcase classname="tests.test_iter351_security_audit.TestSocialWorkCampusScoping" name="test_campusB_director_delete_case_A_404" time="0.012" /><testcase classname="tests.test_iter351_security_audit.TestSocialWorkCampusScoping" name="test_campusB_director_can_read_own_case_b" time="0.021" /><testcase classname="tests.test_iter351_security_audit.TestSchoolPortalThrottle" name="test_bogus_login_throttles" time="0.052" /><testcase classname="tests.test_iter351_security_audit.TestCORSAllowlist" name="test_allowed_origin_preflight" time="0.001" /><testcase classname="tests.test_iter351_security_audit.TestCORSAllowlist" name="test_disallowed_origin_no_header" time="0.001" /><testcase classname="tests.test_iter351_security_audit.TestCheckpointBadgelessRegression" name="test_checkpoint_scan_by_phone" time="0.049" /></testsuite></testsuites>