<?xml version="1.0" encoding="utf-8"?><testsuites name="pytest tests"><testsuite name="pytest" errors="0" failures="0" skipped="0" tests="7" time="3.362" timestamp="2026-09-20T13:35:55.879490+00:00" hostname="agent-env-9a9c5984-9441-4d6f-b2b7-adde78cccd8f"><testcase classname="backend.tests.test_iter366_similar_items" name="test_finds_the_blanket_group_across_two_boxes" time="1.699" /><testcase classname="backend.tests.test_iter366_similar_items" name="test_flags_the_exact_repeat_in_one_box" time="0.144" /><testcase classname="backend.tests.test_iter366_similar_items" name="test_combine_across_boxes_keeps_the_line_total" time="0.242" /><testcase classname="backend.tests.test_iter366_similar_items" name="test_undo_restores_the_original_rows" time="0.292" /><testcase classname="backend.tests.test_iter366_similar_items" name="test_delete_repeats_removes_only_the_duplicate" time="0.268" /><testcase classname="backend.tests.test_iter366_similar_items" name="test_same_box_mode_refuses_when_nothing_shares_the_box" time="0.148" /><testcase classname="backend.tests.test_iter366_similar_items" name="test_manifest_pdf_still_renders_after_consolidation" time="0.511" /></testsuite></testsuites>