<?xml version="1.0" encoding="utf-8"?><testsuites name="pytest tests"><testsuite name="pytest" errors="0" failures="0" skipped="0" tests="31" time="1.045" timestamp="2026-05-29T03:24:17.185331+00:00" hostname="agent-env-9a9c5984-9441-4d6f-b2b7-adde78cccd8f"><testcase classname="backend.tests.test_iteration115_pass2_volunteers_unify.TestRoleDefaults" name="test_role_defaults_without_event_type" time="0.258" /><testcase classname="backend.tests.test_iteration115_pass2_volunteers_unify.TestRoleDefaults" name="test_role_defaults_with_known_event_type" time="0.017" /><testcase classname="backend.tests.test_iteration115_pass2_volunteers_unify.TestGenerateFromEvent" name="test_missing_event_id_returns_400" time="0.004" /><testcase classname="backend.tests.test_iteration115_pass2_volunteers_unify.TestGenerateFromEvent" name="test_unknown_event_id_returns_404" time="0.004" /><testcase classname="backend.tests.test_iteration115_pass2_volunteers_unify.TestGenerateFromEvent" name="test_happy_path_creates_shifts" time="0.013" /><testcase classname="backend.tests.test_iteration115_pass2_volunteers_unify.TestGenerateFromEvent" name="test_idempotent_rerun_skips_duplicates" time="0.005" /><testcase classname="backend.tests.test_iteration115_pass2_volunteers_unify.TestGenerateFromEvent" name="test_replace_true_updates_existing" time="0.005" /><testcase classname="backend.tests.test_iteration115_pass2_volunteers_unify.TestGenerateFromEvent" name="test_empty_roles_returns_400" time="0.003" /><testcase classname="backend.tests.test_iteration115_pass2_volunteers_unify.TestGuestMigration" name="test_preview_endpoint_shape" time="0.005" /><testcase classname="backend.tests.test_iteration115_pass2_volunteers_unify.TestGuestMigration" name="test_run_then_rerun_is_idempotent" time="0.061" /><testcase classname="backend.tests.test_iteration115_pass2_volunteers_unify.TestMembersKindFilter" name="test_kind_guest_returns_guest_mirrors" time="0.005" /><testcase classname="backend.tests.test_iteration115_pass2_volunteers_unify.TestMembersKindFilter" name="test_kind_parent_returns_parent_mirrors" time="0.005" /><testcase classname="backend.tests.test_iteration115_pass2_volunteers_unify.TestGuestDualWrite" name="test_create_guest_mirrors_to_members" time="0.015" /><testcase classname="backend.tests.test_iteration115_pass2_volunteers_unify.TestGuestDualWrite" name="test_update_guest_updates_mirror" time="0.019" /><testcase classname="backend.tests.test_iteration115_pass2_volunteers_unify.TestGuestDualWrite" name="test_delete_guest_removes_mirror" time="0.034" /><testcase classname="backend.tests.test_smoke_recent_modules.TestApprovals" name="test_workflow_crud_cycle" time="0.244" /><testcase classname="backend.tests.test_smoke_recent_modules.TestApprovals" name="test_request_flow_admin_overrides_manager_step" time="0.021" /><testcase classname="backend.tests.test_smoke_recent_modules.TestHrLeave" name="test_leave_types_defaults" time="0.004" /><testcase classname="backend.tests.test_smoke_recent_modules.TestHrLeave" name="test_leave_request_lifecycle" time="0.027" /><testcase classname="backend.tests.test_smoke_recent_modules.TestHrLeave" name="test_leave_validation_end_before_start" time="0.003" /><testcase classname="backend.tests.test_smoke_recent_modules.TestHrReimbursement" name="test_reimbursement_lifecycle" time="0.017" /><testcase classname="backend.tests.test_smoke_recent_modules.TestHrReimbursement" name="test_reimbursement_negative_amount_rejected" time="0.003" /><testcase classname="backend.tests.test_smoke_recent_modules.TestHrAttendance" name="test_clock_in_idempotency_then_out" time="0.019" /><testcase classname="backend.tests.test_smoke_recent_modules.TestAccounting" name="test_coa_seed_idempotent" time="0.017" /><testcase classname="backend.tests.test_smoke_recent_modules.TestAccounting" name="test_balanced_entry_create_and_post" time="0.021" /><testcase classname="backend.tests.test_smoke_recent_modules.TestAccounting" name="test_unbalanced_entry_rejected" time="0.013" /><testcase classname="backend.tests.test_smoke_recent_modules.TestAccounting" name="test_trial_balance_reconciles" time="0.005" /><testcase classname="backend.tests.test_smoke_recent_modules.TestSaleDiscountApproval" name="test_high_discount_spawns_approval_and_locks_payment" time="0.033" /><testcase classname="backend.tests.test_smoke_recent_modules.TestPaymentReminders" name="test_history_endpoint_responds" time="0.004" /><testcase classname="backend.tests.test_smoke_recent_modules.TestFinancialToAccounting" name="test_donation_auto_posts_to_ledger" time="0.032" /><testcase classname="backend.tests.test_smoke_recent_modules.TestFinancialToAccounting" name="test_expense_approval_auto_posts_to_ledger" time="0.034" /></testsuite></testsuites>