<?xml version="1.0" encoding="utf-8"?><testsuites name="pytest tests"><testsuite name="pytest" errors="0" failures="2" skipped="0" tests="8" time="4.685" timestamp="2026-09-19T19:04:09.892891+00:00" hostname="agent-env-9a9c5984-9441-4d6f-b2b7-adde78cccd8f"><testcase classname="backend.tests.test_iter363_extra_coverage" name="test_people_suggest_requires_staff_role" time="0.791" /><testcase classname="backend.tests.test_iter363_extra_coverage" name="test_portal_suggest_open_to_member_and_is_thin" time="0.165" /><testcase classname="backend.tests.test_iter363_extra_coverage" name="test_regex_unsafe_and_single_char" time="0.644" /><testcase classname="backend.tests.test_iter363_extra_coverage" name="test_portal_add_linked_guardian_awaits_approval" time="1.074"><failure message="AssertionError: spouse should be paired both ways: None&#10;assert (None == 'b1897d37-8685-4e64-a878-fb8b3283cfb2' or None)&#10; +  where None = &lt;built-in method get of dict object at 0xfdf39c5d94c0&gt;('spouse_id')&#10; +    where &lt;built-in method get of dict object at 0xfdf39c5d94c0&gt; = {'address': None, 'approval_status': 'approved', 'checkin_history': [], 'created_at': '2026-09-19T19:04:12.046588+00:00', ...}.get&#10; +  and   None = &lt;built-in method get of dict object at 0xfdf39c5d94c0&gt;('spouse_id')&#10; +    where &lt;built-in method get of dict object at 0xfdf39c5d94c0&gt; = {'address': None, 'approval_status': 'approved', 'checkin_history': [], 'created_at': '2026-09-19T19:04:12.046588+00:00', ...}.get">backend/tests/test_iter363_extra_coverage.py:123: in test_portal_add_linked_guardian_awaits_approval
    assert m.get("spouse_id") == me_id or m.get("spouse_id"), f"spouse should be paired both ways: {m.get('spouse_id')}"
E   AssertionError: spouse should be paired both ways: None
E   assert (None == 'b1897d37-8685-4e64-a878-fb8b3283cfb2' or None)
E    +  where None = &lt;built-in method get of dict object at 0xfdf39c5d94c0&gt;('spouse_id')
E    +    where &lt;built-in method get of dict object at 0xfdf39c5d94c0&gt; = {'address': None, 'approval_status': 'approved', 'checkin_history': [], 'created_at': '2026-09-19T19:04:12.046588+00:00', ...}.get
E    +  and   None = &lt;built-in method get of dict object at 0xfdf39c5d94c0&gt;('spouse_id')
E    +    where &lt;built-in method get of dict object at 0xfdf39c5d94c0&gt; = {'address': None, 'approval_status': 'approved', 'checkin_history': [], 'created_at': '2026-09-19T19:04:12.046588+00:00', ...}.get</failure></testcase><testcase classname="backend.tests.test_iter363_extra_coverage" name="test_portal_add_new_person_creates_pending_profile" time="0.559" /><testcase classname="backend.tests.test_iter363_extra_coverage" name="test_same_household_admin_portal_kiosk" time="0.457" /><testcase classname="backend.tests.test_iter363_extra_coverage" name="test_kiosk_pin_lookup_household_has_no_pii" time="0.277" /><testcase classname="backend.tests.test_iter363_extra_coverage" name="test_family_caps_and_basic_crud" time="0.616"><failure message="AssertionError: {&quot;detail&quot;:[{&quot;type&quot;:&quot;missing&quot;,&quot;loc&quot;:[&quot;body&quot;,&quot;primary_contact_name&quot;],&quot;msg&quot;:&quot;Field required&quot;,&quot;input&quot;:{&quot;family_name&quot;:&quot;iter363x Cap Renamed ccc36&quot;,&quot;address&quot;:&quot;New Address&quot;},&quot;url&quot;:&quot;https://errors.pydantic.dev/2.12/v/missing&quot;}]}&#10;assert 422 == 200&#10; +  where 422 = &lt;Response [422]&gt;.status_code">backend/tests/test_iter363_extra_coverage.py:242: in test_family_caps_and_basic_crud
    assert r.status_code == 200, r.text
E   AssertionError: {"detail":[{"type":"missing","loc":["body","primary_contact_name"],"msg":"Field required","input":{"family_name":"iter363x Cap Renamed ccc36","address":"New Address"},"url":"https://errors.pydantic.dev/2.12/v/missing"}]}
E   assert 422 == 200
E    +  where 422 = &lt;Response [422]&gt;.status_code</failure></testcase></testsuite></testsuites>