<?xml version="1.0" encoding="utf-8"?><testsuites name="pytest tests"><testsuite name="pytest" errors="0" failures="2" skipped="2" tests="16" time="10.044" timestamp="2026-07-04T12:24:50.761377+00:00" hostname="agent-env-9a9c5984-9441-4d6f-b2b7-adde78cccd8f"><testcase classname="backend.tests.test_iter211_payroll_je_and_repair.TestPayrollJE" name="test_paid_payslip_creates_je_with_non_sales_journal" time="2.127" /><testcase classname="backend.tests.test_iter211_payroll_je_and_repair.TestPayrollJE" name="test_trial_balance_still_balances" time="0.102" /><testcase classname="backend.tests.test_iter211_payroll_je_and_repair.TestPayrollAggregation" name="test_two_payslips_same_day_aggregate_and_reverse_prior_je" time="2.315"><failure message="AssertionError: Active JE total_debit=3970000.0 != aggregated expense amount=5736665.0&#10;assert 1766665.0 &lt; 0.05&#10; +  where 1766665.0 = abs((3970000.0 - 5736665.0))&#10; +    where 3970000.0 = float((3970000.0))&#10; +      where 3970000.0 = &lt;built-in method get of dict object at 0xfc68169031c0&gt;('total_debit')&#10; +        where &lt;built-in method get of dict object at 0xfc68169031c0&gt; = {'auto_generated_from': 'payroll', 'created_at': '2026-07-04T12:20:31.197855+00:00', 'currency': 'UGX', 'date': '2026-07-04', ...}.get&#10; +    and   5736665.0 = float(5736665.0)">E   AssertionError: Active JE total_debit=3970000.0 != aggregated expense amount=5736665.0
    assert 1766665.0 &lt; 0.05
     +  where 1766665.0 = abs((3970000.0 - 5736665.0))
     +    where 3970000.0 = float((3970000.0))
     +      where 3970000.0 = &lt;built-in method get of dict object at 0xfc68169031c0&gt;('total_debit')
     +        where &lt;built-in method get of dict object at 0xfc68169031c0&gt; = {'auto_generated_from': 'payroll', 'created_at': '2026-07-04T12:20:31.197855+00:00', 'currency': 'UGX', 'date': '2026-07-04', ...}.get
     +    and   5736665.0 = float(5736665.0)</failure></testcase><testcase classname="backend.tests.test_iter211_payroll_je_and_repair.TestPayslipOverrides" name="test_override_paid_from_account_and_location" time="0.638" /><testcase classname="backend.tests.test_iter211_payroll_je_and_repair.TestPayslipOverrides" name="test_put_payslip_non_director_forbidden" time="0.207" /><testcase classname="backend.tests.test_iter211_payroll_je_and_repair.TestRepairWrongJournal" name="test_repair_non_admin_forbidden" time="0.095" /><testcase classname="backend.tests.test_iter211_payroll_je_and_repair.TestRepairWrongJournal" name="test_repair_admin_and_idempotent" time="0.200" /><testcase classname="backend.tests.test_iter211_payroll_je_and_repair.TestAutoCreateGLJournal" name="test_new_location_donation_creates_gl_journal" time="0.607"><skipped type="pytest.skip" message="New loc outside admin campus scope; journals endpoint hides it. Verified separately via DB.">/app/backend/tests/test_iter211_payroll_je_and_repair.py:358: New loc outside admin campus scope; journals endpoint hides it. Verified separately via DB.</skipped></testcase><testcase classname="backend.tests.test_iter211_payroll_je_and_repair.TestRegressionRepairs" name="test_repair_orphaned_journals_idempotent" time="0.309" /><testcase classname="backend.tests.test_iter211_payroll_je_and_repair.TestRegressionRepairs" name="test_repair_starting_balances_idempotent" time="0.196" /><testcase classname="backend.tests.test_iter211_payroll_je_and_repair.TestRegressionRepairs" name="test_donors_endpoint_regression" time="0.108" /><testcase classname="backend.tests.test_iter211_payroll_je_and_repair.TestRegressionRepairs" name="test_vendors_endpoint_regression" time="0.102" /><testcase classname="backend.tests.test_iter211_payroll_je_and_repair.TestNoDoublePosting" name="test_donation_creates_exactly_one_je" time="0.206" /><testcase classname="backend.tests.test_iter211_payroll_je_and_repair.TestNoDoublePosting" name="test_expense_approve_creates_exactly_one_je" time="0.100"><skipped type="pytest.skip" message="expense creation failed: 422 {&quot;detail&quot;:[{&quot;type&quot;:&quot;missing&quot;,&quot;loc&quot;:[&quot;body&quot;,&quot;title&quot;],&quot;msg&quot;:&quot;Field required&quot;,&quot;input&quot;:{&quot;vendor_name&quot;:&quot;TEST_Iter212_V_bf74a&quot;,&quot;category&quot;:&quot;supplies&quot;,&quot;amount&quot;:9999,&quot;currency&quot;:&quot;UGX&quot;,&quot;date&quot;:&quot;2025-02-16&quot;,&quot;locat">/app/backend/tests/test_iter211_payroll_je_and_repair.py:432: expense creation failed: 422 {"detail":[{"type":"missing","loc":["body","title"],"msg":"Field required","input":{"vendor_name":"TEST_Iter212_V_bf74a","category":"supplies","amount":9999,"currency":"UGX","date":"2025-02-16","locat</skipped></testcase><testcase classname="backend.tests.test_iter211_payroll_je_and_repair.TestNoDoublePosting" name="test_single_payslip_paid_posts_exactly_one_active_je" time="1.104" /><testcase classname="backend.tests.test_iter211_payroll_je_and_repair.TestNoDoublePosting" name="test_edit_already_paid_payslip_updates_ledger" time="1.536"><failure message="AssertionError: Active JE total_debit=3970000.0 != aggregate=6003330.0&#10;assert 2033330.0 &lt; 0.05&#10; +  where 2033330.0 = abs((3970000.0 - 6003330.0))&#10; +    where 3970000.0 = float((3970000.0))&#10; +      where 3970000.0 = &lt;built-in method get of dict object at 0xfc68162a0bc0&gt;('total_debit')&#10; +        where &lt;built-in method get of dict object at 0xfc68162a0bc0&gt; = {'auto_generated_from': 'payroll', 'created_at': '2026-07-04T12:20:31.197855+00:00', 'currency': 'UGX', 'date': '2026-07-04', ...}.get&#10; +    and   6003330.0 = float(6003330.0)">E   AssertionError: Active JE total_debit=3970000.0 != aggregate=6003330.0
    assert 2033330.0 &lt; 0.05
     +  where 2033330.0 = abs((3970000.0 - 6003330.0))
     +    where 3970000.0 = float((3970000.0))
     +      where 3970000.0 = &lt;built-in method get of dict object at 0xfc68162a0bc0&gt;('total_debit')
     +        where &lt;built-in method get of dict object at 0xfc68162a0bc0&gt; = {'auto_generated_from': 'payroll', 'created_at': '2026-07-04T12:20:31.197855+00:00', 'currency': 'UGX', 'date': '2026-07-04', ...}.get
     +    and   6003330.0 = float(6003330.0)</failure></testcase></testsuite></testsuites>