<?xml version="1.0" encoding="utf-8"?><testsuites name="pytest tests"><testsuite name="pytest" errors="0" failures="0" skipped="0" tests="7" time="2.783" timestamp="2026-06-16T14:55:39.350019+00:00" hostname="agent-env-9a9c5984-9441-4d6f-b2b7-adde78cccd8f"><testcase classname="backend.tests.test_case_detail_iter169" name="test_case_created_with_initial_values" time="0.882" /><testcase classname="backend.tests.test_case_detail_iter169" name="test_put_updates_category_inline" time="0.263" /><testcase classname="backend.tests.test_case_detail_iter169" name="test_put_updates_risk_level_inline" time="0.225" /><testcase classname="backend.tests.test_case_detail_iter169" name="test_put_rejects_invalid_risk_level" time="0.109" /><testcase classname="backend.tests.test_case_detail_iter169" name="test_put_accepts_sponsor_manual_object" time="0.412" /><testcase classname="backend.tests.test_case_detail_iter169" name="test_put_clears_sponsor_manual_to_null" time="0.358" /><testcase classname="backend.tests.test_case_detail_iter169" name="test_combined_put_risk_category_sponsor" time="0.469" /></testsuite></testsuites>