<?xml version="1.0" encoding="utf-8"?><testsuites name="pytest tests"><testsuite name="pytest" errors="0" failures="0" skipped="0" tests="19" time="12.861" timestamp="2026-07-07T00:09:12.757160+00:00" hostname="agent-env-9a9c5984-9441-4d6f-b2b7-adde78cccd8f"><testcase classname="backend.tests.test_iter218_manifest_groups_invoice_pvoc.TestManifestGroupsCRUD" name="test_create_two_groups" time="0.887" /><testcase classname="backend.tests.test_iter218_manifest_groups_invoice_pvoc.TestManifestGroupsCRUD" name="test_create_group_missing_name_rejected" time="0.053" /><testcase classname="backend.tests.test_iter218_manifest_groups_invoice_pvoc.TestManifestGroupsCRUD" name="test_update_group_whitelist" time="0.101" /><testcase classname="backend.tests.test_iter218_manifest_groups_invoice_pvoc.TestManifestGroupsCRUD" name="test_update_group_404" time="0.047" /><testcase classname="backend.tests.test_iter218_manifest_groups_invoice_pvoc.TestItemPvocAndGroupWhitelist" name="test_put_sets_pvoc_and_group_and_persists" time="0.155" /><testcase classname="backend.tests.test_iter218_manifest_groups_invoice_pvoc.TestItemPvocAndGroupWhitelist" name="test_put_clears_pvoc_and_group" time="0.206" /><testcase classname="backend.tests.test_iter218_manifest_groups_invoice_pvoc.TestSortShipmentFixture" name="test_manifest_pdf_sort_order" time="1.046" /><testcase classname="backend.tests.test_iter218_manifest_groups_invoice_pvoc.TestSortShipmentFixture" name="test_invoice_pdf_sort_order_and_totals" time="0.236" /><testcase classname="backend.tests.test_iter218_manifest_groups_invoice_pvoc.TestManifestPdfGroupFilter" name="test_no_group_returns_all" time="0.534" /><testcase classname="backend.tests.test_iter218_manifest_groups_invoice_pvoc.TestManifestPdfGroupFilter" name="test_group_id_scopes_items" time="0.171" /><testcase classname="backend.tests.test_iter218_manifest_groups_invoice_pvoc.TestManifestPdfGroupFilter" name="test_unassigned_group_returns_only_null" time="0.171" /><testcase classname="backend.tests.test_iter218_manifest_groups_invoice_pvoc.TestManifestPdfGroupFilter" name="test_bogus_group_id_returns_404" time="0.051" /><testcase classname="backend.tests.test_iter218_manifest_groups_invoice_pvoc.TestManifestPdfGroupFilter" name="test_commercial_invoice_with_group_filter" time="0.211" /><testcase classname="backend.tests.test_iter218_manifest_groups_invoice_pvoc.TestGroupDeleteUnassigns" name="test_delete_group_reverts_items_to_null" time="0.294" /><testcase classname="backend.tests.test_iter218_manifest_groups_invoice_pvoc.TestGroupDeleteUnassigns" name="test_delete_group_404" time="0.049" /><testcase classname="backend.tests.test_iter218_manifest_groups_invoice_pvoc.TestAiPvocClassification" name="test_bulk_classify_returns_pvoc_fields" time="8.188" /><testcase classname="backend.tests.test_iter218_manifest_groups_invoice_pvoc.TestIter217Regression" name="test_manifest_without_group_still_returns_pdf" time="0.179" /><testcase classname="backend.tests.test_iter218_manifest_groups_invoice_pvoc.TestIter217Regression" name="test_manifest_404_unknown_shipment" time="0.068" /><testcase classname="backend.tests.test_iter218_manifest_groups_invoice_pvoc.TestIter217Regression" name="test_invoice_404_unknown_shipment" time="0.117" /></testsuite></testsuites>