<?xml version="1.0" encoding="utf-8"?><testsuites name="pytest tests"><testsuite name="pytest" errors="0" failures="0" skipped="0" tests="4" time="2.969" timestamp="2026-07-05T01:45:05.292070+00:00" hostname="agent-env-9a9c5984-9441-4d6f-b2b7-adde78cccd8f"><testcase classname="backend.tests.test_iter215_payroll_timesheet_proration.TestPayrollTimesheetProration" name="test_use_timesheets_true_prorates" time="1.786" /><testcase classname="backend.tests.test_iter215_payroll_timesheet_proration.TestPayrollTimesheetProration" name="test_use_timesheets_false_ignores_timesheet" time="0.404" /><testcase classname="backend.tests.test_iter215_payroll_timesheet_proration.TestPayrollTimesheetProration" name="test_days_worked_override_beats_timesheet" time="0.356" /><testcase classname="backend.tests.test_iter215_payroll_timesheet_proration.TestPayrollTimesheetProration" name="test_pto_override_wins_over_timesheet" time="0.355" /></testsuite></testsuites>