<?xml version="1.0" encoding="utf-8"?><testsuites name="pytest tests"><testsuite name="pytest" errors="0" failures="1" skipped="0" tests="14" time="2.099" timestamp="2026-08-27T01:50:45.564653+00:00" hostname="agent-env-9a9c5984-9441-4d6f-b2b7-adde78cccd8f"><testcase classname="tests.test_iter93_dashboard_task_scoping.TestActionItems" name="test_action_items_200_and_shape" time="0.574" /><testcase classname="tests.test_iter93_dashboard_task_scoping.TestActionItems" name="test_overdue_tasks_scoped_to_visible_boards" time="0.072" /><testcase classname="tests.test_iter93_dashboard_task_scoping.TestActionItems" name="test_unassigned_tasks_scoped_to_visible_boards" time="0.063" /><testcase classname="tests.test_iter93_dashboard_task_scoping.TestActionItems" name="test_counters_never_exceed_open_tasks_on_visible_boards" time="0.065" /><testcase classname="tests.test_iter93_dashboard_task_scoping.TestActionItems" name="test_pending_approvals_and_expiring_passes" time="0.069" /><testcase classname="tests.test_iter93_dashboard_task_scoping.TestDashboardStats" name="test_stats_200" time="0.107" /><testcase classname="tests.test_iter93_dashboard_task_scoping.TestDashboardStats" name="test_stats_overdue_matches_action_items" time="0.123" /><testcase classname="tests.test_iter93_dashboard_task_scoping.TestDashboardStats" name="test_stats_overdue_matches_db_scope" time="0.064" /><testcase classname="tests.test_iter93_dashboard_task_scoping.TestEmptyBoardScope" name="test_campus_with_no_boards_returns_zero" time="0.135" /><testcase classname="tests.test_iter93_dashboard_task_scoping.TestEmptyBoardScope" name="test_nonexistent_campus_id_returns_zero" time="0.060" /><testcase classname="tests.test_iter93_dashboard_task_scoping.TestEmptyBoardScope" name="test_unauthenticated_is_rejected" time="0.145" /><testcase classname="tests.test_iter93_dashboard_task_scoping.TestArchivedBoardIsolation" name="test_archived_board_tasks_not_counted" time="0.134" /><testcase classname="tests.test_iter93_dashboard_task_scoping.TestArchivedBoardIsolation" name="test_restricted_board_tasks_not_counted" time="0.217"><failure message="AssertionError: task on a board hidden by /api/boards leaked into overdue count: {'overdue_tasks': 1, 'pending_approvals': 0, 'expiring_passes': 0, 'unassigned_tasks': 4} -&gt; {'overdue_tasks': 2, 'pending_approvals': 0, 'expiring_passes': 0, 'unassigned_tasks': 5}&#10;assert 2 == 1">E   AssertionError: task on a board hidden by /api/boards leaked into overdue count: {'overdue_tasks': 1, 'pending_approvals': 0, 'expiring_passes': 0, 'unassigned_tasks': 4} -&gt; {'overdue_tasks': 2, 'pending_approvals': 0, 'expiring_passes': 0, 'unassigned_tasks': 5}
    assert 2 == 1</failure></testcase><testcase classname="tests.test_iter93_dashboard_task_scoping.TestArchivedBoardIsolation" name="test_other_campus_board_tasks_not_counted" time="0.127" /></testsuite></testsuites>