<?xml version="1.0" encoding="utf-8"?><testsuites name="pytest tests"><testsuite name="pytest" errors="0" failures="0" skipped="0" tests="8" time="34.019" timestamp="2026-07-02T17:35:31.226736+00:00" hostname="agent-env-9a9c5984-9441-4d6f-b2b7-adde78cccd8f"><testcase classname="backend.tests.test_iter208_chart_account_balance_cache.TestListEndpointShape" name="test_list_returns_balance_field" time="0.686" /><testcase classname="backend.tests.test_iter208_chart_account_balance_cache.TestListEndpointShape" name="test_list_active_only_false_returns_inactive_too" time="0.318" /><testcase classname="backend.tests.test_iter208_chart_account_balance_cache.TestDonationCacheInvalidation" name="test_donation_create_updates_balance_then_delete_reverts" time="6.649" /><testcase classname="backend.tests.test_iter208_chart_account_balance_cache.TestExpenseCacheInvalidation" name="test_expense_create_approve_delete_flow" time="12.739" /><testcase classname="backend.tests.test_iter208_chart_account_balance_cache.TestTransferCacheInvalidation" name="test_transfer_updates_both_sides_immediately" time="6.556" /><testcase classname="backend.tests.test_iter208_chart_account_balance_cache.TestBulkDeleteCacheInvalidation" name="test_bulk_delete_donations_clears_cache" time="6.741" /><testcase classname="backend.tests.test_iter208_chart_account_balance_cache.TestRepairOrphansStillIdempotent" name="test_repair_endpoint_idempotent" time="0.166" /><testcase classname="backend.tests.test_iter208_chart_account_balance_cache.TestTrialBalanceStillBalances" name="test_trial_balance_totals_match" time="0.112" /></testsuite></testsuites>