<?xml version="1.0" encoding="utf-8"?><testsuites name="pytest tests"><testsuite name="pytest" errors="0" failures="7" skipped="0" tests="12" time="51.615" timestamp="2026-05-29T18:38:21.416270+00:00" hostname="agent-env-9a9c5984-9441-4d6f-b2b7-adde78cccd8f"><testcase classname="backend.tests.test_iteration90_module_access" name="test_modules_list" time="28.935" /><testcase classname="backend.tests.test_iteration90_module_access" name="test_users_per_module[accounting]" time="19.484"><failure message="AssertionError: module=accounting sample missing access_expired: keys=['id', 'name', 'email', 'role', 'department', 'location_id', 'module', 'access_implicit', 'access_effective']&#10;assert 'access_expired' in {'access_effective': True, 'access_implicit': True, 'department': 'TEST_SyncDept_62d332', 'email': 'admin@5812uganda.org', ...}">backend/tests/test_iteration90_module_access.py:98: in test_users_per_module
    assert k in sample, f"module={module} sample missing {k}: keys={list(sample.keys())}"
E   AssertionError: module=accounting sample missing access_expired: keys=['id', 'name', 'email', 'role', 'department', 'location_id', 'module', 'access_implicit', 'access_effective']
E   assert 'access_expired' in {'access_effective': True, 'access_implicit': True, 'department': 'TEST_SyncDept_62d332', 'email': 'admin@5812uganda.org', ...}</failure></testcase><testcase classname="backend.tests.test_iteration90_module_access" name="test_users_per_module[banking]" time="0.225"><failure message="AssertionError: module=banking sample missing access_expired: keys=['id', 'name', 'email', 'role', 'department', 'location_id', 'module', 'access_implicit', 'access_effective']&#10;assert 'access_expired' in {'access_effective': True, 'access_implicit': True, 'department': 'TEST_SyncDept_62d332', 'email': 'admin@5812uganda.org', ...}">backend/tests/test_iteration90_module_access.py:98: in test_users_per_module
    assert k in sample, f"module={module} sample missing {k}: keys={list(sample.keys())}"
E   AssertionError: module=banking sample missing access_expired: keys=['id', 'name', 'email', 'role', 'department', 'location_id', 'module', 'access_implicit', 'access_effective']
E   assert 'access_expired' in {'access_effective': True, 'access_implicit': True, 'department': 'TEST_SyncDept_62d332', 'email': 'admin@5812uganda.org', ...}</failure></testcase><testcase classname="backend.tests.test_iteration90_module_access" name="test_users_per_module[finance]" time="0.111"><failure message="AssertionError: module=finance sample missing access_expired: keys=['id', 'name', 'email', 'role', 'department', 'location_id', 'module', 'access_implicit', 'access_effective', 'finance_access_implicit', 'finance_access_effective', 'finance_access_expires_at', 'finance_access_expired', 'finance_access']&#10;assert 'access_expired' in {'access_effective': True, 'access_implicit': True, 'department': 'TEST_SyncDept_62d332', 'email': 'admin@5812uganda.org', ...}">backend/tests/test_iteration90_module_access.py:98: in test_users_per_module
    assert k in sample, f"module={module} sample missing {k}: keys={list(sample.keys())}"
E   AssertionError: module=finance sample missing access_expired: keys=['id', 'name', 'email', 'role', 'department', 'location_id', 'module', 'access_implicit', 'access_effective', 'finance_access_implicit', 'finance_access_effective', 'finance_access_expires_at', 'finance_access_expired', 'finance_access']
E   assert 'access_expired' in {'access_effective': True, 'access_implicit': True, 'department': 'TEST_SyncDept_62d332', 'email': 'admin@5812uganda.org', ...}</failure></testcase><testcase classname="backend.tests.test_iteration90_module_access" name="test_users_per_module[hr]" time="0.113"><failure message="AssertionError: module=hr sample missing access_expired: keys=['id', 'name', 'email', 'role', 'department', 'location_id', 'module', 'access_implicit', 'access_effective']&#10;assert 'access_expired' in {'access_effective': True, 'access_implicit': True, 'department': 'TEST_SyncDept_62d332', 'email': 'admin@5812uganda.org', ...}">backend/tests/test_iteration90_module_access.py:98: in test_users_per_module
    assert k in sample, f"module={module} sample missing {k}: keys={list(sample.keys())}"
E   AssertionError: module=hr sample missing access_expired: keys=['id', 'name', 'email', 'role', 'department', 'location_id', 'module', 'access_implicit', 'access_effective']
E   assert 'access_expired' in {'access_effective': True, 'access_implicit': True, 'department': 'TEST_SyncDept_62d332', 'email': 'admin@5812uganda.org', ...}</failure></testcase><testcase classname="backend.tests.test_iteration90_module_access" name="test_users_per_module[restricted]" time="0.122"><failure message="AssertionError: module=restricted sample missing access_expired: keys=['id', 'name', 'email', 'role', 'department', 'location_id', 'module', 'access_implicit', 'access_effective']&#10;assert 'access_expired' in {'access_effective': True, 'access_implicit': True, 'department': 'TEST_SyncDept_62d332', 'email': 'admin@5812uganda.org', ...}">backend/tests/test_iteration90_module_access.py:98: in test_users_per_module
    assert k in sample, f"module={module} sample missing {k}: keys={list(sample.keys())}"
E   AssertionError: module=restricted sample missing access_expired: keys=['id', 'name', 'email', 'role', 'department', 'location_id', 'module', 'access_implicit', 'access_effective']
E   assert 'access_expired' in {'access_effective': True, 'access_implicit': True, 'department': 'TEST_SyncDept_62d332', 'email': 'admin@5812uganda.org', ...}</failure></testcase><testcase classname="backend.tests.test_iteration90_module_access" name="test_users_per_module[sales]" time="0.114"><failure message="AssertionError: module=sales sample missing access_expired: keys=['id', 'name', 'email', 'role', 'department', 'location_id', 'module', 'access_implicit', 'access_effective']&#10;assert 'access_expired' in {'access_effective': True, 'access_implicit': True, 'department': 'TEST_SyncDept_62d332', 'email': 'admin@5812uganda.org', ...}">backend/tests/test_iteration90_module_access.py:98: in test_users_per_module
    assert k in sample, f"module={module} sample missing {k}: keys={list(sample.keys())}"
E   AssertionError: module=sales sample missing access_expired: keys=['id', 'name', 'email', 'role', 'department', 'location_id', 'module', 'access_implicit', 'access_effective']
E   assert 'access_expired' in {'access_effective': True, 'access_implicit': True, 'department': 'TEST_SyncDept_62d332', 'email': 'admin@5812uganda.org', ...}</failure></testcase><testcase classname="backend.tests.test_iteration90_module_access" name="test_users_per_module[social_work]" time="0.132"><failure message="AssertionError: module=social_work sample missing access_expired: keys=['id', 'name', 'email', 'role', 'department', 'location_id', 'module', 'access_implicit', 'access_effective']&#10;assert 'access_expired' in {'access_effective': True, 'access_implicit': True, 'department': 'TEST_SyncDept_62d332', 'email': 'admin@5812uganda.org', ...}">backend/tests/test_iteration90_module_access.py:98: in test_users_per_module
    assert k in sample, f"module={module} sample missing {k}: keys={list(sample.keys())}"
E   AssertionError: module=social_work sample missing access_expired: keys=['id', 'name', 'email', 'role', 'department', 'location_id', 'module', 'access_implicit', 'access_effective']
E   assert 'access_expired' in {'access_effective': True, 'access_implicit': True, 'department': 'TEST_SyncDept_62d332', 'email': 'admin@5812uganda.org', ...}</failure></testcase><testcase classname="backend.tests.test_iteration90_module_access" name="test_grant_and_revoke_hr_access" time="1.283" /><testcase classname="backend.tests.test_iteration90_module_access" name="test_legacy_finance_access_users" time="0.112" /><testcase classname="backend.tests.test_iteration90_module_access" name="test_legacy_finance_access_put" time="0.254" /><testcase classname="backend.tests.test_iteration90_module_access" name="test_manager_excluded_from_implicit_finance" time="0.613" /></testsuite></testsuites>