<?xml version="1.0" encoding="utf-8"?><testsuites name="pytest tests"><testsuite name="pytest" errors="0" failures="0" skipped="1" tests="11" time="4.146" timestamp="2026-09-12T15:26:58.695641+00:00" hostname="agent-env-9a9c5984-9441-4d6f-b2b7-adde78cccd8f"><testcase classname="backend.tests.test_iter345_portal_family_tickets.TestPortalFamily" name="test_get_my_family_admin" time="0.593" /><testcase classname="backend.tests.test_iter345_portal_family_tickets.TestPortalFamily" name="test_get_my_family_member" time="0.488" /><testcase classname="backend.tests.test_iter345_portal_family_tickets.TestPortalFamily" name="test_create_family_if_missing_then_add_edit_remove_guardian" time="0.512" /><testcase classname="backend.tests.test_iter345_portal_family_tickets.TestRsvpTicketing" name="test_rsvp_issues_ticket_and_idempotent" time="0.504" /><testcase classname="backend.tests.test_iter345_portal_family_tickets.TestRsvpTicketing" name="test_get_and_redeem_ticket" time="0.521" /><testcase classname="backend.tests.test_iter345_portal_family_tickets.TestBadgeAndFlags" name="test_wallet_badge_includes_event_tickets" time="0.380"><skipped type="pytest.skip" message="cannot fetch badge: 404">/app/backend/tests/test_iter345_portal_family_tickets.py:168: cannot fetch badge: 404</skipped></testcase><testcase classname="backend.tests.test_iter345_portal_family_tickets.TestBadgeAndFlags" name="test_tickets_flags_endpoint" time="0.277" /><testcase classname="backend.tests.test_iter345_portal_family_tickets.TestStatement" name="test_current_month_statement" time="0.135" /><testcase classname="backend.tests.test_iter345_portal_family_tickets.TestStatement" name="test_statement_bad_month_400" time="0.122" /><testcase classname="backend.tests.test_iter345_portal_family_tickets.TestStatement" name="test_statement_totals_match_rows" time="0.123" /><testcase classname="backend.tests.test_iter345_portal_family_tickets.TestNonStaffGuard" name="test_member_can_access_allowed_endpoints" time="0.419" /></testsuite></testsuites>