<?xml version="1.0" encoding="utf-8"?><testsuites name="pytest tests"><testsuite name="pytest" errors="0" failures="1" skipped="0" tests="23" time="6.908" timestamp="2026-07-04T11:42:36.377151+00:00" hostname="agent-env-9a9c5984-9441-4d6f-b2b7-adde78cccd8f"><testcase classname="backend.tests.test_iter210_donors_vendors_hr_payslips.TestPayslipEdit" name="test_put_director_updates_and_recomputes_net" time="1.355" /><testcase classname="backend.tests.test_iter210_donors_vendors_hr_payslips.TestPayslipEdit" name="test_put_status_change" time="0.099" /><testcase classname="backend.tests.test_iter210_donors_vendors_hr_payslips.TestPayslipEdit" name="test_put_non_director_returns_403" time="0.108" /><testcase classname="backend.tests.test_iter210_donors_vendors_hr_payslips.TestPayslipEdit" name="test_get_history" time="0.103" /><testcase classname="backend.tests.test_iter210_donors_vendors_hr_payslips.TestPayslipPdf" name="test_owner_staff_can_download" time="1.185" /><testcase classname="backend.tests.test_iter210_donors_vendors_hr_payslips.TestPayslipPdf" name="test_other_staff_forbidden" time="0.802" /><testcase classname="backend.tests.test_iter210_donors_vendors_hr_payslips.TestPayslipExport" name="test_director_csv_export" time="0.108" /><testcase classname="backend.tests.test_iter210_donors_vendors_hr_payslips.TestPayslipExport" name="test_director_zip_export" time="0.287" /><testcase classname="backend.tests.test_iter210_donors_vendors_hr_payslips.TestPayslipExport" name="test_staff_forbidden_csv" time="0.099" /><testcase classname="backend.tests.test_iter210_donors_vendors_hr_payslips.TestPayslipExport" name="test_staff_forbidden_zip" time="0.098" /><testcase classname="backend.tests.test_iter210_donors_vendors_hr_payslips.TestDonorsAutoCreate" name="test_donation_auto_creates_donor" time="0.211" /><testcase classname="backend.tests.test_iter210_donors_vendors_hr_payslips.TestDonorsAutoCreate" name="test_donor_suggest" time="0.111" /><testcase classname="backend.tests.test_iter210_donors_vendors_hr_payslips.TestDonorsAutoCreate" name="test_donor_transactions" time="0.206" /><testcase classname="backend.tests.test_iter210_donors_vendors_hr_payslips.TestDonorsAutoCreate" name="test_put_donor_valid_category" time="0.310" /><testcase classname="backend.tests.test_iter210_donors_vendors_hr_payslips.TestDonorsAutoCreate" name="test_put_donor_invalid_category" time="0.222" /><testcase classname="backend.tests.test_iter210_donors_vendors_hr_payslips.TestVendorsAutoCreate" name="test_expense_auto_creates_vendor" time="0.197" /><testcase classname="backend.tests.test_iter210_donors_vendors_hr_payslips.TestVendorsAutoCreate" name="test_vendor_suggest" time="0.114" /><testcase classname="backend.tests.test_iter210_donors_vendors_hr_payslips.TestVendorsAutoCreate" name="test_vendor_transactions" time="0.196" /><testcase classname="backend.tests.test_iter210_donors_vendors_hr_payslips.TestVendorsAutoCreate" name="test_put_vendor_valid_category" time="0.310" /><testcase classname="backend.tests.test_iter210_donors_vendors_hr_payslips.TestVendorsAutoCreate" name="test_put_vendor_invalid_category" time="0.202" /><testcase classname="backend.tests.test_iter210_donors_vendors_hr_payslips.TestBackfill" name="test_backfill_admin_idempotent" time="0.248"><failure message="AssertionError: idempotency broken: {'donors_created': 24, 'vendors_created': 0, 'message': 'Backfill complete — created 24 donor profiles and 0 vendor profiles from historical entries.'}&#10;assert 24 == 0">backend/tests/test_iter210_donors_vendors_hr_payslips.py:401: in test_backfill_admin_idempotent
    assert d2["donors_created"] == 0, f"idempotency broken: {d2}"
E   AssertionError: idempotency broken: {'donors_created': 24, 'vendors_created': 0, 'message': 'Backfill complete — created 24 donor profiles and 0 vendor profiles from historical entries.'}
E   assert 24 == 0</failure></testcase><testcase classname="backend.tests.test_iter210_donors_vendors_hr_payslips.TestRegression" name="test_donation_still_works" time="0.113" /><testcase classname="backend.tests.test_iter210_donors_vendors_hr_payslips.TestRegression" name="test_expense_still_works" time="0.114" /></testsuite></testsuites>