<?xml version="1.0" encoding="utf-8"?><testsuites name="pytest tests"><testsuite name="pytest" errors="0" failures="0" skipped="0" tests="14" time="5.502" timestamp="2026-06-16T01:47:08.846508+00:00" hostname="agent-env-9a9c5984-9441-4d6f-b2b7-adde78cccd8f"><testcase classname="backend.tests.test_social_reviews" name="test_school_template_pdf" time="1.203" /><testcase classname="backend.tests.test_social_reviews" name="test_welfare_template_pdf" time="0.454" /><testcase classname="backend.tests.test_social_reviews" name="test_template_invalid_kind" time="0.114" /><testcase classname="backend.tests.test_social_reviews" name="test_template_requires_auth" time="0.138" /><testcase classname="backend.tests.test_social_reviews" name="test_create_school_review_and_auto_sync" time="0.447" /><testcase classname="backend.tests.test_social_reviews" name="test_create_welfare_with_protection_flags" time="0.418" /><testcase classname="backend.tests.test_social_reviews" name="test_invalid_kind_rejected" time="0.124" /><testcase classname="backend.tests.test_social_reviews" name="test_invalid_child_rejected" time="0.105" /><testcase classname="backend.tests.test_social_reviews" name="test_list_filter_by_kind" time="0.750" /><testcase classname="backend.tests.test_social_reviews" name="test_update_reapplies_sync" time="0.466" /><testcase classname="backend.tests.test_social_reviews" name="test_delete_soft" time="0.323" /><testcase classname="backend.tests.test_social_reviews" name="test_upload_scan_pdf" time="0.477" /><testcase classname="backend.tests.test_social_reviews" name="test_upload_scan_wrong_mime" time="0.171" /><testcase classname="backend.tests.test_social_reviews" name="test_upload_scan_invalid_kind" time="0.218" /></testsuite></testsuites>