<?xml version="1.0" encoding="utf-8"?><testsuites name="pytest tests"><testsuite name="pytest" errors="0" failures="0" skipped="0" tests="18" time="9.780" timestamp="2026-07-17T15:12:22.154833+00:00" hostname="agent-env-9a9c5984-9441-4d6f-b2b7-adde78cccd8f"><testcase classname="backend.tests.test_iter223_packing_airport.TestPresets" name="test_get_presets_has_12" time="0.582" /><testcase classname="backend.tests.test_iter223_packing_airport.TestModeAndTracking" name="test_mode_container" time="0.180" /><testcase classname="backend.tests.test_iter223_packing_airport.TestModeAndTracking" name="test_mode_airport" time="0.103" /><testcase classname="backend.tests.test_iter223_packing_airport.TestModeAndTracking" name="test_mode_invalid" time="0.059" /><testcase classname="backend.tests.test_iter223_packing_airport.TestModeAndTracking" name="test_tracking_fields_persist" time="0.102" /><testcase classname="backend.tests.test_iter223_packing_airport.TestPackingUnits" name="test_create_with_preset" time="0.104" /><testcase classname="backend.tests.test_iter223_packing_airport.TestPackingUnits" name="test_create_invalid_type_400" time="0.047" /><testcase classname="backend.tests.test_iter223_packing_airport.TestPackingUnits" name="test_stacking_parent_and_child_orphaning" time="0.245" /><testcase classname="backend.tests.test_iter223_packing_airport.TestPackingUnits" name="test_update_whitelist" time="0.157" /><testcase classname="backend.tests.test_iter223_packing_airport.TestPackingUnits" name="test_delete_unassigns_items" time="0.337" /><testcase classname="backend.tests.test_iter223_packing_airport.TestPassengersAndSuitcases" name="test_passenger_requires_name" time="0.100" /><testcase classname="backend.tests.test_iter223_packing_airport.TestPassengersAndSuitcases" name="test_passenger_create_and_update" time="0.216" /><testcase classname="backend.tests.test_iter223_packing_airport.TestPassengersAndSuitcases" name="test_suitcase_requires_passenger" time="0.047" /><testcase classname="backend.tests.test_iter223_packing_airport.TestPassengersAndSuitcases" name="test_suitcase_preset_and_default_type" time="0.139" /><testcase classname="backend.tests.test_iter223_packing_airport.TestPassengersAndSuitcases" name="test_passenger_delete_cascade" time="0.403" /><testcase classname="backend.tests.test_iter223_packing_airport.TestPassengersAndSuitcases" name="test_suitcase_delete_unassigns_items" time="0.407" /><testcase classname="backend.tests.test_iter223_packing_airport.TestAITracking" name="test_ai_tracking_urls_and_summary" time="6.351" /><testcase classname="backend.tests.test_iter223_packing_airport.TestAITracking" name="test_ai_tracking_shipment_not_found" time="0.108" /></testsuite></testsuites>