<?xml version="1.0" encoding="utf-8"?><testsuites name="pytest tests"><testsuite name="pytest" errors="0" failures="0" skipped="0" tests="7" time="6.472" timestamp="2026-09-19T15:39:02.253199+00:00" hostname="agent-env-9a9c5984-9441-4d6f-b2b7-adde78cccd8f"><testcase classname="backend.tests.test_iter361_lesson_planning" name="test_theme_crud" time="1.520" /><testcase classname="backend.tests.test_iter361_lesson_planning" name="test_outreach_events_listing" time="0.528" /><testcase classname="backend.tests.test_iter361_lesson_planning" name="test_plan_lifecycle" time="1.716" /><testcase classname="backend.tests.test_iter361_lesson_planning" name="test_purchase_order_from_plan" time="0.331" /><testcase classname="backend.tests.test_iter361_lesson_planning" name="test_duplicate_plan" time="0.583" /><testcase classname="backend.tests.test_iter361_lesson_planning" name="test_my_slots_and_delete" time="0.742" /><testcase classname="backend.tests.test_iter361_lesson_planning" name="test_requires_auth" time="0.993" /></testsuite></testsuites>