<?xml version="1.0" encoding="utf-8"?><testsuites name="pytest tests"><testsuite name="pytest" errors="0" failures="0" skipped="0" tests="13" time="15.218" timestamp="2026-06-01T00:14:55.177120+00:00" hostname="agent-env-9a9c5984-9441-4d6f-b2b7-adde78cccd8f"><testcase classname="tests.test_iteration150_backup_restore.TestPreview" name="test_preview_admin_ok" time="0.667" /><testcase classname="tests.test_iteration150_backup_restore.TestPreview" name="test_preview_non_admin_forbidden" time="0.429" /><testcase classname="tests.test_iteration150_backup_restore.TestExport" name="test_export_returns_tarball" time="0.293" /><testcase classname="tests.test_iteration150_backup_restore.TestExport" name="test_export_non_admin_forbidden" time="0.116" /><testcase classname="tests.test_iteration150_backup_restore.TestImportGates" name="test_import_missing_password_422" time="0.157" /><testcase classname="tests.test_iteration150_backup_restore.TestImportGates" name="test_import_wrong_password_401" time="0.393" /><testcase classname="tests.test_iteration150_backup_restore.TestImportGates" name="test_import_corrupted_file_400" time="0.442" /><testcase classname="tests.test_iteration150_backup_restore.TestImportGates" name="test_import_future_version_400" time="0.505" /><testcase classname="tests.test_iteration150_backup_restore.TestImportBehavior" name="test_dry_run_does_not_write" time="0.686" /><testcase classname="tests.test_iteration150_backup_restore.TestImportBehavior" name="test_merge_import_round_trip" time="3.509" /><testcase classname="tests.test_iteration150_backup_restore.TestSnapshots" name="test_list_snapshots" time="0.149" /><testcase classname="tests.test_iteration150_backup_restore.TestSnapshots" name="test_download_snapshot" time="0.194" /><testcase classname="tests.test_iteration150_backup_restore.TestReplaceMode" name="test_replace_drops_then_restores" time="7.594" /></testsuite></testsuites>