<?xml version="1.0" encoding="utf-8"?><testsuites name="pytest tests"><testsuite name="pytest" errors="0" failures="0" skipped="1" tests="16" time="2.946" timestamp="2026-05-29T04:13:03.976791+00:00" hostname="agent-env-9a9c5984-9441-4d6f-b2b7-adde78cccd8f"><testcase classname="backend.tests.test_iteration116_activity_pdf_export.TestActivityGetRegression" name="test_get_activity_member" time="0.516" /><testcase classname="backend.tests.test_iteration116_activity_pdf_export.TestExportJSONEnvelope" name="test_default_format_is_json" time="0.113" /><testcase classname="backend.tests.test_iteration116_activity_pdf_export.TestExportJSONEnvelope" name="test_explicit_format_json" time="0.107" /><testcase classname="backend.tests.test_iteration116_activity_pdf_export.TestExportPDFAllKinds" name="test_pdf_export[member]" time="0.644" /><testcase classname="backend.tests.test_iteration116_activity_pdf_export.TestExportPDFAllKinds" name="test_pdf_export[child]" time="0.049"><skipped type="pytest.skip" message="no child seeded">/app/backend/tests/test_iteration116_activity_pdf_export.py:119: no child seeded</skipped></testcase><testcase classname="backend.tests.test_iteration116_activity_pdf_export.TestExportPDFAllKinds" name="test_pdf_export[user]" time="0.176" /><testcase classname="backend.tests.test_iteration116_activity_pdf_export.TestExportPDFAllKinds" name="test_pdf_export[guest]" time="0.154" /><testcase classname="backend.tests.test_iteration116_activity_pdf_export.TestExportPDFAllKinds" name="test_pdf_export[customer]" time="0.162" /><testcase classname="backend.tests.test_iteration116_activity_pdf_export.TestPDFBodyContains" name="test_pdf_contains_name_and_heading" time="0.208" /><testcase classname="backend.tests.test_iteration116_activity_pdf_export.TestSyntheticCustomerFallback" name="test_synthetic_customer_pdf_200" time="0.217" /><testcase classname="backend.tests.test_iteration116_activity_pdf_export.TestSyntheticCustomerFallback" name="test_synthetic_customer_pdf_body_has_heading_and_name" time="0.121" /><testcase classname="backend.tests.test_iteration116_activity_pdf_export.TestSyntheticCustomerFallback" name="test_synthetic_customer_json_200" time="0.057" /><testcase classname="backend.tests.test_iteration116_activity_pdf_export.TestExportUnknownId" name="test_unknown_member_returns_404" time="0.076" /><testcase classname="backend.tests.test_iteration116_activity_pdf_export.TestExportUnknownId" name="test_unknown_member_json_returns_404" time="0.050" /><testcase classname="backend.tests.test_iteration116_activity_pdf_export.TestExportUnknownId" name="test_invalid_kind_returns_400" time="0.065" /><testcase classname="backend.tests.test_iteration116_activity_pdf_export.TestExportMatchesRead" name="test_export_activity_matches_read_count_shape" time="0.157" /></testsuite></testsuites>