<?xml version="1.0" encoding="utf-8"?><testsuites name="pytest tests"><testsuite name="pytest" errors="0" failures="1" skipped="0" tests="9" time="3.646" timestamp="2026-09-05T17:55:47.540407+00:00" hostname="agent-env-9a9c5984-9441-4d6f-b2b7-adde78cccd8f"><testcase classname="tests.test_iter294_director_digest_and_regression" name="test_digest_function_defined_and_called" time="0.003" /><testcase classname="tests.test_iter294_director_digest_and_regression" name="test_digest_creates_row_and_is_idempotent" time="1.381" /><testcase classname="tests.test_iter294_director_digest_and_regression" name="test_digest_scope_respects_location_ids" time="0.008" /><testcase classname="tests.test_iter294_director_digest_and_regression" name="test_review_queue_list" time="0.687" /><testcase classname="tests.test_iter294_director_digest_and_regression" name="test_reports_pdf_without_fx" time="0.798" /><testcase classname="tests.test_iter294_director_digest_and_regression" name="test_reports_pdf_with_fx" time="0.225" /><testcase classname="tests.test_iter294_director_digest_and_regression" name="test_hr_payslips_generate_payday" time="0.188" /><testcase classname="tests.test_iter294_director_digest_and_regression" name="test_bank_accounts_list" time="0.135" /><testcase classname="tests.test_iter294_director_digest_and_regression" name="test_finance_journal_entries_list" time="0.112"><failure message="AssertionError: {&quot;detail&quot;:&quot;Not Found&quot;}&#10;assert 404 == 200&#10; +  where 404 = &lt;Response [404]&gt;.status_code">tests/test_iter294_director_digest_and_regression.py:223: in test_finance_journal_entries_list
    assert r.status_code == 200, r.text[:300]
E   AssertionError: {"detail":"Not Found"}
E   assert 404 == 200
E    +  where 404 = &lt;Response [404]&gt;.status_code</failure></testcase></testsuite></testsuites>