<?xml version="1.0" encoding="utf-8"?><testsuites name="pytest tests"><testsuite name="pytest" errors="0" failures="0" skipped="0" tests="9" time="9.426" timestamp="2026-09-12T16:43:05.973657+00:00" hostname="agent-env-9a9c5984-9441-4d6f-b2b7-adde78cccd8f"><testcase classname="backend.tests.test_iter346_api_integration" name="test_public_settings_reflects_online_payments_flag" time="1.360" /><testcase classname="backend.tests.test_iter346_api_integration" name="test_shop_collection_order_when_online_disabled" time="1.439" /><testcase classname="backend.tests.test_iter346_api_integration" name="test_shop_online_disabled_rejects_pay_now" time="0.907" /><testcase classname="backend.tests.test_iter346_api_integration" name="test_shop_online_momo_requires_phone" time="1.087" /><testcase classname="backend.tests.test_iter346_api_integration" name="test_shop_online_card_rolls_back_stock_on_bad_keys" time="1.864" /><testcase classname="backend.tests.test_iter346_api_integration" name="test_boards_include_sublocation_boards" time="0.913" /><testcase classname="backend.tests.test_iter346_api_integration" name="test_consumable_tracking_sheet_html" time="0.636" /><testcase classname="backend.tests.test_iter346_api_integration" name="test_bank_accounts_list_ok" time="0.505" /><testcase classname="backend.tests.test_iter346_api_integration" name="test_reset_payments_disabled_at_end" time="0.644" /></testsuite></testsuites>