<?xml version="1.0" encoding="utf-8"?><testsuites name="pytest tests"><testsuite name="pytest" errors="0" failures="0" skipped="0" tests="22" time="12.955" timestamp="2026-09-09T19:52:25.501372+00:00" hostname="agent-env-9a9c5984-9441-4d6f-b2b7-adde78cccd8f"><testcase classname="backend.tests.test_iter319_public_shop_and_repairs.TestPublicShopOptIn" name="test_public_products_unauth_no_optin" time="2.657" /><testcase classname="backend.tests.test_iter319_public_shop_and_repairs.TestPublicShopOptIn" name="test_publish_product_appears" time="0.263" /><testcase classname="backend.tests.test_iter319_public_shop_and_repairs.TestPublicShopOptIn" name="test_country_filter_ug" time="0.096" /><testcase classname="backend.tests.test_iter319_public_shop_and_repairs.TestPublicShopOrdering" name="test_missing_name" time="0.111" /><testcase classname="backend.tests.test_iter319_public_shop_and_repairs.TestPublicShopOrdering" name="test_missing_email" time="0.090" /><testcase classname="backend.tests.test_iter319_public_shop_and_repairs.TestPublicShopOrdering" name="test_empty_basket" time="0.093" /><testcase classname="backend.tests.test_iter319_public_shop_and_repairs.TestPublicShopOrdering" name="test_over_stock_rejected" time="0.093" /><testcase classname="backend.tests.test_iter319_public_shop_and_repairs.TestPublicShopOrdering" name="test_price_tampering_ignored" time="0.276" /><testcase classname="backend.tests.test_iter319_public_shop_and_repairs.TestPublicShopOrdering" name="test_non_sell_online_rejected" time="0.295" /><testcase classname="backend.tests.test_iter319_public_shop_and_repairs.TestPublicShopSideEffects" name="test_order_effects" time="0.920" /><testcase classname="backend.tests.test_iter319_public_shop_and_repairs.TestPaymentStatusJournalEntry" name="test_paid_posts_reverse_and_no_double_post" time="2.740" /><testcase classname="backend.tests.test_iter319_public_shop_and_repairs.TestCustomers" name="test_list_customers" time="0.141" /><testcase classname="backend.tests.test_iter319_public_shop_and_repairs.TestCustomers" name="test_customer_crud" time="0.696" /><testcase classname="backend.tests.test_iter319_public_shop_and_repairs.TestStatements" name="test_statement_json" time="0.208" /><testcase classname="backend.tests.test_iter319_public_shop_and_repairs.TestStatements" name="test_schedule_list" time="0.159" /><testcase classname="backend.tests.test_iter319_public_shop_and_repairs.TestStatements" name="test_schedule_save" time="0.363" /><testcase classname="backend.tests.test_iter319_public_shop_and_repairs.TestPaymentReminders" name="test_reminder_endpoint_exists" time="0.151" /><testcase classname="backend.tests.test_iter319_public_shop_and_repairs.TestResources" name="test_get_resource_by_id" time="0.166" /><testcase classname="backend.tests.test_iter319_public_shop_and_repairs.TestChartAccountsSeed" name="test_seed_idempotent" time="0.233" /><testcase classname="backend.tests.test_iter319_public_shop_and_repairs.TestCampusReportsRemoved" name="test_backend_campus_reports_removed" time="0.508" /><testcase classname="backend.tests.test_iter319_public_shop_and_repairs.TestRegression" name="test_store_settings" time="0.353" /><testcase classname="backend.tests.test_iter319_public_shop_and_repairs.TestRegression" name="test_pos_cash_sale_posts_je_and_decrements_stock" time="2.244" /></testsuite></testsuites>