<?xml version="1.0" encoding="utf-8"?><testsuites name="pytest tests"><testsuite name="pytest" errors="0" failures="0" skipped="0" tests="6" time="3.461" timestamp="2026-09-12T17:35:24.248750+00:00" hostname="agent-env-9a9c5984-9441-4d6f-b2b7-adde78cccd8f"><testcase classname="backend.tests.test_iter347_p2p3_backlog.TestRejectedAccessRequests" name="test_rejection_flow_and_admin_endpoints" time="1.419" /><testcase classname="backend.tests.test_iter347_p2p3_backlog.TestRejectedAccessRequests" name="test_rate_limit_after_5_hits" time="1.147" /><testcase classname="backend.tests.test_iter347_p2p3_backlog.TestRejectedAccessRequests" name="test_clear_all_requires_admin" time="0.131" /><testcase classname="backend.tests.test_iter347_p2p3_backlog.TestMissedCalls" name="test_post_get_dedupe_handled" time="0.405" /><testcase classname="backend.tests.test_iter347_p2p3_backlog.TestLegacyDeptMigration" name="test_scan_returns_shape" time="0.069" /><testcase classname="backend.tests.test_iter347_p2p3_backlog.TestLegacyDeptMigration" name="test_dry_run_no_creation" time="0.221" /></testsuite></testsuites>