<?xml version="1.0" encoding="utf-8"?><testsuites name="pytest tests"><testsuite name="pytest" errors="0" failures="0" skipped="0" tests="15" time="3.878" timestamp="2026-06-27T17:28:52.660852+00:00" hostname="agent-env-9a9c5984-9441-4d6f-b2b7-adde78cccd8f"><testcase classname="backend.tests.test_iter176_pbx_phase2.TestApply" name="test_apply_returns_200_when_ami_unset" time="0.539" /><testcase classname="backend.tests.test_iter176_pbx_phase2.TestApply" name="test_apply_requires_admin" time="0.450" /><testcase classname="backend.tests.test_iter176_pbx_phase2.TestRegistrations" name="test_registrations_graceful_when_ami_unset" time="0.108" /><testcase classname="backend.tests.test_iter176_pbx_phase2.TestRegistrations" name="test_registrations_requires_admin" time="0.095" /><testcase classname="backend.tests.test_iter176_pbx_phase2.TestOriginate" name="test_originate_missing_fields_400" time="0.312" /><testcase classname="backend.tests.test_iter176_pbx_phase2.TestOriginate" name="test_originate_unknown_extension_404" time="0.106" /><testcase classname="backend.tests.test_iter176_pbx_phase2.TestOriginate" name="test_originate_503_when_ami_unset" time="0.337" /><testcase classname="backend.tests.test_iter176_pbx_phase2.TestOriginate" name="test_originate_requires_admin" time="0.100" /><testcase classname="backend.tests.test_iter176_pbx_phase2.TestSoftphoneMe" name="test_softphone_204_when_no_extension" time="0.304" /><testcase classname="backend.tests.test_iter176_pbx_phase2.TestSoftphoneMe" name="test_softphone_returns_creds_when_wss_assigned" time="0.315" /><testcase classname="backend.tests.test_iter176_pbx_phase2.TestSoftphoneMe" name="test_softphone_accessible_by_non_admin" time="0.102" /><testcase classname="backend.tests.test_iter176_pbx_phase2.TestClickToCallConfig" name="test_click_to_call_204_when_no_ext" time="0.102" /><testcase classname="backend.tests.test_iter176_pbx_phase2.TestClickToCallConfig" name="test_click_to_call_200_with_udp_ext" time="0.407" /><testcase classname="backend.tests.test_iter176_pbx_phase2.TestClickToCallConfig" name="test_click_to_call_softphone_flag_true_for_wss" time="0.315" /><testcase classname="backend.tests.test_iter176_pbx_phase2.TestTrunkRegisterValidation" name="test_trunk_register_requires_username" time="0.204" /></testsuite></testsuites>