<?xml version="1.0" encoding="utf-8"?><testsuites name="pytest tests"><testsuite name="pytest" errors="0" failures="0" skipped="0" tests="11" time="3.292" timestamp="2026-06-01T14:49:29.684424+00:00" hostname="agent-env-9a9c5984-9441-4d6f-b2b7-adde78cccd8f"><testcase classname="backend.tests.test_iteration160_telemetry_license" name="test_heartbeat_unlicensed_install" time="0.210" /><testcase classname="backend.tests.test_iteration160_telemetry_license" name="test_heartbeat_invalid_key" time="0.137" /><testcase classname="backend.tests.test_iteration160_telemetry_license" name="test_heartbeat_requires_install_id" time="0.118" /><testcase classname="backend.tests.test_iteration160_telemetry_license" name="test_heartbeat_dedup_within_8h" time="0.222" /><testcase classname="backend.tests.test_iteration160_telemetry_license" name="test_issue_license_requires_org_name" time="0.461" /><testcase classname="backend.tests.test_iteration160_telemetry_license" name="test_issue_list_block_delete_license_roundtrip" time="0.917" /><testcase classname="backend.tests.test_iteration160_telemetry_license" name="test_expired_license_returns_expired_status" time="0.330" /><testcase classname="backend.tests.test_iteration160_telemetry_license" name="test_admin_endpoints_require_admin" time="0.359" /><testcase classname="backend.tests.test_iteration160_telemetry_license" name="test_install_roster_includes_recent" time="0.245" /><testcase classname="backend.tests.test_iteration160_telemetry_license" name="test_license_self_endpoint_works" time="0.106" /><testcase classname="backend.tests.test_iteration160_telemetry_license" name="test_license_configure_requires_admin" time="0.131" /></testsuite></testsuites>