<?xml version="1.0" encoding="utf-8"?><testsuites name="pytest tests"><testsuite name="pytest" errors="0" failures="0" skipped="1" tests="7" time="5.267" timestamp="2026-06-11T02:30:48.915040+00:00" hostname="agent-env-9a9c5984-9441-4d6f-b2b7-adde78cccd8f"><testcase classname="backend.tests.test_iter163_events_attendees_recurring.TestAttendeesVisibility" name="test_public_booking_appears_in_attendees" time="1.007" /><testcase classname="backend.tests.test_iter163_events_attendees_recurring.TestAttendeesVisibility" name="test_cancelled_booking_excluded" time="0.376"><skipped type="pytest.skip" message="No public endpoint to cancel a booking (404); skipping cancel-exclude check">/app/backend/tests/test_iter163_events_attendees_recurring.py:136: No public endpoint to cancel a booking (404); skipping cancel-exclude check</skipped></testcase><testcase classname="backend.tests.test_iter163_events_attendees_recurring.TestGenerateRecurring" name="test_weekly_10_no_enddate" time="0.122" /><testcase classname="backend.tests.test_iter163_events_attendees_recurring.TestGenerateRecurring" name="test_monthly_6_with_5month_enddate" time="0.112" /><testcase classname="backend.tests.test_iter163_events_attendees_recurring.TestGenerateRecurring" name="test_enddate_before_startdate_returns_zero" time="0.127" /><testcase classname="backend.tests.test_iter163_events_attendees_recurring.TestGenerateRecurring" name="test_daily_5_regression" time="0.138" /><testcase classname="backend.tests.test_iter163_events_attendees_recurring.TestGenerateRecurring" name="test_monthly_too_close_returns_one_bug_fingerprint" time="3.325" /></testsuite></testsuites>