<?xml version="1.0" encoding="utf-8"?><testsuites name="pytest tests"><testsuite name="pytest" errors="0" failures="0" skipped="0" tests="22" time="9.183" timestamp="2026-07-05T01:45:12.640056+00:00" hostname="agent-env-9a9c5984-9441-4d6f-b2b7-adde78cccd8f"><testcase classname="backend.tests.test_iter214_hr_rbac_pto_timesheets.TestPayslipScoping" name="test_staff_sees_only_own" time="2.882" /><testcase classname="backend.tests.test_iter214_hr_rbac_pto_timesheets.TestPayslipScoping" name="test_director_sees_only_own_locations" time="0.132" /><testcase classname="backend.tests.test_iter214_hr_rbac_pto_timesheets.TestPayslipScoping" name="test_admin_sees_target_payslip" time="0.122" /><testcase classname="backend.tests.test_iter214_hr_rbac_pto_timesheets.TestTimesheetOnBehalf" name="test_staff_cannot_submit_for_other" time="0.117" /><testcase classname="backend.tests.test_iter214_hr_rbac_pto_timesheets.TestTimesheetOnBehalf" name="test_director_submits_onbehalf_same_location" time="0.118" /><testcase classname="backend.tests.test_iter214_hr_rbac_pto_timesheets.TestTimesheetOnBehalf" name="test_director_cannot_submit_onbehalf_other_location" time="0.101" /><testcase classname="backend.tests.test_iter214_hr_rbac_pto_timesheets.TestTimesheetOnBehalf" name="test_admin_can_submit_onbehalf_any_location" time="0.102" /><testcase classname="backend.tests.test_iter214_hr_rbac_pto_timesheets.TestTimesheetOnBehalf" name="test_timesheets_list_scoping_staff" time="0.099" /><testcase classname="backend.tests.test_iter214_hr_rbac_pto_timesheets.TestTimesheetOnBehalf" name="test_timesheets_list_scoping_director" time="0.102" /><testcase classname="backend.tests.test_iter214_hr_rbac_pto_timesheets.TestTimeOffFlow" name="test_within_window_succeeds" time="0.119" /><testcase classname="backend.tests.test_iter214_hr_rbac_pto_timesheets.TestTimeOffFlow" name="test_beyond_window_fails" time="0.110" /><testcase classname="backend.tests.test_iter214_hr_rbac_pto_timesheets.TestTimeOffFlow" name="test_admin_override_admin_ok" time="0.721" /><testcase classname="backend.tests.test_iter214_hr_rbac_pto_timesheets.TestTimeOffFlow" name="test_admin_override_nonadmin_denied" time="0.225" /><testcase classname="backend.tests.test_iter214_hr_rbac_pto_timesheets.TestTimeOffFlow" name="test_onbehalf_director_same_loc" time="0.118" /><testcase classname="backend.tests.test_iter214_hr_rbac_pto_timesheets.TestTimeOffFlow" name="test_onbehalf_staff_denied" time="0.129" /><testcase classname="backend.tests.test_iter214_hr_rbac_pto_timesheets.TestTimeOffFlow" name="test_onbehalf_director_other_loc_denied" time="0.101" /><testcase classname="backend.tests.test_iter214_hr_rbac_pto_timesheets.TestTimeOffFlow" name="test_approve_by_director" time="0.212" /><testcase classname="backend.tests.test_iter214_hr_rbac_pto_timesheets.TestTimeOffFlow" name="test_approve_by_staff_denied" time="0.211" /><testcase classname="backend.tests.test_iter214_hr_rbac_pto_timesheets.TestTimeOffFlow" name="test_reject_by_director" time="2.532" /><testcase classname="backend.tests.test_iter214_hr_rbac_pto_timesheets.TestTimeOffFlow" name="test_list_scoping" time="0.212" /><testcase classname="backend.tests.test_iter214_hr_rbac_pto_timesheets.TestTimeOffFlow" name="test_delete_owner_pending_ok" time="0.215" /><testcase classname="backend.tests.test_iter214_hr_rbac_pto_timesheets.TestTimeOffFlow" name="test_delete_owner_approved_denied" time="0.438" /></testsuite></testsuites>