<?xml version="1.0" encoding="utf-8"?><testsuites name="pytest tests"><testsuite name="pytest" errors="0" failures="0" skipped="0" tests="13" time="17.409" timestamp="2026-07-06T13:35:07.073961+00:00" hostname="agent-env-9a9c5984-9441-4d6f-b2b7-adde78cccd8f"><testcase classname="backend.tests.test_iter217_shipping_hs_manifest.TestItemCondition" name="test_condition_defaults_to_used" time="0.684" /><testcase classname="backend.tests.test_iter217_shipping_hs_manifest.TestItemCondition" name="test_condition_new_persists" time="0.049" /><testcase classname="backend.tests.test_iter217_shipping_hs_manifest.TestItemCondition" name="test_condition_refurbished_persists" time="0.050" /><testcase classname="backend.tests.test_iter217_shipping_hs_manifest.TestItemCondition" name="test_condition_invalid_coerces_to_used" time="0.058" /><testcase classname="backend.tests.test_iter217_shipping_hs_manifest.TestItemUpdate" name="test_put_updates_hs_code_and_condition" time="0.153" /><testcase classname="backend.tests.test_iter217_shipping_hs_manifest.TestHsClassification" name="test_single_item_classify_used_cotton_tshirts" time="3.589" /><testcase classname="backend.tests.test_iter217_shipping_hs_manifest.TestHsClassification" name="test_bulk_classify_only_missing" time="4.904" /><testcase classname="backend.tests.test_iter217_shipping_hs_manifest.TestHsClassification" name="test_bulk_classify_force_reclassifies_all" time="6.702" /><testcase classname="backend.tests.test_iter217_shipping_hs_manifest.TestManifestPdf" name="test_manifest_pdf_with_items" time="0.598" /><testcase classname="backend.tests.test_iter217_shipping_hs_manifest.TestManifestPdf" name="test_manifest_pdf_empty_shipment" time="0.229" /><testcase classname="backend.tests.test_iter217_shipping_hs_manifest.TestManifestPdf" name="test_manifest_pdf_404_for_unknown_shipment" time="0.052" /><testcase classname="backend.tests.test_iter217_shipping_hs_manifest.TestRegression" name="test_shipment_list_and_get" time="0.100" /><testcase classname="backend.tests.test_iter217_shipping_hs_manifest.TestRegression" name="test_delete_item" time="0.154" /></testsuite></testsuites>