<?xml version="1.0" encoding="utf-8"?><testsuites name="pytest tests"><testsuite name="pytest" errors="0" failures="0" skipped="0" tests="14" time="9.713" timestamp="2026-07-02T03:02:38.786525+00:00" hostname="agent-env-9a9c5984-9441-4d6f-b2b7-adde78cccd8f"><testcase classname="backend.tests.test_iter206_reversal_fix_and_hr_payslips.TestReversalFix" name="test_reversal_flips_line_status_and_tb_nets_to_zero" time="4.067" /><testcase classname="backend.tests.test_iter206_reversal_fix_and_hr_payslips.TestRepairEndpoint" name="test_repair_reversal_lines" time="0.960" /><testcase classname="backend.tests.test_iter206_reversal_fix_and_hr_payslips.TestBulkReverse" name="test_bulk_reverse_mixed" time="0.991" /><testcase classname="backend.tests.test_iter206_reversal_fix_and_hr_payslips.TestTimesheets" name="test_submit_resubmit_approve_reject_delete" time="1.159" /><testcase classname="backend.tests.test_iter206_reversal_fix_and_hr_payslips.TestGeneratePayslips" name="test_generate_uses_approved_timesheet" time="0.282" /><testcase classname="backend.tests.test_iter206_reversal_fix_and_hr_payslips.TestGeneratePayslips" name="test_explicit_override_beats_timesheet" time="0.182" /><testcase classname="backend.tests.test_iter206_reversal_fix_and_hr_payslips.TestManualPayslipUnchanged" name="test_manual_still_works" time="0.058" /><testcase classname="backend.tests.test_iter206_reversal_fix_and_hr_payslips.TestPayrollAutoTag" name="test_mark_paid_creates_expense_with_paid_from" time="0.458" /><testcase classname="backend.tests.test_iter206_reversal_fix_and_hr_payslips.TestPayrollAutoTag" name="test_second_paid_aggregates_and_preserves_paid_from" time="0.221" /><testcase classname="backend.tests.test_iter206_reversal_fix_and_hr_payslips.TestSelfServicePayslips" name="test_mine_returns_only_own" time="0.050" /><testcase classname="backend.tests.test_iter206_reversal_fix_and_hr_payslips.TestSelfServicePayslips" name="test_mine_by_id_owner_ok_cross_user_blocked" time="0.922" /><testcase classname="backend.tests.test_iter206_reversal_fix_and_hr_payslips.TestRegression" name="test_profit_loss_shape" time="0.057" /><testcase classname="backend.tests.test_iter206_reversal_fix_and_hr_payslips.TestRegression" name="test_balance_sheet_shape" time="0.066" /><testcase classname="backend.tests.test_iter206_reversal_fix_and_hr_payslips.TestRegression" name="test_attendance_summary" time="0.168" /></testsuite></testsuites>