<?xml version="1.0" encoding="utf-8"?><testsuites name="pytest tests"><testsuite name="pytest" errors="0" failures="0" skipped="0" tests="13" time="6.258" timestamp="2026-04-27T01:52:38.560930+00:00" hostname="agent-env-d7f2a089-10f6-42f6-a000-1740c8230ce9"><testcase classname="backend.tests.test_iteration72_child_parents.TestChildParentManagement" name="test_get_children_list" time="0.444" /><testcase classname="backend.tests.test_iteration72_child_parents.TestChildParentManagement" name="test_get_guests_list" time="0.448" /><testcase classname="backend.tests.test_iteration72_child_parents.TestChildParentManagement" name="test_get_members_list" time="0.436" /><testcase classname="backend.tests.test_iteration72_child_parents.TestChildParentManagement" name="test_create_child_with_parent_ids" time="0.592" /><testcase classname="backend.tests.test_iteration72_child_parents.TestChildParentManagement" name="test_get_child_parents_endpoint" time="0.647" /><testcase classname="backend.tests.test_iteration72_child_parents.TestChildParentManagement" name="test_get_child_parents_empty" time="0.549" /><testcase classname="backend.tests.test_iteration72_child_parents.TestChildParentManagement" name="test_get_child_parents_not_found" time="0.385" /><testcase classname="backend.tests.test_iteration72_child_parents.TestChildParentManagement" name="test_update_child_parent_ids" time="0.682" /><testcase classname="backend.tests.test_iteration72_child_parents.TestChildParentManagement" name="test_parent_from_staff_member" time="0.549" /><testcase classname="backend.tests.test_iteration72_child_parents.TestLocationsAndCampusPhone" name="test_get_locations" time="0.396" /><testcase classname="backend.tests.test_iteration72_child_parents.TestLocationsAndCampusPhone" name="test_child_with_location_returns_campus_phone" time="0.579" /><testcase classname="backend.tests.test_iteration72_child_parents.TestHealthAndBasicEndpoints" name="test_health_endpoint" time="0.116" /><testcase classname="backend.tests.test_iteration72_child_parents.TestHealthAndBasicEndpoints" name="test_login_endpoint" time="0.354" /></testsuite></testsuites>