<?xml version="1.0" encoding="utf-8"?><testsuites name="pytest tests"><testsuite name="pytest" errors="0" failures="0" skipped="0" tests="8" time="7.161" timestamp="2026-04-24T19:49:53.474939+00:00" hostname="agent-env-d7f2a089-10f6-42f6-a000-1740c8230ce9"><testcase classname="backend.tests.test_iteration52_nfc_write.TestNfcWriteEndpoint" name="test_nfc_write_success" time="1.024" /><testcase classname="backend.tests.test_iteration52_nfc_write.TestNfcWriteEndpoint" name="test_nfc_write_missing_serial" time="0.612" /><testcase classname="backend.tests.test_iteration52_nfc_write.TestNfcWriteEndpoint" name="test_nfc_write_nonexistent_member" time="0.618" /><testcase classname="backend.tests.test_iteration52_nfc_write.TestNfcWriteEndpoint" name="test_nfc_write_existing_tag_marks_written" time="0.973" /><testcase classname="backend.tests.test_iteration52_nfc_write.TestNfcWriteDuplicateCheck" name="test_nfc_write_duplicate_serial_returns_409" time="0.838" /><testcase classname="backend.tests.test_iteration52_nfc_write.TestNfcWriteRoleRestriction" name="test_nfc_write_requires_director_role" time="1.584" /><testcase classname="backend.tests.test_iteration52_nfc_write.TestNfcWriteLog" name="test_nfc_write_creates_log_entry" time="0.734" /><testcase classname="backend.tests.test_iteration52_nfc_write.TestDirectorRolesCanWrite" name="test_admin_can_write_nfc" time="0.712" /></testsuite></testsuites>