<?xml version="1.0" encoding="utf-8"?><testsuites name="pytest tests"><testsuite name="pytest" errors="0" failures="0" skipped="0" tests="17" time="7.519" timestamp="2026-04-26T13:54:05.663741+00:00" hostname="agent-env-d7f2a089-10f6-42f6-a000-1740c8230ce9"><testcase classname="backend.tests.test_iteration68_security_sales.TestGoogleAuthSecurity" name="test_google_session_requires_session_id" time="0.298" /><testcase classname="backend.tests.test_iteration68_security_sales.TestGoogleAuthSecurity" name="test_google_session_invalid_session_returns_401" time="2.279" /><testcase classname="backend.tests.test_iteration68_security_sales.TestLoginSecurity" name="test_login_with_valid_admin_credentials" time="0.411" /><testcase classname="backend.tests.test_iteration68_security_sales.TestLoginSecurity" name="test_login_with_invalid_credentials" time="0.138" /><testcase classname="backend.tests.test_iteration68_security_sales.TestLoginSecurity" name="test_pending_user_login_returns_403" time="0.699" /><testcase classname="backend.tests.test_iteration68_security_sales.TestSalesPortalLogin" name="test_sales_portal_login_requires_last_name_and_pin" time="0.112" /><testcase classname="backend.tests.test_iteration68_security_sales.TestSalesPortalLogin" name="test_sales_portal_login_missing_pin" time="0.149" /><testcase classname="backend.tests.test_iteration68_security_sales.TestSalesPortalLogin" name="test_sales_portal_login_missing_last_name" time="0.117" /><testcase classname="backend.tests.test_iteration68_security_sales.TestSalesPortalLogin" name="test_sales_portal_login_invalid_credentials" time="0.143" /><testcase classname="backend.tests.test_iteration68_security_sales.TestAuthEndpoints" name="test_auth_me_requires_token" time="0.105" /><testcase classname="backend.tests.test_iteration68_security_sales.TestAuthEndpoints" name="test_auth_me_with_valid_token" time="0.449" /><testcase classname="backend.tests.test_iteration68_security_sales.TestAuthEndpoints" name="test_logout_endpoint" time="0.131" /><testcase classname="backend.tests.test_iteration68_security_sales.TestProductsEndpoint" name="test_get_products" time="0.469" /><testcase classname="backend.tests.test_iteration68_security_sales.TestProductsEndpoint" name="test_create_product" time="0.511" /><testcase classname="backend.tests.test_iteration68_security_sales.TestSalesEndpoint" name="test_get_sales" time="0.505" /><testcase classname="backend.tests.test_iteration68_security_sales.TestSalesEndpoint" name="test_create_sale" time="0.434" /><testcase classname="backend.tests.test_iteration68_security_sales.TestPortalEndpoints" name="test_portal_dashboard" time="0.497" /></testsuite></testsuites>