<?xml version="1.0" encoding="utf-8"?><testsuites name="pytest tests"><testsuite name="pytest" errors="0" failures="0" skipped="0" tests="18" time="4.013" timestamp="2026-04-25T15:29:46.843084+00:00" hostname="agent-env-d7f2a089-10f6-42f6-a000-1740c8230ce9"><testcase classname="backend.tests.test_iteration62_financial_campus.TestAuthLogin" name="test_login_success" time="0.497" /><testcase classname="backend.tests.test_iteration62_financial_campus.TestAuthLogin" name="test_login_invalid_credentials" time="0.153" /><testcase classname="backend.tests.test_iteration62_financial_campus.TestFinancialSummary" name="test_summary_returns_200" time="0.446" /><testcase classname="backend.tests.test_iteration62_financial_campus.TestFinancialSummary" name="test_summary_with_location_filter" time="0.147" /><testcase classname="backend.tests.test_iteration62_financial_campus.TestFinancialCashflow" name="test_cashflow_returns_200" time="0.113" /><testcase classname="backend.tests.test_iteration62_financial_campus.TestFinancialCashflow" name="test_cashflow_with_months_param" time="0.117" /><testcase classname="backend.tests.test_iteration62_financial_campus.TestDonationAutoLocationId" name="test_create_donation_auto_location" time="0.616" /><testcase classname="backend.tests.test_iteration62_financial_campus.TestDonationAutoLocationId" name="test_create_donation_explicit_location" time="0.269" /><testcase classname="backend.tests.test_iteration62_financial_campus.TestExpenseAutoLocationId" name="test_create_expense_auto_location" time="0.230" /><testcase classname="backend.tests.test_iteration62_financial_campus.TestProductAutoLocationId" name="test_create_product_auto_location" time="0.216" /><testcase classname="backend.tests.test_iteration62_financial_campus.TestSaleAutoLocationId" name="test_create_sale_auto_location" time="0.106" /><testcase classname="backend.tests.test_iteration62_financial_campus.TestDonationsListCampusFilter" name="test_list_donations_returns_200" time="0.106" /><testcase classname="backend.tests.test_iteration62_financial_campus.TestDonationsListCampusFilter" name="test_list_donations_with_location_filter" time="0.125" /><testcase classname="backend.tests.test_iteration62_financial_campus.TestExpensesListCampusFilter" name="test_list_expenses_returns_200" time="0.180" /><testcase classname="backend.tests.test_iteration62_financial_campus.TestExpensesListCampusFilter" name="test_list_expenses_with_location_filter" time="0.115" /><testcase classname="backend.tests.test_iteration62_financial_campus.TestDashboardStats" name="test_dashboard_stats_returns_200" time="0.126" /><testcase classname="backend.tests.test_iteration62_financial_campus.TestLocationsEndpoint" name="test_list_locations" time="0.146" /><testcase classname="backend.tests.test_iteration62_financial_campus.TestUserActiveCampus" name="test_get_user_profile" time="0.219" /></testsuite></testsuites>