<?xml version="1.0" encoding="utf-8"?><testsuites name="pytest tests"><testsuite name="pytest" errors="0" failures="0" skipped="0" tests="20" time="5.228" timestamp="2026-03-24T04:04:35.195587+00:00" hostname="agent-env-dcd91af1-772e-4278-b67b-e707911e28a8"><testcase classname="backend.tests.test_iteration15_new_features.TestVisitorRegister" name="test_visitor_register_creates_user_with_pin" time="0.716" /><testcase classname="backend.tests.test_iteration15_new_features.TestVisitorRegister" name="test_parent_register_creates_parent" time="0.326" /><testcase classname="backend.tests.test_iteration15_new_features.TestVisitorRegister" name="test_visitor_register_missing_name_returns_400" time="0.127" /><testcase classname="backend.tests.test_iteration15_new_features.TestVisitorRegister" name="test_existing_phone_returns_existing_user" time="0.113" /><testcase classname="backend.tests.test_iteration15_new_features.TestAdminCreateUser" name="test_create_user_returns_temp_password" time="0.345" /><testcase classname="backend.tests.test_iteration15_new_features.TestAdminCreateUser" name="test_create_user_with_member_profile" time="0.335" /><testcase classname="backend.tests.test_iteration15_new_features.TestAdminCreateUser" name="test_create_user_duplicate_email_returns_400" time="0.117" /><testcase classname="backend.tests.test_iteration15_new_features.TestAdminCreateUser" name="test_create_user_missing_fields_returns_400" time="0.134" /><testcase classname="backend.tests.test_iteration15_new_features.TestAdminImportUsers" name="test_import_users_bulk" time="0.546" /><testcase classname="backend.tests.test_iteration15_new_features.TestAdminImportUsers" name="test_import_duplicate_users_skipped" time="0.102" /><testcase classname="backend.tests.test_iteration15_new_features.TestAdminImportUsers" name="test_import_missing_name_creates_error" time="0.108" /><testcase classname="backend.tests.test_iteration15_new_features.TestAdminImportUsers" name="test_import_no_users_returns_400" time="0.121" /><testcase classname="backend.tests.test_iteration15_new_features.TestAdminUserList" name="test_list_users_returns_array" time="0.105" /><testcase classname="backend.tests.test_iteration15_new_features.TestAdminUserList" name="test_users_have_has_member_profile_field" time="0.114" /><testcase classname="backend.tests.test_iteration15_new_features.TestAdminUserList" name="test_created_user_has_member_profile_true" time="0.109" /><testcase classname="backend.tests.test_iteration15_new_features.TestArchivedTasks" name="test_get_archived_tasks_for_board" time="0.206" /><testcase classname="backend.tests.test_iteration15_new_features.TestArchivedTasks" name="test_archived_tasks_are_archived" time="0.308" /><testcase classname="backend.tests.test_iteration15_new_features.TestArchivedLists" name="test_get_archived_lists_for_board" time="0.121" /><testcase classname="backend.tests.test_iteration15_new_features.TestArchivedLists" name="test_archived_list_shows_in_archived_endpoint" time="0.324" /><testcase classname="backend.tests.test_iteration15_new_features.TestLocationTimezone" name="test_create_location_with_timezone" time="0.770" /></testsuite></testsuites>