<?xml version="1.0" encoding="utf-8"?><testsuites name="pytest tests"><testsuite name="pytest" errors="0" failures="0" skipped="0" tests="20" time="4.338" timestamp="2026-05-02T01:06:28.834291+00:00" hostname="agent-env-9a9c5984-9441-4d6f-b2b7-adde78cccd8f"><testcase classname="backend.tests.test_iteration79_features.TestRouterSplit" name="test_health" time="0.150" /><testcase classname="backend.tests.test_iteration79_features.TestRouterSplit" name="test_dashboard_stats" time="0.568" /><testcase classname="backend.tests.test_iteration79_features.TestRouterSplit" name="test_dashboard_action_items" time="0.149" /><testcase classname="backend.tests.test_iteration79_features.TestRouterSplit" name="test_people_stats" time="0.144" /><testcase classname="backend.tests.test_iteration79_features.TestRouterSplit" name="test_parent_dashboard" time="0.139" /><testcase classname="backend.tests.test_iteration79_features.TestRouterSplit" name="test_i18n_default" time="0.116" /><testcase classname="backend.tests.test_iteration79_features.TestRouterSplit" name="test_i18n_en" time="0.144" /><testcase classname="backend.tests.test_iteration79_features.TestRouterSplit" name="test_webcal_ics" time="0.217" /><testcase classname="backend.tests.test_iteration79_features.TestSessionManager" name="test_login_jwt_includes_jti" time="0.000" /><testcase classname="backend.tests.test_iteration79_features.TestSessionManager" name="test_list_sessions" time="0.107" /><testcase classname="backend.tests.test_iteration79_features.TestSessionManager" name="test_revoke_other_sessions" time="0.577" /><testcase classname="backend.tests.test_iteration79_features.TestSessionManager" name="test_revoke_specific_session_and_logout" time="1.113" /><testcase classname="backend.tests.test_iteration79_features.TestPush" name="test_vapid_key" time="0.116" /><testcase classname="backend.tests.test_iteration79_features.TestPush" name="test_push_subscribe_and_unsubscribe" time="0.234" /><testcase classname="backend.tests.test_iteration79_features.TestBirthdayAnniversary" name="test_fire_birthday_function_exists" time="0.001" /><testcase classname="backend.tests.test_iteration79_features.TestIndexes" name="test_sessions_jti_index_created_via_login" time="0.131" /><testcase classname="backend.tests.test_iteration79_features.TestIndexes" name="test_server_logs_indexes_ensured" time="0.000" /><testcase classname="backend.tests.test_iteration79_features.TestRegression" name="test_admin_directory_staff_only" time="0.106" /><testcase classname="backend.tests.test_iteration79_features.TestRegression" name="test_active_campus_requires_campus_id" time="0.130" /><testcase classname="backend.tests.test_iteration79_features.TestRegression" name="test_hr_payslips_generate_payday_endpoint_exists" time="0.113" /></testsuite></testsuites>