<?xml version="1.0" encoding="utf-8"?><testsuites name="pytest tests"><testsuite name="pytest" errors="0" failures="0" skipped="0" tests="23" time="1.763" timestamp="2026-03-27T11:57:30.824592+00:00" hostname="agent-env-b1170253-fe68-4c64-9f18-a9606179be87"><testcase classname="backend.tests.test_calling_feature.TestExtensionsAPI" name="test_list_extensions" time="0.538" /><testcase classname="backend.tests.test_calling_feature.TestExtensionsAPI" name="test_create_extension" time="0.065" /><testcase classname="backend.tests.test_calling_feature.TestExtensionsAPI" name="test_get_user_extension" time="0.051" /><testcase classname="backend.tests.test_calling_feature.TestExtensionsAPI" name="test_update_extension" time="0.048" /><testcase classname="backend.tests.test_calling_feature.TestPbxConfigsAPI" name="test_list_pbx_configs" time="0.048" /><testcase classname="backend.tests.test_calling_feature.TestPbxConfigsAPI" name="test_create_pbx_config" time="0.055" /><testcase classname="backend.tests.test_calling_feature.TestPbxConfigsAPI" name="test_test_pbx_connection" time="0.138" /><testcase classname="backend.tests.test_calling_feature.TestPbxConfigsAPI" name="test_update_pbx_config" time="0.044" /><testcase classname="backend.tests.test_calling_feature.TestPbxConfigsAPI" name="test_delete_pbx_config" time="0.046" /><testcase classname="backend.tests.test_calling_feature.TestCallHistoryAPI" name="test_get_call_history" time="0.047" /><testcase classname="backend.tests.test_calling_feature.TestCallHistoryAPI" name="test_get_missed_calls" time="0.046" /><testcase classname="backend.tests.test_calling_feature.TestCallHistoryAPI" name="test_get_missed_call_count" time="0.049" /><testcase classname="backend.tests.test_calling_feature.TestVoicemailAPI" name="test_get_voicemails" time="0.045" /><testcase classname="backend.tests.test_calling_feature.TestVoicemailAPI" name="test_get_unread_voicemail_count" time="0.047" /><testcase classname="backend.tests.test_calling_feature.TestRecordingsAPI" name="test_get_recordings" time="0.044" /><testcase classname="backend.tests.test_calling_feature.TestCallStatusAPI" name="test_get_user_status" time="0.047" /><testcase classname="backend.tests.test_calling_feature.TestCallStatusAPI" name="test_update_user_status" time="0.043" /><testcase classname="backend.tests.test_calling_feature.TestCallStatusAPI" name="test_update_invalid_status" time="0.047" /><testcase classname="backend.tests.test_calling_feature.TestContactsAPI" name="test_get_callable_contacts" time="0.044" /><testcase classname="backend.tests.test_calling_feature.TestIceServersAPI" name="test_get_ice_servers" time="0.047" /><testcase classname="backend.tests.test_calling_feature.TestCallInitiation" name="test_get_active_calls" time="0.044" /><testcase classname="backend.tests.test_calling_feature.TestCleanup" name="test_cleanup_test_extension" time="0.049" /><testcase classname="backend.tests.test_calling_feature.TestCleanup" name="test_cleanup_test_pbx_configs" time="0.046" /></testsuite></testsuites>