<?xml version="1.0" encoding="utf-8"?><testsuites name="pytest tests"><testsuite name="pytest" errors="0" failures="0" skipped="0" tests="5" time="3.003" timestamp="2026-05-01T18:56:55.981319+00:00" hostname="agent-env-9a9c5984-9441-4d6f-b2b7-adde78cccd8f"><testcase classname="backend.tests.test_iteration78_features.TestHRPayday" name="test_payday_endpoint_no_match" time="0.728" /><testcase classname="backend.tests.test_iteration78_features.TestHRPayday" name="test_payday_endpoint_with_match_idempotent" time="1.204" /><testcase classname="backend.tests.test_iteration78_features.TestMultiCampusUserCreate" name="test_create_user_with_location_ids" time="0.795" /><testcase classname="backend.tests.test_iteration78_features.TestIter77Regression" name="test_directory_staff_only" time="0.106" /><testcase classname="backend.tests.test_iteration78_features.TestIter77Regression" name="test_active_campus_missing_id" time="0.108" /></testsuite></testsuites>