<?xml version="1.0" encoding="utf-8"?><testsuites name="pytest tests"><testsuite name="pytest" errors="0" failures="0" skipped="0" tests="28" time="15.144" timestamp="2026-03-25T18:58:17.306077+00:00" hostname="agent-env-19bf4883-065d-4c16-b5ff-c12cf5da9ccf"><testcase classname="backend.tests.test_iteration23_campus_rbac.TestCampusRBAC" name="test_admin_role_is_system_admin" time="0.554" /><testcase classname="backend.tests.test_iteration23_campus_rbac.TestCampusRBAC" name="test_admin_sees_all_members" time="0.493" /><testcase classname="backend.tests.test_iteration23_campus_rbac.TestCampusRBAC" name="test_admin_sees_all_children" time="0.461" /><testcase classname="backend.tests.test_iteration23_campus_rbac.TestCampusRBAC" name="test_admin_sees_all_events" time="0.429" /><testcase classname="backend.tests.test_iteration23_campus_rbac.TestCampusRBAC" name="test_admin_sees_all_chat_users" time="0.453" /><testcase classname="backend.tests.test_iteration23_campus_rbac.TestCampusRBAC" name="test_create_user_auto_creates_member" time="0.707" /><testcase classname="backend.tests.test_iteration23_campus_rbac.TestCampusRBAC" name="test_update_user_updates_member" time="0.843" /><testcase classname="backend.tests.test_iteration23_campus_rbac.TestCampusRBAC" name="test_update_user_auto_creates_member_if_missing" time="0.783" /><testcase classname="backend.tests.test_iteration23_campus_rbac.TestCampusRBAC" name="test_auth_me_includes_location_name" time="0.452" /><testcase classname="backend.tests.test_iteration23_campus_rbac.TestCampusRBAC" name="test_admin_users_includes_location_name" time="0.474" /><testcase classname="backend.tests.test_iteration23_campus_rbac.TestCampusRBAC" name="test_members_includes_location_name" time="0.469" /><testcase classname="backend.tests.test_iteration23_campus_rbac.TestCampusRBAC" name="test_create_user_with_location_id" time="0.754" /><testcase classname="backend.tests.test_iteration23_campus_rbac.TestCampusRBAC" name="test_update_user_location_id" time="0.857" /><testcase classname="backend.tests.test_iteration23_campus_rbac.TestCampusRBAC" name="test_create_child_with_location_id" time="0.564" /><testcase classname="backend.tests.test_iteration23_campus_rbac.TestCampusRBAC" name="test_dashboard_stats_with_campus_filter" time="0.446" /><testcase classname="backend.tests.test_iteration23_campus_rbac.TestCampusRBAC" name="test_people_stats_with_campus_filter" time="0.460" /><testcase classname="backend.tests.test_iteration23_campus_rbac.TestCampusRBAC" name="test_events_with_campus_filter" time="0.423" /><testcase classname="backend.tests.test_iteration23_campus_rbac.TestCampusRBAC" name="test_checkins_with_campus_filter" time="0.459" /><testcase classname="backend.tests.test_iteration23_campus_rbac.TestCampusRBAC" name="test_families_with_campus_filter" time="0.445" /><testcase classname="backend.tests.test_iteration23_campus_rbac.TestCampusRBAC" name="test_guests_with_campus_filter" time="0.496" /><testcase classname="backend.tests.test_iteration23_campus_rbac.TestCampusRBAC" name="test_create_staff_user_with_location" time="1.162" /><testcase classname="backend.tests.test_iteration23_campus_rbac.TestCampusRBAC" name="test_list_locations" time="0.456" /><testcase classname="backend.tests.test_iteration23_campus_rbac.TestChatUsersScoping" name="test_chat_users_endpoint" time="0.428" /><testcase classname="backend.tests.test_iteration23_campus_rbac.TestFinancialCampusFilter" name="test_financial_summary" time="0.384" /><testcase classname="backend.tests.test_iteration23_campus_rbac.TestFinancialCampusFilter" name="test_donations_endpoint" time="0.392" /><testcase classname="backend.tests.test_iteration23_campus_rbac.TestFinancialCampusFilter" name="test_expenses_endpoint" time="0.395" /><testcase classname="backend.tests.test_iteration23_campus_rbac.TestResourcesCampusFilter" name="test_resources_endpoint" time="0.393" /><testcase classname="backend.tests.test_iteration23_campus_rbac.TestReportsCampusFilter" name="test_report_summary" time="0.403" /></testsuite></testsuites>