<?xml version="1.0" encoding="utf-8"?><testsuites name="pytest tests"><testsuite name="pytest" errors="0" failures="0" skipped="0" tests="9" time="4.650" timestamp="2026-03-28T20:05:01.968469+00:00" hostname="agent-env-d7f2a089-10f6-42f6-a000-1740c8230ce9"><testcase classname="backend.tests.test_iteration41_video_sip_features.TestIteration41Features" name="test_health_check" time="0.660" /><testcase classname="backend.tests.test_iteration41_video_sip_features.TestIteration41Features" name="test_login_success" time="0.391" /><testcase classname="backend.tests.test_iteration41_video_sip_features.TestIteration41Features" name="test_pbx_config_sip_only_field" time="0.701" /><testcase classname="backend.tests.test_iteration41_video_sip_features.TestIteration41Features" name="test_sip_credentials_endpoint_includes_sip_only" time="0.483" /><testcase classname="backend.tests.test_iteration41_video_sip_features.TestIteration41Features" name="test_contacts_endpoint" time="0.445" /><testcase classname="backend.tests.test_iteration41_video_sip_features.TestIteration41Features" name="test_extensions_endpoint" time="0.437" /><testcase classname="backend.tests.test_iteration41_video_sip_features.TestIteration41Features" name="test_ice_servers_endpoint" time="0.422" /><testcase classname="backend.tests.test_iteration41_video_sip_features.TestIteration41Features" name="test_pbx_config_create_without_sip_only" time="0.541" /><testcase classname="backend.tests.test_iteration41_video_sip_features.TestIteration41Features" name="test_extension_has_user_info" time="0.493" /></testsuite></testsuites>