<?xml version="1.0" encoding="utf-8"?><testsuites name="pytest tests"><testsuite name="pytest" errors="0" failures="0" skipped="0" tests="12" time="3.687" timestamp="2026-04-24T16:31:59.217479+00:00" hostname="agent-env-d7f2a089-10f6-42f6-a000-1740c8230ce9"><testcase classname="backend.tests.test_iteration49_refactored_endpoints.TestAuthLogin" name="test_login_success" time="0.368" /><testcase classname="backend.tests.test_iteration49_refactored_endpoints.TestAuthLogin" name="test_login_invalid_credentials" time="0.125" /><testcase classname="backend.tests.test_iteration49_refactored_endpoints.TestAdminUsersEndpoint" name="test_list_users" time="0.477" /><testcase classname="backend.tests.test_iteration49_refactored_endpoints.TestAdminUsersEndpoint" name="test_list_users_with_search" time="0.124" /><testcase classname="backend.tests.test_iteration49_refactored_endpoints.TestAdminUpdateUser" name="test_update_user_basic_fields" time="0.269" /><testcase classname="backend.tests.test_iteration49_refactored_endpoints.TestAdminUpdateUser" name="test_update_user_with_location_expansion" time="0.375" /><testcase classname="backend.tests.test_iteration49_refactored_endpoints.TestAdminUpdateUser" name="test_update_user_syncs_member_profile" time="0.469" /><testcase classname="backend.tests.test_iteration49_refactored_endpoints.TestTrelloImport" name="test_import_trello_board_basic" time="0.266" /><testcase classname="backend.tests.test_iteration49_refactored_endpoints.TestTrelloImport" name="test_import_trello_board_with_checklists" time="0.295" /><testcase classname="backend.tests.test_iteration49_refactored_endpoints.TestTrelloImport" name="test_import_trello_board_filters_closed_items" time="0.250" /><testcase classname="backend.tests.test_iteration49_refactored_endpoints.TestBoardsEndpoint" name="test_list_boards" time="0.147" /><testcase classname="backend.tests.test_iteration49_refactored_endpoints.TestBoardsEndpoint" name="test_create_and_delete_board" time="0.453" /></testsuite></testsuites>