<?xml version="1.0" encoding="utf-8"?><testsuites name="pytest tests"><testsuite name="pytest" errors="0" failures="0" skipped="1" tests="11" time="6.404" timestamp="2026-04-25T05:00:33.393848+00:00" hostname="agent-env-d7f2a089-10f6-42f6-a000-1740c8230ce9"><testcase classname="backend.tests.test_iteration53_import_photo_badge.TestAuth" name="test_login_success" time="0.535" /><testcase classname="backend.tests.test_iteration53_import_photo_badge.TestCSVTemplates" name="test_children_template_download" time="0.485" /><testcase classname="backend.tests.test_iteration53_import_photo_badge.TestCSVTemplates" name="test_staff_template_download" time="0.468" /><testcase classname="backend.tests.test_iteration53_import_photo_badge.TestCSVTemplates" name="test_guests_template_download" time="0.520" /><testcase classname="backend.tests.test_iteration53_import_photo_badge.TestChildrenBulkImport" name="test_bulk_import_with_campus_name" time="0.669" /><testcase classname="backend.tests.test_iteration53_import_photo_badge.TestChildrenBulkImport" name="test_bulk_import_creates_parent_without_email" time="0.537" /><testcase classname="backend.tests.test_iteration53_import_photo_badge.TestPhotoUpload" name="test_member_photo_upload_endpoint_exists" time="0.743" /><testcase classname="backend.tests.test_iteration53_import_photo_badge.TestPhotoUpload" name="test_child_photo_upload_endpoint_exists" time="0.436"><skipped type="pytest.skip" message="No children found">/app/backend/tests/test_iteration53_import_photo_badge.py:232: No children found</skipped></testcase><testcase classname="backend.tests.test_iteration53_import_photo_badge.TestPhotoUpload" name="test_uploaded_photos_serving" time="0.731" /><testcase classname="backend.tests.test_iteration53_import_photo_badge.TestLocationCountryCode" name="test_location_has_country_code_field" time="0.485" /><testcase classname="backend.tests.test_iteration53_import_photo_badge.TestCleanup" name="test_cleanup_test_data" time="0.726" /></testsuite></testsuites>