<?xml version="1.0" encoding="utf-8"?><testsuites name="pytest tests"><testsuite name="pytest" errors="0" failures="0" skipped="0" tests="13" time="5.083" timestamp="2026-03-25T03:10:42.664767+00:00" hostname="agent-env-8d259cca-7294-4892-ac13-aa45945d7d5b"><testcase classname="backend.tests.test_iteration18_documents.TestAuth" name="test_login_success" time="0.422" /><testcase classname="backend.tests.test_iteration18_documents.TestDocumentUploadWithUserId" name="test_get_admin_users" time="0.487" /><testcase classname="backend.tests.test_iteration18_documents.TestDocumentUploadWithUserId" name="test_document_upload_with_user_id" time="0.282" /><testcase classname="backend.tests.test_iteration18_documents.TestDocumentUploadWithUserId" name="test_document_list_with_user_id" time="0.337" /><testcase classname="backend.tests.test_iteration18_documents.TestDocumentUploadWithUserId" name="test_document_request_with_user_id" time="0.289" /><testcase classname="backend.tests.test_iteration18_documents.TestCalendarFeatures" name="test_events_list" time="0.494" /><testcase classname="backend.tests.test_iteration18_documents.TestCalendarFeatures" name="test_outreach_sessions_list" time="0.155" /><testcase classname="backend.tests.test_iteration18_documents.TestCalendarFeatures" name="test_outreach_programs_list" time="0.169" /><testcase classname="backend.tests.test_iteration18_documents.TestCalendarFeatures" name="test_create_event_with_recurrence" time="0.671" /><testcase classname="backend.tests.test_iteration18_documents.TestLocationsAndCampus" name="test_locations_list" time="0.452" /><testcase classname="backend.tests.test_iteration18_documents.TestLocationsAndCampus" name="test_create_campus_location" time="0.242" /><testcase classname="backend.tests.test_iteration18_documents.TestAdminProfileLookup" name="test_admin_user_profile_lookup" time="0.573" /><testcase classname="backend.tests.test_iteration18_documents.TestIDTypes" name="test_id_types_list" time="0.440" /></testsuite></testsuites>