<?xml version="1.0" encoding="utf-8"?><testsuites name="pytest tests"><testsuite name="pytest" errors="0" failures="1" skipped="0" tests="23" time="97.872" timestamp="2026-03-23T18:09:52.162663+00:00" hostname="agent-env-4d654376-269a-4de2-9041-33bd3489a15a"><testcase classname="backend.tests.test_iteration4_features.TestAuth" name="test_login_admin_5812uganda" time="0.412" /><testcase classname="backend.tests.test_iteration4_features.TestBookingSystem" name="test_list_bookings" time="0.525" /><testcase classname="backend.tests.test_iteration4_features.TestBookingSystem" name="test_create_booking" time="0.252" /><testcase classname="backend.tests.test_iteration4_features.TestBookingSystem" name="test_booking_buffer_conflict" time="0.383"><failure message="AssertionError: Expected 409 conflict, got 200: {&quot;id&quot;:&quot;bk_cb40e91d&quot;,&quot;resource_id&quot;:&quot;res_53acd07e&quot;,&quot;location_id&quot;:null,&quot;title&quot;:&quot;TEST_Conflicting Booking&quot;,&quot;date&quot;:&quot;2026-03-25&quot;,&quot;start_time&quot;:&quot;15:30&quot;,&quot;end_time&quot;:&quot;16:30&quot;,&quot;booked_by&quot;:&quot;12664e6c-c6a9-43ea-a482-4e96df22c87b&quot;,&quot;booked_by_name&quot;:&quot;Admin Uganda&quot;,&quot;notes&quot;:null,&quot;status&quot;:&quot;confirmed&quot;,&quot;created_at&quot;:&quot;2026-03-23T18:09:53.865243+00:00&quot;}&#10;assert 200 == 409&#10; +  where 200 = &lt;Response [200]&gt;.status_code">backend/tests/test_iteration4_features.py:146: in test_booking_buffer_conflict
    assert response2.status_code == 409, f"Expected 409 conflict, got {response2.status_code}: {response2.text}"
E   AssertionError: Expected 409 conflict, got 200: {"id":"bk_cb40e91d","resource_id":"res_53acd07e","location_id":null,"title":"TEST_Conflicting Booking","date":"2026-03-25","start_time":"15:30","end_time":"16:30","booked_by":"12664e6c-c6a9-43ea-a482-4e96df22c87b","booked_by_name":"Admin Uganda","notes":null,"status":"confirmed","created_at":"2026-03-23T18:09:53.865243+00:00"}
E   assert 200 == 409
E    +  where 200 = &lt;Response [200]&gt;.status_code</failure></testcase><testcase classname="backend.tests.test_iteration4_features.TestBookingSystem" name="test_cancel_booking" time="0.240" /><testcase classname="backend.tests.test_iteration4_features.TestRateLimiting" name="test_rate_limit_not_triggered_under_limit" time="1.680" /><testcase classname="backend.tests.test_iteration4_features.TestRateLimiting" name="test_rate_limit_triggered_over_limit" time="88.679" /><testcase classname="backend.tests.test_iteration4_features.TestCommunicationsAPI" name="test_get_conversations" time="0.126" /><testcase classname="backend.tests.test_iteration4_features.TestCommunicationsAPI" name="test_create_conversation" time="0.111" /><testcase classname="backend.tests.test_iteration4_features.TestCommunicationsAPI" name="test_send_message_in_conversation" time="0.245" /><testcase classname="backend.tests.test_iteration4_features.TestCommunicationsAPI" name="test_ai_assistant" time="3.250" /><testcase classname="backend.tests.test_iteration4_features.TestCommunicationsAPI" name="test_list_announcements" time="0.145" /><testcase classname="backend.tests.test_iteration4_features.TestCommunicationsAPI" name="test_create_announcement" time="0.160" /><testcase classname="backend.tests.test_iteration4_features.TestWebSocketEndpoint" name="test_websocket_endpoint_exists" time="0.112" /><testcase classname="backend.tests.test_iteration4_features.TestResourcesWithBooking" name="test_list_resources" time="0.169" /><testcase classname="backend.tests.test_iteration4_features.TestResourcesWithBooking" name="test_create_bookable_resource" time="0.107" /><testcase classname="backend.tests.test_iteration4_features.TestResourcesWithBooking" name="test_book_resource_via_bookings_api" time="0.252" /><testcase classname="backend.tests.test_iteration4_features.TestNavigationPages" name="test_dashboard_stats" time="0.136" /><testcase classname="backend.tests.test_iteration4_features.TestNavigationPages" name="test_members_list" time="0.168" /><testcase classname="backend.tests.test_iteration4_features.TestNavigationPages" name="test_financial_summary" time="0.125" /><testcase classname="backend.tests.test_iteration4_features.TestNavigationPages" name="test_events_list" time="0.153" /><testcase classname="backend.tests.test_iteration4_features.TestNavigationPages" name="test_tasks_list" time="0.133" /><testcase classname="backend.tests.test_iteration4_features.TestNavigationPages" name="test_locations_list" time="0.120" /></testsuite></testsuites>