<?xml version="1.0" encoding="utf-8"?><testsuites name="pytest tests"><testsuite name="pytest" errors="0" failures="0" skipped="0" tests="30" time="7.339" timestamp="2026-03-28T16:09:57.199641+00:00" hostname="agent-env-d7f2a089-10f6-42f6-a000-1740c8230ce9"><testcase classname="backend.tests.test_iteration37_pbx_features.TestPbxConfigWithSipFields" name="test_create_pbx_config_with_sip_fields" time="0.491" /><testcase classname="backend.tests.test_iteration37_pbx_features.TestPbxConfigWithSipFields" name="test_list_pbx_configs" time="0.123" /><testcase classname="backend.tests.test_iteration37_pbx_features.TestPbxConfigWithSipFields" name="test_update_pbx_config" time="0.107" /><testcase classname="backend.tests.test_iteration37_pbx_features.TestPbxConfigWithSipFields" name="test_test_pbx_connection" time="0.214" /><testcase classname="backend.tests.test_iteration37_pbx_features.TestPbxConfigWithSipFields" name="test_delete_pbx_config" time="0.112" /><testcase classname="backend.tests.test_iteration37_pbx_features.TestExtensionManagement" name="test_list_extensions" time="0.442" /><testcase classname="backend.tests.test_iteration37_pbx_features.TestExtensionManagement" name="test_get_users_for_extension" time="0.222" /><testcase classname="backend.tests.test_iteration37_pbx_features.TestExtensionManagement" name="test_create_extension_with_voicemail_and_forwarding" time="0.117" /><testcase classname="backend.tests.test_iteration37_pbx_features.TestExtensionManagement" name="test_update_extension" time="0.109" /><testcase classname="backend.tests.test_iteration37_pbx_features.TestExtensionManagement" name="test_get_user_extension" time="0.114" /><testcase classname="backend.tests.test_iteration37_pbx_features.TestExtensionManagement" name="test_delete_extension" time="0.122" /><testcase classname="backend.tests.test_iteration37_pbx_features.TestAutoAttendant" name="test_get_auto_attendant" time="0.454" /><testcase classname="backend.tests.test_iteration37_pbx_features.TestAutoAttendant" name="test_update_auto_attendant" time="0.108" /><testcase classname="backend.tests.test_iteration37_pbx_features.TestAutoAttendant" name="test_verify_auto_attendant_saved" time="0.122" /><testcase classname="backend.tests.test_iteration37_pbx_features.TestCallQueues" name="test_list_queues" time="0.495" /><testcase classname="backend.tests.test_iteration37_pbx_features.TestCallQueues" name="test_create_queue_with_ring_strategy" time="0.105" /><testcase classname="backend.tests.test_iteration37_pbx_features.TestCallQueues" name="test_update_queue" time="0.108" /><testcase classname="backend.tests.test_iteration37_pbx_features.TestCallQueues" name="test_delete_queue" time="0.125" /><testcase classname="backend.tests.test_iteration37_pbx_features.TestOutgoingRules" name="test_list_outgoing_rules" time="0.451" /><testcase classname="backend.tests.test_iteration37_pbx_features.TestOutgoingRules" name="test_create_outgoing_rule_allow" time="0.123" /><testcase classname="backend.tests.test_iteration37_pbx_features.TestOutgoingRules" name="test_create_outgoing_rule_block" time="0.222" /><testcase classname="backend.tests.test_iteration37_pbx_features.TestOutgoingRules" name="test_create_outgoing_rule_prefix" time="0.230" /><testcase classname="backend.tests.test_iteration37_pbx_features.TestOutgoingRules" name="test_delete_outgoing_rule" time="0.145" /><testcase classname="backend.tests.test_iteration37_pbx_features.TestCallingContacts" name="test_get_callable_contacts_returns_all_staff" time="0.563" /><testcase classname="backend.tests.test_iteration37_pbx_features.TestIceServers" name="test_get_ice_servers" time="0.454" /><testcase classname="backend.tests.test_iteration37_pbx_features.TestCallForwarding" name="test_get_forwarding_rules" time="0.555" /><testcase classname="backend.tests.test_iteration37_pbx_features.TestCallForwarding" name="test_update_forwarding_rules" time="0.107" /><testcase classname="backend.tests.test_iteration37_pbx_features.TestCleanup" name="test_cleanup_test_queues" time="0.451" /><testcase classname="backend.tests.test_iteration37_pbx_features.TestCleanup" name="test_cleanup_test_rules" time="0.123" /><testcase classname="backend.tests.test_iteration37_pbx_features.TestCleanup" name="test_cleanup_test_pbx_configs" time="0.106" /></testsuite></testsuites>