<?xml version="1.0" encoding="utf-8"?><testsuites name="pytest tests"><testsuite name="pytest" errors="0" failures="0" skipped="0" tests="21" time="2.176" timestamp="2026-03-24T02:56:58.265520+00:00" hostname="agent-env-ab3b35fb-705d-4c21-b935-a7ab2653b9b7"><testcase classname="backend.tests.test_iteration13_boards_families_import.TestFamilies" name="test_families_list_returns_200" time="0.557" /><testcase classname="backend.tests.test_iteration13_boards_families_import.TestFamilies" name="test_families_have_family_name_field" time="0.048" /><testcase classname="backend.tests.test_iteration13_boards_families_import.TestFamilies" name="test_families_do_not_use_bare_name_field" time="0.050" /><testcase classname="backend.tests.test_iteration13_boards_families_import.TestFamilies" name="test_families_have_primary_contact_name" time="0.053" /><testcase classname="backend.tests.test_iteration13_boards_families_import.TestImportChildrenParents" name="test_import_creates_child_parent_family" time="0.052" /><testcase classname="backend.tests.test_iteration13_boards_families_import.TestImportChildrenParents" name="test_import_dedup_child_same_name_same_family" time="0.102" /><testcase classname="backend.tests.test_iteration13_boards_families_import.TestImportChildrenParents" name="test_import_family_uses_family_name_field" time="0.100" /><testcase classname="backend.tests.test_iteration13_boards_families_import.TestImportChildrenParents" name="test_import_child_requires_name" time="0.053" /><testcase classname="backend.tests.test_iteration13_boards_families_import.TestBoardsCRUD" name="test_list_boards_returns_200" time="0.052" /><testcase classname="backend.tests.test_iteration13_boards_families_import.TestBoardsCRUD" name="test_create_board_returns_board_with_id" time="0.051" /><testcase classname="backend.tests.test_iteration13_boards_families_import.TestBoardsCRUD" name="test_get_board_returns_lists" time="0.050" /><testcase classname="backend.tests.test_iteration13_boards_families_import.TestBoardsCRUD" name="test_add_list_to_board" time="0.065" /><testcase classname="backend.tests.test_iteration13_boards_families_import.TestBoardsCRUD" name="test_rename_list" time="0.101" /><testcase classname="backend.tests.test_iteration13_boards_families_import.TestBoardsCRUD" name="test_delete_list" time="0.100" /><testcase classname="backend.tests.test_iteration13_boards_families_import.TestBoardsCRUD" name="test_get_board_not_found" time="0.050" /><testcase classname="backend.tests.test_iteration13_boards_families_import.TestTasksWithBoard" name="test_get_tasks_filtered_by_board" time="0.050" /><testcase classname="backend.tests.test_iteration13_boards_families_import.TestTasksWithBoard" name="test_create_task_in_board" time="0.096" /><testcase classname="backend.tests.test_iteration13_boards_families_import.TestTasksWithBoard" name="test_move_task_to_different_list" time="0.205" /><testcase classname="backend.tests.test_iteration13_boards_families_import.TestTrelloImport" name="test_import_trello_board_creates_board_lists_cards" time="0.048" /><testcase classname="backend.tests.test_iteration13_boards_families_import.TestTrelloImport" name="test_imported_board_has_lists_and_tasks" time="0.101" /><testcase classname="backend.tests.test_iteration13_boards_families_import.TestTrelloImport" name="test_cleanup_imported_trello_board" time="0.106" /></testsuite></testsuites>