<?xml version="1.0" encoding="utf-8"?><testsuites name="pytest tests"><testsuite name="pytest" errors="0" failures="0" skipped="0" tests="19" time="9.450" timestamp="2026-03-28T12:17:12.542182+00:00" hostname="agent-env-d7f2a089-10f6-42f6-a000-1740c8230ce9"><testcase classname="backend.tests.test_iteration35_features.TestAuth" name="test_login_admin" time="0.524" /><testcase classname="backend.tests.test_iteration35_features.TestPublicPolicies" name="test_policies_endpoint_no_auth" time="0.110" /><testcase classname="backend.tests.test_iteration35_features.TestPublicPolicies" name="test_policies_content_mentions_countries" time="0.166" /><testcase classname="backend.tests.test_iteration35_features.TestPublicEvents" name="test_public_events_no_auth" time="0.108" /><testcase classname="backend.tests.test_iteration35_features.TestPublicEvents" name="test_public_events_country_filter" time="0.115" /><testcase classname="backend.tests.test_iteration35_features.TestPublicEvents" name="test_public_events_1_year_limit" time="0.150" /><testcase classname="backend.tests.test_iteration35_features.TestPublicVenues" name="test_public_venues_no_auth" time="0.110" /><testcase classname="backend.tests.test_iteration35_features.TestPublicBookings" name="test_book_free_event" time="1.013" /><testcase classname="backend.tests.test_iteration35_features.TestPublicBookings" name="test_book_paid_event_with_card" time="0.853" /><testcase classname="backend.tests.test_iteration35_features.TestPublicBookings" name="test_book_paid_event_with_mobile_money" time="0.845" /><testcase classname="backend.tests.test_iteration35_features.TestCashCutoffRules" name="test_cash_rejected_within_3_days" time="0.632" /><testcase classname="backend.tests.test_iteration35_features.TestMarkAsPaid" name="test_mark_paid_requires_auth" time="0.768" /><testcase classname="backend.tests.test_iteration35_features.TestMarkAsPaid" name="test_mark_paid_with_staff" time="0.770" /><testcase classname="backend.tests.test_iteration35_features.TestPendingPayments" name="test_pending_payments_requires_auth" time="0.107" /><testcase classname="backend.tests.test_iteration35_features.TestPendingPayments" name="test_pending_payments_with_staff" time="0.420" /><testcase classname="backend.tests.test_iteration35_features.TestNewUserSignup" name="test_register_defaults_to_member" time="0.329" /><testcase classname="backend.tests.test_iteration35_features.TestReportGeneration" name="test_create_and_generate_attendance_report" time="0.747" /><testcase classname="backend.tests.test_iteration35_features.TestKioskCheckout" name="test_checkout_endpoint_exists" time="0.534" /><testcase classname="backend.tests.test_iteration35_features.TestCleanup" name="test_cleanup_test_events" time="1.065" /></testsuite></testsuites>