<?xml version="1.0" encoding="utf-8"?><testsuites name="pytest tests"><testsuite name="pytest" errors="0" failures="0" skipped="0" tests="15" time="2.489" timestamp="2026-03-25T12:14:35.553101+00:00" hostname="agent-env-8d259cca-7294-4892-ac13-aa45945d7d5b"><testcase classname="backend.tests.test_iteration22_features.TestBoardSharing" name="test_create_board_for_sharing" time="0.543" /><testcase classname="backend.tests.test_iteration22_features.TestBoardSharing" name="test_enable_board_sharing" time="0.154" /><testcase classname="backend.tests.test_iteration22_features.TestBoardSharing" name="test_public_board_access_no_auth" time="0.123" /><testcase classname="backend.tests.test_iteration22_features.TestBoardSharing" name="test_public_board_invalid_token" time="0.121" /><testcase classname="backend.tests.test_iteration22_features.TestBoardSharing" name="test_disable_board_sharing" time="0.240" /><testcase classname="backend.tests.test_iteration22_features.TestBoardSharing" name="test_cleanup_test_board" time="0.111" /><testcase classname="backend.tests.test_iteration22_features.TestRecurringTasks" name="test_create_board_for_tasks" time="0.265" /><testcase classname="backend.tests.test_iteration22_features.TestRecurringTasks" name="test_create_recurring_task" time="0.172" /><testcase classname="backend.tests.test_iteration22_features.TestRecurringTasks" name="test_update_recurring_task" time="0.134" /><testcase classname="backend.tests.test_iteration22_features.TestRecurringTasks" name="test_disable_recurring" time="0.103" /><testcase classname="backend.tests.test_iteration22_features.TestRecurringTasks" name="test_cleanup_task_board" time="0.106" /><testcase classname="backend.tests.test_iteration22_features.TestCheckinStats" name="test_checkin_stats_has_children_count" time="0.107" /><testcase classname="backend.tests.test_iteration22_features.TestAdminPageTitle" name="test_admin_users_endpoint" time="0.105" /><testcase classname="backend.tests.test_iteration22_features.TestNavLabels" name="test_i18n_en_json_has_staff_management" time="0.000" /><testcase classname="backend.tests.test_iteration22_features.TestTasksEndpoint" name="test_tasks_list" time="0.139" /></testsuite></testsuites>