<?xml version="1.0" encoding="utf-8"?><testsuites name="pytest tests"><testsuite name="pytest" errors="0" failures="1" skipped="0" tests="29" time="9.479" timestamp="2026-03-24T01:28:11.393344+00:00" hostname="agent-env-a42132bc-b283-4712-9702-2e72b9698c5f"><testcase classname="backend.tests.test_iteration10_features.TestAuth" name="test_login_admin_uganda" time="0.392" /><testcase classname="backend.tests.test_iteration10_features.TestAuth" name="test_login_admin_global" time="0.362" /><testcase classname="backend.tests.test_iteration10_features.TestEvents" name="test_get_events" time="0.486" /><testcase classname="backend.tests.test_iteration10_features.TestEvents" name="test_create_event_with_visibility" time="0.600" /><testcase classname="backend.tests.test_iteration10_features.TestEvents" name="test_duplicate_event" time="0.243" /><testcase classname="backend.tests.test_iteration10_features.TestEventTypes" name="test_get_event_types" time="0.471" /><testcase classname="backend.tests.test_iteration10_features.TestEventTypes" name="test_create_event_type" time="0.111" /><testcase classname="backend.tests.test_iteration10_features.TestEventTypes" name="test_delete_event_type" time="0.251" /><testcase classname="backend.tests.test_iteration10_features.TestTasks" name="test_get_tasks" time="0.426" /><testcase classname="backend.tests.test_iteration10_features.TestTasks" name="test_import_trello" time="0.128" /><testcase classname="backend.tests.test_iteration10_features.TestAdminUserManagement" name="test_list_all_users" time="0.470" /><testcase classname="backend.tests.test_iteration10_features.TestAdminUserManagement" name="test_edit_user_profile" time="0.291" /><testcase classname="backend.tests.test_iteration10_features.TestAdminUserManagement" name="test_reset_password" time="0.461" /><testcase classname="backend.tests.test_iteration10_features.TestAdminUserManagement" name="test_bulk_update_roles" time="0.222" /><testcase classname="backend.tests.test_iteration10_features.TestAdminUserManagement" name="test_bulk_delete_validation" time="0.114" /><testcase classname="backend.tests.test_iteration10_features.TestFinancialExpenseApproval" name="test_get_pending_expenses" time="0.472" /><testcase classname="backend.tests.test_iteration10_features.TestFinancialExpenseApproval" name="test_create_and_approve_expense" time="0.230" /><testcase classname="backend.tests.test_iteration10_features.TestFinancialExpenseApproval" name="test_create_and_reject_expense" time="0.295" /><testcase classname="backend.tests.test_iteration10_features.TestCheckIns" name="test_pin_checkin" time="0.450"><failure message="assert 404 == 200&#10; +  where 404 = &lt;Response [404]&gt;.status_code">backend/tests/test_iteration10_features.py:369: in test_pin_checkin
    assert response.status_code == 200
E   assert 404 == 200
E    +  where 404 = &lt;Response [404]&gt;.status_code</failure></testcase><testcase classname="backend.tests.test_iteration10_features.TestCheckIns" name="test_pin_checkin_invalid" time="0.117" /><testcase classname="backend.tests.test_iteration10_features.TestCheckIns" name="test_admin_checkout" time="0.236" /><testcase classname="backend.tests.test_iteration10_features.TestCheckIns" name="test_checkout_already_out" time="0.339" /><testcase classname="backend.tests.test_iteration10_features.TestProgrammes" name="test_get_programme_categories" time="0.427" /><testcase classname="backend.tests.test_iteration10_features.TestProgrammes" name="test_create_programme_category" time="0.111" /><testcase classname="backend.tests.test_iteration10_features.TestProgrammes" name="test_duplicate_programme" time="0.267" /><testcase classname="backend.tests.test_iteration10_features.TestProgrammes" name="test_generate_recurring_events" time="0.244" /><testcase classname="backend.tests.test_iteration10_features.TestResourceTypes" name="test_get_resource_types" time="0.441" /><testcase classname="backend.tests.test_iteration10_features.TestResourceTypes" name="test_create_resource_type" time="0.108" /><testcase classname="backend.tests.test_iteration10_features.TestLocationVenues" name="test_get_location_venues" time="0.582" /></testsuite></testsuites>