<?xml version="1.0" encoding="utf-8"?><testsuites name="pytest tests"><testsuite name="pytest" errors="0" failures="0" skipped="0" tests="9" time="6.511" timestamp="2026-05-01T18:21:35.933582+00:00" hostname="agent-env-9a9c5984-9441-4d6f-b2b7-adde78cccd8f"><testcase classname="backend.tests.test_iteration77_routing_bugs.TestDirectoryScoping" name="test_directory_returns_only_staff_roles" time="0.673" /><testcase classname="backend.tests.test_iteration77_routing_bugs.TestDirectoryScoping" name="test_directory_include_all_for_sysadmin" time="0.178" /><testcase classname="backend.tests.test_iteration77_routing_bugs.TestAdminTierGuard" name="test_admin_can_create_admin_role" time="0.472" /><testcase classname="backend.tests.test_iteration77_routing_bugs.TestAdminTierGuard" name="test_non_admin_cannot_call_create" time="1.227" /><testcase classname="backend.tests.test_iteration77_routing_bugs.TestCampusSwitcher" name="test_missing_campus_id_returns_400" time="0.115" /><testcase classname="backend.tests.test_iteration77_routing_bugs.TestCampusSwitcher" name="test_admin_can_switch_to_any_campus" time="0.502" /><testcase classname="backend.tests.test_iteration77_routing_bugs.TestCampusSwitcher" name="test_multi_campus_user_can_switch_within_assigned" time="1.443" /><testcase classname="backend.tests.test_iteration77_routing_bugs.TestRestrictedLocationLeak" name="test_restricted_sublocation_not_visible_to_unassigned_manager" time="1.705" /><testcase classname="backend.tests.test_iteration77_routing_bugs.TestChatUsers" name="test_chat_users_scoped_and_active" time="0.132" /></testsuite></testsuites>