<?xml version="1.0" encoding="utf-8"?><testsuites name="pytest tests"><testsuite name="pytest" errors="0" failures="0" skipped="0" tests="9" time="3.471" timestamp="2026-04-25T14:15:45.727364+00:00" hostname="agent-env-d7f2a089-10f6-42f6-a000-1740c8230ce9"><testcase classname="backend.tests.test_iteration59_safety.TestAuthLogin" name="test_login_success" time="0.419" /><testcase classname="backend.tests.test_iteration59_safety.TestAuthLogin" name="test_login_invalid_credentials" time="0.155" /><testcase classname="backend.tests.test_iteration59_safety.TestAuthLogin" name="test_login_missing_password" time="0.119" /><testcase classname="backend.tests.test_iteration59_safety.TestProtectedEndpoints" name="test_members_endpoint_with_auth" time="0.472" /><testcase classname="backend.tests.test_iteration59_safety.TestProtectedEndpoints" name="test_families_endpoint_with_auth" time="0.479" /><testcase classname="backend.tests.test_iteration59_safety.TestProtectedEndpoints" name="test_guests_endpoint_with_auth" time="0.465" /><testcase classname="backend.tests.test_iteration59_safety.TestProtectedEndpoints" name="test_children_endpoint_with_auth" time="0.437" /><testcase classname="backend.tests.test_iteration59_safety.TestProtectedEndpoints" name="test_locations_endpoint_with_auth" time="0.427" /><testcase classname="backend.tests.test_iteration59_safety.TestProtectedEndpoints" name="test_admin_users_endpoint_with_auth" time="0.435" /></testsuite></testsuites>