<?xml version="1.0" encoding="utf-8"?><testsuites name="pytest tests"><testsuite name="pytest" errors="0" failures="0" skipped="0" tests="12" time="3.988" timestamp="2026-05-02T03:41:42.410000+00:00" hostname="agent-env-9a9c5984-9441-4d6f-b2b7-adde78cccd8f"><testcase classname="backend.tests.test_iteration80_features.TestFinancialAccounts" name="test_accounts_have_id_starting_balance_currency" time="0.569" /><testcase classname="backend.tests.test_iteration80_features.TestExpenseWorkflow" name="test_create_expense_pending_then_approve" time="0.686" /><testcase classname="backend.tests.test_iteration80_features.TestExpenseWorkflow" name="test_reject_expense" time="0.363" /><testcase classname="backend.tests.test_iteration80_features.TestProductVariants" name="test_put_product_with_variants_recomputes_stock" time="0.323" /><testcase classname="backend.tests.test_iteration80_features.TestLocationsFilter" name="test_admin_sees_all_locations" time="0.109" /><testcase classname="backend.tests.test_iteration80_features.TestReceiptAndDrafts" name="test_sale_returns_inv_receipt_number" time="0.119" /><testcase classname="backend.tests.test_iteration80_features.TestReceiptAndDrafts" name="test_public_lookup_by_receipt_no_auth" time="0.216" /><testcase classname="backend.tests.test_iteration80_features.TestReceiptAndDrafts" name="test_public_lookup_404" time="0.119" /><testcase classname="backend.tests.test_iteration80_features.TestReceiptAndDrafts" name="test_park_and_list_and_delete_draft" time="0.515" /><testcase classname="backend.tests.test_iteration80_features.TestSheetImport" name="test_import_expense_rows_with_messy_amounts_and_dates" time="0.481" /><testcase classname="backend.tests.test_iteration80_features.TestSheetImport" name="test_import_donation_rows" time="0.328" /><testcase classname="backend.tests.test_iteration80_features.TestSheetImport" name="test_import_empty_rows_returns_400" time="0.108" /></testsuite></testsuites>