<?xml version="1.0" encoding="utf-8"?><testsuites name="pytest tests"><testsuite name="pytest" errors="0" failures="0" skipped="0" tests="13" time="2.860" timestamp="2026-04-26T13:22:00.238279+00:00" hostname="agent-env-d7f2a089-10f6-42f6-a000-1740c8230ce9"><testcase classname="backend.tests.test_iteration67_profile_pdf_accounts.TestProfilePdfEndpoint" name="test_profile_pdf_requires_auth" time="0.328" /><testcase classname="backend.tests.test_iteration67_profile_pdf_accounts.TestProfilePdfEndpoint" name="test_profile_pdf_returns_pdf_or_html" time="1.480" /><testcase classname="backend.tests.test_iteration67_profile_pdf_accounts.TestProfilePdfEndpoint" name="test_profile_pdf_contains_member_info" time="0.175" /><testcase classname="backend.tests.test_iteration67_profile_pdf_accounts.TestProfilePdfEndpoint" name="test_profile_pdf_not_found" time="0.054" /><testcase classname="backend.tests.test_iteration67_profile_pdf_accounts.TestFinancialAccountsEndpoint" name="test_accounts_requires_auth" time="0.109" /><testcase classname="backend.tests.test_iteration67_profile_pdf_accounts.TestFinancialAccountsEndpoint" name="test_accounts_requires_manager_role" time="0.062" /><testcase classname="backend.tests.test_iteration67_profile_pdf_accounts.TestFinancialAccountsEndpoint" name="test_accounts_returns_structure" time="0.105" /><testcase classname="backend.tests.test_iteration67_profile_pdf_accounts.TestFinancialAccountsEndpoint" name="test_accounts_per_location_breakdown" time="0.140" /><testcase classname="backend.tests.test_iteration67_profile_pdf_accounts.TestFinancialAccountsEndpoint" name="test_accounts_requires_campus_id" time="0.063" /><testcase classname="backend.tests.test_iteration67_profile_pdf_accounts.TestFinancialSummary" name="test_financial_summary_works" time="0.052" /><testcase classname="backend.tests.test_iteration67_profile_pdf_accounts.TestMembersEndpoint" name="test_members_list" time="0.052" /><testcase classname="backend.tests.test_iteration67_profile_pdf_accounts.TestMembersEndpoint" name="test_member_detail" time="0.103" /><testcase classname="backend.tests.test_iteration67_profile_pdf_accounts.TestLocationsEndpoint" name="test_locations_list" time="0.053" /></testsuite></testsuites>