<?xml version="1.0" encoding="utf-8"?><testsuites name="pytest tests"><testsuite name="pytest" errors="0" failures="0" skipped="0" tests="16" time="6.662" timestamp="2026-04-24T17:10:32.899077+00:00" hostname="agent-env-d7f2a089-10f6-42f6-a000-1740c8230ce9"><testcase classname="backend.tests.test_iteration50_p2_pass.TestAuthEndpoints" name="test_login_success" time="0.391" /><testcase classname="backend.tests.test_iteration50_p2_pass.TestAuthEndpoints" name="test_login_invalid_credentials" time="0.126" /><testcase classname="backend.tests.test_iteration50_p2_pass.TestAuthEndpoints" name="test_auth_me" time="0.428" /><testcase classname="backend.tests.test_iteration50_p2_pass.TestMembersEndpoints" name="test_list_members" time="0.388" /><testcase classname="backend.tests.test_iteration50_p2_pass.TestMembersEndpoints" name="test_create_and_get_member" time="0.519" /><testcase classname="backend.tests.test_iteration50_p2_pass.TestEventsEndpoints" name="test_list_events" time="0.385" /><testcase classname="backend.tests.test_iteration50_p2_pass.TestEventsEndpoints" name="test_list_event_types" time="0.489" /><testcase classname="backend.tests.test_iteration50_p2_pass.TestEventsEndpoints" name="test_create_and_delete_event" time="0.558" /><testcase classname="backend.tests.test_iteration50_p2_pass.TestTasksEndpoints" name="test_list_tasks" time="0.409" /><testcase classname="backend.tests.test_iteration50_p2_pass.TestTasksEndpoints" name="test_create_update_delete_task" time="0.491" /><testcase classname="backend.tests.test_iteration50_p2_pass.TestAdminEndpoints" name="test_list_admin_users" time="0.407" /><testcase classname="backend.tests.test_iteration50_p2_pass.TestAdminEndpoints" name="test_get_audit_log" time="0.394" /><testcase classname="backend.tests.test_iteration50_p2_pass.TestLocationsEndpoints" name="test_list_locations" time="0.397" /><testcase classname="backend.tests.test_iteration50_p2_pass.TestLocationsEndpoints" name="test_exchange_rate" time="0.400" /><testcase classname="backend.tests.test_iteration50_p2_pass.TestCheckinsEndpoints" name="test_list_checkins" time="0.392" /><testcase classname="backend.tests.test_iteration50_p2_pass.TestCheckinsEndpoints" name="test_checkin_stats" time="0.407" /></testsuite></testsuites>