<?xml version="1.0" encoding="utf-8"?><testsuites name="pytest tests"><testsuite name="pytest" errors="0" failures="0" skipped="0" tests="17" time="34.019" timestamp="2026-03-26T11:00:44.282321+00:00" hostname="agent-env-19bf4883-065d-4c16-b5ff-c12cf5da9ccf"><testcase classname="backend.tests.test_iteration25_role_management.TestRoleManagement" name="test_01_admin_user_has_admin_role" time="0.389" /><testcase classname="backend.tests.test_iteration25_role_management.TestRoleManagement" name="test_02_get_locations_list" time="0.444" /><testcase classname="backend.tests.test_iteration25_role_management.TestRoleManagement" name="test_03_create_user_with_adviser_role" time="0.647" /><testcase classname="backend.tests.test_iteration25_role_management.TestRoleManagement" name="test_04_create_user_with_admin_toggle_on" time="0.680" /><testcase classname="backend.tests.test_iteration25_role_management.TestRoleManagement" name="test_05_update_user_role_to_adviser" time="0.756" /><testcase classname="backend.tests.test_iteration25_role_management.TestRoleManagement" name="test_06_update_user_with_admin_toggle_on" time="0.748" /><testcase classname="backend.tests.test_iteration25_role_management.TestRoleManagement" name="test_07_update_user_with_location" time="0.856" /><testcase classname="backend.tests.test_iteration25_role_management.TestRoleManagement" name="test_08_get_user_full_profile" time="0.420" /><testcase classname="backend.tests.test_iteration25_role_management.TestRoleLevelsAndPermissions" name="test_01_adviser_can_access_dashboard_stats" time="1.111" /><testcase classname="backend.tests.test_iteration25_role_management.TestRoleLevelsAndPermissions" name="test_02_adviser_role_level_is_8_5" time="1.272" /><testcase classname="backend.tests.test_iteration25_role_management.TestMemberLocationDropdown" name="test_01_create_member_with_location" time="0.532" /><testcase classname="backend.tests.test_iteration25_role_management.TestMemberLocationDropdown" name="test_02_update_member_location" time="0.667" /><testcase classname="backend.tests.test_iteration25_role_management.TestChildLocationDropdown" name="test_01_create_child_with_location" time="0.541" /><testcase classname="backend.tests.test_iteration25_role_management.TestChildLocationDropdown" name="test_02_update_child_location" time="0.650" /><testcase classname="backend.tests.test_iteration25_role_management.TestCleanup" name="test_cleanup_test_users" time="22.072" /><testcase classname="backend.tests.test_iteration25_role_management.TestCleanup" name="test_cleanup_test_members" time="1.527" /><testcase classname="backend.tests.test_iteration25_role_management.TestCleanup" name="test_cleanup_test_children" time="0.622" /></testsuite></testsuites>