<?xml version="1.0" encoding="utf-8"?><testsuites name="pytest tests"><testsuite name="pytest" errors="0" failures="0" skipped="0" tests="13" time="7.418" timestamp="2026-04-25T13:36:57.814276+00:00" hostname="agent-env-d7f2a089-10f6-42f6-a000-1740c8230ce9"><testcase classname="backend.tests.test_iteration57_features.TestAuth" name="test_login_success" time="0.476" /><testcase classname="backend.tests.test_iteration57_features.TestGroupTypes" name="test_list_group_types_creates_defaults" time="0.473" /><testcase classname="backend.tests.test_iteration57_features.TestGroupTypes" name="test_create_group_type" time="0.459" /><testcase classname="backend.tests.test_iteration57_features.TestGroupTypes" name="test_delete_group_type" time="0.671" /><testcase classname="backend.tests.test_iteration57_features.TestVenues" name="test_list_venues" time="0.453" /><testcase classname="backend.tests.test_iteration57_features.TestVenues" name="test_create_venue_basic" time="0.445" /><testcase classname="backend.tests.test_iteration57_features.TestVenues" name="test_create_venue_with_is_external" time="0.488" /><testcase classname="backend.tests.test_iteration57_features.TestVenues" name="test_delete_venue" time="0.554" /><testcase classname="backend.tests.test_iteration57_features.TestLocationVenues" name="test_location_venues_includes_external" time="0.542" /><testcase classname="backend.tests.test_iteration57_features.TestChildrenBulkImport" name="test_bulk_import_creates_parents" time="0.447" /><testcase classname="backend.tests.test_iteration57_features.TestChildrenBulkImport" name="test_bulk_import_skips_repeated_parents" time="0.474" /><testcase classname="backend.tests.test_iteration57_features.TestChildrenBulkImport" name="test_bulk_import_uses_admin_campus_fallback" time="0.752" /><testcase classname="backend.tests.test_iteration57_features.TestCleanup" name="test_cleanup_test_data" time="1.105" /></testsuite></testsuites>