<?xml version="1.0" encoding="utf-8"?><testsuites name="pytest tests"><testsuite name="pytest" errors="0" failures="0" skipped="0" tests="13" time="1.677" timestamp="2026-05-02T08:39:40.917120+00:00" hostname="agent-env-9a9c5984-9441-4d6f-b2b7-adde78cccd8f"><testcase classname="backend.tests.test_iteration81_split_routers.TestProductsRouter" name="test_get_products" time="0.428" /><testcase classname="backend.tests.test_iteration81_split_routers.TestProductsRouter" name="test_product_crud_and_variants" time="0.276" /><testcase classname="backend.tests.test_iteration81_split_routers.TestSalesRouter" name="test_get_sales" time="0.056" /><testcase classname="backend.tests.test_iteration81_split_routers.TestSalesRouter" name="test_create_sale_receipt_format" time="0.046" /><testcase classname="backend.tests.test_iteration81_split_routers.TestSalesRouter" name="test_drafts_crud" time="0.136" /><testcase classname="backend.tests.test_iteration81_split_routers.TestSalesRouter" name="test_public_receipt_lookup_no_auth" time="0.113" /><testcase classname="backend.tests.test_iteration81_split_routers.TestSheetImportRouter" name="test_import_sheet_expense" time="0.045" /><testcase classname="backend.tests.test_iteration81_split_routers.TestFinancialRegressions" name="test_financial_summary" time="0.048" /><testcase classname="backend.tests.test_iteration81_split_routers.TestFinancialRegressions" name="test_financial_expenses_list" time="0.045" /><testcase classname="backend.tests.test_iteration81_split_routers.TestFinancialRegressions" name="test_financial_accounts" time="0.052" /><testcase classname="backend.tests.test_iteration81_split_routers.TestFinancialRegressions" name="test_expense_approve_reject_workflow" time="0.181" /><testcase classname="backend.tests.test_iteration81_split_routers.TestCustomers" name="test_list_customers" time="0.045" /><testcase classname="backend.tests.test_iteration81_split_routers.TestCustomers" name="test_customer_purchases_endpoint" time="0.136" /></testsuite></testsuites>