<?xml version="1.0" encoding="utf-8"?><testsuites name="pytest tests"><testsuite name="pytest" errors="0" failures="0" skipped="0" tests="8" time="5.068" timestamp="2026-04-24T19:26:56.508696+00:00" hostname="agent-env-d7f2a089-10f6-42f6-a000-1740c8230ce9"><testcase classname="backend.tests.test_iteration51_badge_nfc.TestAuthEndpoints" name="test_login_success" time="0.404" /><testcase classname="backend.tests.test_iteration51_badge_nfc.TestNfcTagCrud" name="test_get_nfc_tags_empty" time="0.588" /><testcase classname="backend.tests.test_iteration51_badge_nfc.TestNfcTagCrud" name="test_add_nfc_tag" time="0.704" /><testcase classname="backend.tests.test_iteration51_badge_nfc.TestNfcTagCrud" name="test_add_and_delete_nfc_tag" time="0.832" /><testcase classname="backend.tests.test_iteration51_badge_nfc.TestNfcTagCrud" name="test_add_nfc_tag_missing_serial" time="0.589" /><testcase classname="backend.tests.test_iteration51_badge_nfc.TestNfcTagCrud" name="test_delete_nonexistent_tag" time="0.606" /><testcase classname="backend.tests.test_iteration51_badge_nfc.TestNfcTagDuplicateCheck" name="test_duplicate_serial_returns_409" time="0.845" /><testcase classname="backend.tests.test_iteration51_badge_nfc.TestLocationsHaveCountry" name="test_locations_have_country" time="0.446" /></testsuite></testsuites>