<?xml version="1.0" encoding="utf-8"?><testsuites name="pytest tests"><testsuite name="pytest" errors="0" failures="0" skipped="0" tests="16" time="4.274" timestamp="2026-04-27T03:18:21.561066+00:00" hostname="agent-env-d7f2a089-10f6-42f6-a000-1740c8230ce9"><testcase classname="backend.tests.test_iteration74_chat_access.TestAccessResidents" name="test_list_residents_endpoint_works" time="0.727" /><testcase classname="backend.tests.test_iteration74_chat_access.TestAccessResidents" name="test_list_residents_with_location_filter" time="0.124" /><testcase classname="backend.tests.test_iteration74_chat_access.TestAccessResidents" name="test_create_child_as_resident_and_verify_in_list" time="0.248" /><testcase classname="backend.tests.test_iteration74_chat_access.TestAccessValidation" name="test_validate_access_endpoint_works" time="0.066" /><testcase classname="backend.tests.test_iteration74_chat_access.TestAccessValidation" name="test_validate_access_with_qr_data" time="0.062" /><testcase classname="backend.tests.test_iteration74_chat_access.TestOrphanCleanup" name="test_cleanup_orphans_endpoint_works" time="0.063" /><testcase classname="backend.tests.test_iteration74_chat_access.TestOrphanCleanup" name="test_cleanup_orphans_returns_cleaned_counts" time="0.059" /><testcase classname="backend.tests.test_iteration74_chat_access.TestChatConversationDelete" name="test_create_and_delete_conversation" time="0.353" /><testcase classname="backend.tests.test_iteration74_chat_access.TestChatConversationDelete" name="test_delete_nonexistent_conversation" time="0.059" /><testcase classname="backend.tests.test_iteration74_chat_access.TestChatGroupMembers" name="test_create_group_and_add_members" time="0.193" /><testcase classname="backend.tests.test_iteration74_chat_access.TestChatGroupMembers" name="test_cannot_edit_direct_conversation_members" time="0.180" /><testcase classname="backend.tests.test_iteration74_chat_access.TestChatMessageDelete" name="test_send_and_delete_own_unread_message" time="0.257" /><testcase classname="backend.tests.test_iteration74_chat_access.TestChatMessageDelete" name="test_cannot_delete_nonexistent_message" time="0.084" /><testcase classname="backend.tests.test_iteration74_chat_access.TestChatMessageDelete" name="test_message_delete_returns_proper_error_for_read_message" time="0.268" /><testcase classname="backend.tests.test_iteration74_chat_access.TestConversationListFiltersHidden" name="test_hidden_conversations_not_in_list" time="0.337" /><testcase classname="backend.tests.test_iteration74_chat_access.TestCleanup" name="test_cleanup_test_data" time="1.113" /></testsuite></testsuites>