<?xml version="1.0" encoding="utf-8"?><testsuites name="pytest tests"><testsuite name="pytest" errors="0" failures="0" skipped="0" tests="28" time="5.891" timestamp="2026-03-27T02:35:30.660815+00:00" hostname="agent-env-5d75b929-1e73-48fa-8701-fec759cbf06b"><testcase classname="backend.tests.test_iteration26_new_features.TestLoginAndDashboard" name="test_login_success" time="0.415" /><testcase classname="backend.tests.test_iteration26_new_features.TestLoginAndDashboard" name="test_dashboard_stats" time="0.437" /><testcase classname="backend.tests.test_iteration26_new_features.TestStoreSettings" name="test_get_store_settings" time="0.263" /><testcase classname="backend.tests.test_iteration26_new_features.TestStoreSettings" name="test_update_store_settings" time="0.125" /><testcase classname="backend.tests.test_iteration26_new_features.TestStoreSettings" name="test_list_all_store_settings" time="0.112" /><testcase classname="backend.tests.test_iteration26_new_features.TestSalesExportImport" name="test_export_sales" time="0.105" /><testcase classname="backend.tests.test_iteration26_new_features.TestSalesExportImport" name="test_export_sales_with_location_filter" time="0.137" /><testcase classname="backend.tests.test_iteration26_new_features.TestSalesExportImport" name="test_import_sales" time="0.111" /><testcase classname="backend.tests.test_iteration26_new_features.TestProductsCRUD" name="test_list_products" time="0.141" /><testcase classname="backend.tests.test_iteration26_new_features.TestProductsCRUD" name="test_create_product_with_location" time="0.210" /><testcase classname="backend.tests.test_iteration26_new_features.TestProductsCRUD" name="test_update_product" time="0.222" /><testcase classname="backend.tests.test_iteration26_new_features.TestProductsCRUD" name="test_delete_product" time="0.116" /><testcase classname="backend.tests.test_iteration26_new_features.TestPOSSales" name="test_create_sale" time="0.106" /><testcase classname="backend.tests.test_iteration26_new_features.TestPOSSales" name="test_list_sales" time="0.113" /><testcase classname="backend.tests.test_iteration26_new_features.TestOutreachSessions" name="test_list_programs" time="0.119" /><testcase classname="backend.tests.test_iteration26_new_features.TestOutreachSessions" name="test_create_session_creates_calendar_event" time="0.316" /><testcase classname="backend.tests.test_iteration26_new_features.TestOutreachSessions" name="test_list_sessions" time="0.104" /><testcase classname="backend.tests.test_iteration26_new_features.TestAdminMultiLocation" name="test_list_admin_users" time="0.117" /><testcase classname="backend.tests.test_iteration26_new_features.TestAdminMultiLocation" name="test_create_user_with_location" time="0.471" /><testcase classname="backend.tests.test_iteration26_new_features.TestAdminMultiLocation" name="test_update_user_multi_location" time="0.664" /><testcase classname="backend.tests.test_iteration26_new_features.TestAuditTrail" name="test_list_audit_logs" time="0.111" /><testcase classname="backend.tests.test_iteration26_new_features.TestAuditTrail" name="test_list_deleted_items" time="0.118" /><testcase classname="backend.tests.test_iteration26_new_features.TestAppSettings" name="test_get_global_settings" time="0.102" /><testcase classname="backend.tests.test_iteration26_new_features.TestAppSettings" name="test_get_currencies" time="0.116" /><testcase classname="backend.tests.test_iteration26_new_features.TestFinancial" name="test_financial_summary" time="0.122" /><testcase classname="backend.tests.test_iteration26_new_features.TestFinancial" name="test_financial_summary_with_location" time="0.123" /><testcase classname="backend.tests.test_iteration26_new_features.TestCleanup" name="test_cleanup_test_products" time="0.141" /><testcase classname="backend.tests.test_iteration26_new_features.TestCleanup" name="test_cleanup_test_programs" time="0.563" /></testsuite></testsuites>