<?xml version="1.0" encoding="utf-8"?><testsuites name="pytest tests"><testsuite name="pytest" errors="0" failures="0" skipped="0" tests="15" time="7.537" timestamp="2026-03-28T03:20:34.526860+00:00" hostname="agent-env-d7f2a089-10f6-42f6-a000-1740c8230ce9"><testcase classname="backend.tests.test_iteration33_features.TestAuth" name="test_login_admin" time="0.394" /><testcase classname="backend.tests.test_iteration33_features.TestCampusSwitcher" name="test_set_active_campus" time="0.608" /><testcase classname="backend.tests.test_iteration33_features.TestCampusSwitcher" name="test_clear_active_campus" time="0.431" /><testcase classname="backend.tests.test_iteration33_features.TestEventsOrdering" name="test_events_sorted_by_date_within_status" time="0.485" /><testcase classname="backend.tests.test_iteration33_features.TestGlobalSettings" name="test_global_settings_app_name" time="0.438" /><testcase classname="backend.tests.test_iteration33_features.TestLocations" name="test_main_location_name" time="0.438" /><testcase classname="backend.tests.test_iteration33_features.TestAdminUserCreation" name="test_create_user_default_password" time="0.800" /><testcase classname="backend.tests.test_iteration33_features.TestFinancialAPIs" name="test_list_financial_apis" time="0.425" /><testcase classname="backend.tests.test_iteration33_features.TestDataIsolation" name="test_admin_sees_all_data" time="0.550" /><testcase classname="backend.tests.test_iteration33_features.TestDataIsolation" name="test_admin_campus_filter" time="0.804" /><testcase classname="backend.tests.test_iteration33_features.TestBoardsRoute" name="test_boards_api_exists" time="0.443" /><testcase classname="backend.tests.test_iteration33_features.TestBoardsRoute" name="test_tasks_api_still_works" time="0.439" /><testcase classname="backend.tests.test_iteration33_features.TestCurrencies" name="test_currencies_list" time="0.109" /><testcase classname="backend.tests.test_iteration33_features.TestCalendarExport" name="test_ical_export" time="0.449" /><testcase classname="backend.tests.test_iteration33_features.TestCleanup" name="test_clear_campus_filter" time="0.653" /></testsuite></testsuites>