<?xml version="1.0" encoding="utf-8"?><testsuites name="pytest tests"><testsuite name="pytest" errors="0" failures="0" skipped="0" tests="24" time="18.841" timestamp="2026-04-17T16:50:08.654420+00:00" hostname="agent-env-d7f2a089-10f6-42f6-a000-1740c8230ce9"><testcase classname="backend.tests.test_iteration48_bulk_operations.TestBulkEventOperations" name="test_bulk_event_update" time="1.439" /><testcase classname="backend.tests.test_iteration48_bulk_operations.TestBulkEventOperations" name="test_bulk_event_update_with_location_id" time="0.893" /><testcase classname="backend.tests.test_iteration48_bulk_operations.TestBulkEventOperations" name="test_bulk_event_delete" time="1.477" /><testcase classname="backend.tests.test_iteration48_bulk_operations.TestBulkEventOperations" name="test_bulk_event_export" time="0.865" /><testcase classname="backend.tests.test_iteration48_bulk_operations.TestBulkEventOperations" name="test_bulk_event_export_all" time="0.886" /><testcase classname="backend.tests.test_iteration48_bulk_operations.TestBulkEventOperations" name="test_bulk_event_update_empty_ids" time="0.859" /><testcase classname="backend.tests.test_iteration48_bulk_operations.TestBulkTaskOperations" name="test_bulk_task_update" time="0.833" /><testcase classname="backend.tests.test_iteration48_bulk_operations.TestBulkTaskOperations" name="test_bulk_task_update_with_assignees" time="1.055" /><testcase classname="backend.tests.test_iteration48_bulk_operations.TestBulkTaskOperations" name="test_bulk_task_delete" time="1.152" /><testcase classname="backend.tests.test_iteration48_bulk_operations.TestBulkTaskOperations" name="test_bulk_task_archive" time="0.902" /><testcase classname="backend.tests.test_iteration48_bulk_operations.TestBulkTaskOperations" name="test_bulk_task_unarchive" time="1.058" /><testcase classname="backend.tests.test_iteration48_bulk_operations.TestBulkTaskOperations" name="test_bulk_task_update_empty_ids" time="0.866" /><testcase classname="backend.tests.test_iteration48_bulk_operations.TestBulkMemberExport" name="test_bulk_member_export_all" time="0.115" /><testcase classname="backend.tests.test_iteration48_bulk_operations.TestBulkMemberExport" name="test_bulk_member_export_specific_ids" time="0.291" /><testcase classname="backend.tests.test_iteration48_bulk_operations.TestBoardsVisibility" name="test_restricted_board_created_with_flag" time="0.924" /><testcase classname="backend.tests.test_iteration48_bulk_operations.TestBoardsVisibility" name="test_private_board_created_with_flag" time="0.884" /><testcase classname="backend.tests.test_iteration48_bulk_operations.TestBoardsVisibility" name="test_list_boards_includes_restricted_for_tagged_user" time="0.940" /><testcase classname="backend.tests.test_iteration48_bulk_operations.TestBoardsVisibility" name="test_list_boards_includes_private_for_creator" time="0.919" /><testcase classname="backend.tests.test_iteration48_bulk_operations.TestPublicEventsCountryFilter" name="test_public_events_returns_events" time="0.422" /><testcase classname="backend.tests.test_iteration48_bulk_operations.TestPublicEventsCountryFilter" name="test_public_events_country_filter" time="0.512" /><testcase classname="backend.tests.test_iteration48_bulk_operations.TestPublicEventsCountryFilter" name="test_public_events_country_filter_all" time="0.384" /><testcase classname="backend.tests.test_iteration48_bulk_operations.TestPublicEventsCountryFilter" name="test_public_events_resolves_country_from_location" time="0.375" /><testcase classname="backend.tests.test_iteration48_bulk_operations.TestBulkOperationsEdgeCases" name="test_bulk_event_update_invalid_field_ignored" time="0.559" /><testcase classname="backend.tests.test_iteration48_bulk_operations.TestBulkOperationsEdgeCases" name="test_bulk_task_archive_with_missing_ids" time="0.130" /></testsuite></testsuites>