<?xml version="1.0" encoding="utf-8"?><testsuites name="pytest tests"><testsuite name="pytest" errors="0" failures="0" skipped="0" tests="12" time="4.488" timestamp="2026-03-30T10:09:20.352401+00:00" hostname="agent-env-d7f2a089-10f6-42f6-a000-1740c8230ce9"><testcase classname="backend.tests.test_wave_api.TestWaveAPI" name="test_list_wave_servers" time="0.540" /><testcase classname="backend.tests.test_wave_api.TestWaveAPI" name="test_create_wave_server" time="0.433" /><testcase classname="backend.tests.test_wave_api.TestWaveAPI" name="test_create_wave_server_with_campus" time="0.385" /><testcase classname="backend.tests.test_wave_api.TestWaveAPI" name="test_update_wave_server" time="0.414" /><testcase classname="backend.tests.test_wave_api.TestWaveAPI" name="test_delete_wave_server" time="0.453" /><testcase classname="backend.tests.test_wave_api.TestWaveAPI" name="test_get_my_wave_config" time="0.405" /><testcase classname="backend.tests.test_wave_api.TestWaveAPI" name="test_save_my_wave_credentials" time="0.384" /><testcase classname="backend.tests.test_wave_api.TestWaveAPI" name="test_default_server_logic" time="0.503" /><testcase classname="backend.tests.test_wave_api.TestWaveAPI" name="test_cleanup_test_servers" time="0.614" /><testcase classname="backend.tests.test_wave_api.TestWaveAPIUnauthorized" name="test_list_servers_unauthorized" time="0.102" /><testcase classname="backend.tests.test_wave_api.TestWaveAPIUnauthorized" name="test_create_server_unauthorized" time="0.094" /><testcase classname="backend.tests.test_wave_api.TestWaveAPIUnauthorized" name="test_get_my_config_unauthorized" time="0.092" /></testsuite></testsuites>