<?xml version="1.0" encoding="utf-8"?><testsuites name="pytest tests"><testsuite name="pytest" errors="0" failures="0" skipped="0" tests="14" time="6.950" timestamp="2026-03-28T17:19:14.205734+00:00" hostname="agent-env-d7f2a089-10f6-42f6-a000-1740c8230ce9"><testcase classname="backend.tests.test_iteration40_sip_features.TestSipCredentialsEndpoint" name="test_sip_credentials_endpoint_exists" time="0.580" /><testcase classname="backend.tests.test_iteration40_sip_features.TestSipCredentialsEndpoint" name="test_sip_credentials_returns_expected_fields" time="0.440" /><testcase classname="backend.tests.test_iteration40_sip_features.TestPbxPasswordPreservation" name="test_create_pbx_with_password" time="0.644" /><testcase classname="backend.tests.test_iteration40_sip_features.TestPbxPasswordPreservation" name="test_update_pbx_blank_password_preserves_existing" time="0.768" /><testcase classname="backend.tests.test_iteration40_sip_features.TestPbxConfigsEndpoints" name="test_list_pbx_configs" time="0.495" /><testcase classname="backend.tests.test_iteration40_sip_features.TestPbxConfigsEndpoints" name="test_list_extensions" time="0.473" /><testcase classname="backend.tests.test_iteration40_sip_features.TestPbxConfigsEndpoints" name="test_list_queues" time="0.438" /><testcase classname="backend.tests.test_iteration40_sip_features.TestPbxConfigsEndpoints" name="test_get_auto_attendant" time="0.492" /><testcase classname="backend.tests.test_iteration40_sip_features.TestPbxConfigsEndpoints" name="test_list_outgoing_rules" time="0.447" /><testcase classname="backend.tests.test_iteration40_sip_features.TestPbxConfigsEndpoints" name="test_get_ice_servers" time="0.751" /><testcase classname="backend.tests.test_iteration40_sip_features.TestPbxConfigsEndpoints" name="test_get_callable_contacts" time="0.455" /><testcase classname="backend.tests.test_iteration40_sip_features.TestPbxConfigsEndpoints" name="test_get_user_extension" time="0.438" /><testcase classname="backend.tests.test_iteration40_sip_features.TestHealthAndAuth" name="test_health_endpoint" time="0.097" /><testcase classname="backend.tests.test_iteration40_sip_features.TestHealthAndAuth" name="test_admin_login" time="0.344" /></testsuite></testsuites>