<?xml version="1.0" encoding="utf-8"?><testsuites name="pytest tests"><testsuite name="pytest" errors="0" failures="0" skipped="0" tests="18" time="1.693" timestamp="2026-03-25T11:30:50.328737+00:00" hostname="agent-env-8d259cca-7294-4892-ac13-aa45945d7d5b"><testcase classname="backend.tests.test_iteration21_parent_checkin.TestParentLookupEndpoint" name="test_parent_lookup_with_phone_finds_test_dad" time="0.462" /><testcase classname="backend.tests.test_iteration21_parent_checkin.TestParentLookupEndpoint" name="test_parent_lookup_with_email" time="0.093" /><testcase classname="backend.tests.test_iteration21_parent_checkin.TestParentLookupEndpoint" name="test_parent_lookup_with_name" time="0.049" /><testcase classname="backend.tests.test_iteration21_parent_checkin.TestParentLookupEndpoint" name="test_parent_lookup_with_id" time="0.047" /><testcase classname="backend.tests.test_iteration21_parent_checkin.TestParentLookupEndpoint" name="test_parent_lookup_not_found" time="0.045" /><testcase classname="backend.tests.test_iteration21_parent_checkin.TestParentLookupEndpoint" name="test_parent_lookup_empty_lookup_returns_400" time="0.044" /><testcase classname="backend.tests.test_iteration21_parent_checkin.TestParentLookupEndpoint" name="test_parent_lookup_returns_children_with_matching_family_id" time="0.067" /><testcase classname="backend.tests.test_iteration21_parent_checkin.TestParentCheckinFlow" name="test_checkin_children_via_parent_lookup" time="0.090" /><testcase classname="backend.tests.test_iteration21_parent_checkin.TestParentCheckinFlow" name="test_checkin_specific_children_only" time="0.118" /><testcase classname="backend.tests.test_iteration21_parent_checkin.TestCheckinStats" name="test_checkin_stats_includes_children_count" time="0.049" /><testcase classname="backend.tests.test_iteration21_parent_checkin.TestChildModelParentIds" name="test_create_child_with_parent_ids" time="0.087" /><testcase classname="backend.tests.test_iteration21_parent_checkin.TestChildModelParentIds" name="test_update_child_with_parent_ids" time="0.129" /><testcase classname="backend.tests.test_iteration21_parent_checkin.TestGuestModelParentFields" name="test_create_guest_with_is_parent_and_family_id" time="0.102" /><testcase classname="backend.tests.test_iteration21_parent_checkin.TestGuestModelParentFields" name="test_verify_test_dad_has_is_parent_and_family_id" time="0.046" /><testcase classname="backend.tests.test_iteration21_parent_checkin.TestParentLookupSpecialCharacters" name="test_lookup_with_plus_sign_in_phone" time="0.044" /><testcase classname="backend.tests.test_iteration21_parent_checkin.TestParentLookupSpecialCharacters" name="test_lookup_with_partial_phone" time="0.044" /><testcase classname="backend.tests.test_iteration21_parent_checkin.TestVerifyTestData" name="test_verify_test_child_exists" time="0.045" /><testcase classname="backend.tests.test_iteration21_parent_checkin.TestVerifyTestData" name="test_verify_test_parent_exists" time="0.043" /></testsuite></testsuites>