<?xml version="1.0" encoding="utf-8"?><testsuites name="pytest tests"><testsuite name="pytest" errors="0" failures="0" skipped="0" tests="15" time="8.238" timestamp="2026-04-26T16:56:33.911056+00:00" hostname="agent-env-d7f2a089-10f6-42f6-a000-1740c8230ce9"><testcase classname="backend.tests.test_iteration70_phone_login.TestLoginPhoneNormalization" name="test_login_with_email_success" time="0.328" /><testcase classname="backend.tests.test_iteration70_phone_login.TestLoginPhoneNormalization" name="test_login_with_wrong_password" time="0.349" /><testcase classname="backend.tests.test_iteration70_phone_login.TestLoginPhoneNormalization" name="test_login_with_nonexistent_user" time="0.115" /><testcase classname="backend.tests.test_iteration70_phone_login.TestKioskPinCheckin" name="test_pin_checkin_lookup_action_returns_member_info" time="0.817" /><testcase classname="backend.tests.test_iteration70_phone_login.TestKioskPinCheckin" name="test_pin_checkin_matches_pin_first" time="0.725" /><testcase classname="backend.tests.test_iteration70_phone_login.TestKioskPinCheckin" name="test_pin_checkin_phone_last4_fallback" time="0.680" /><testcase classname="backend.tests.test_iteration70_phone_login.TestKioskPinCheckin" name="test_pin_checkin_action_creates_checkin" time="0.662" /><testcase classname="backend.tests.test_iteration70_phone_login.TestKioskPinCheckin" name="test_pin_checkin_invalid_pin_returns_404" time="0.447" /><testcase classname="backend.tests.test_iteration70_phone_login.TestKioskPinCheckin" name="test_pin_checkin_empty_pin_returns_400" time="0.471" /><testcase classname="backend.tests.test_iteration70_phone_login.TestKioskPinCheckinUsersAndGuests" name="test_pin_checkin_finds_user_by_phone_last4" time="1.082" /><testcase classname="backend.tests.test_iteration70_phone_login.TestKioskPinCheckinUsersAndGuests" name="test_pin_checkin_finds_guest_by_phone_last4" time="0.712" /><testcase classname="backend.tests.test_iteration70_phone_login.TestMajorPagesLoad" name="test_dashboard_api" time="0.447" /><testcase classname="backend.tests.test_iteration70_phone_login.TestMajorPagesLoad" name="test_members_api" time="0.437" /><testcase classname="backend.tests.test_iteration70_phone_login.TestMajorPagesLoad" name="test_events_api" time="0.466" /><testcase classname="backend.tests.test_iteration70_phone_login.TestMajorPagesLoad" name="test_checkins_api" time="0.444" /></testsuite></testsuites>