<?xml version="1.0" encoding="utf-8"?><testsuites name="pytest tests"><testsuite name="pytest" errors="0" failures="0" skipped="0" tests="13" time="8.386" timestamp="2026-03-25T19:57:27.902697+00:00" hostname="agent-env-19bf4883-065d-4c16-b5ff-c12cf5da9ccf"><testcase classname="backend.tests.test_iteration24_email_reports.TestEmailIntegration" name="test_email_templates_list" time="0.536" /><testcase classname="backend.tests.test_iteration24_email_reports.TestEmailIntegration" name="test_email_send_welcome_template" time="0.731" /><testcase classname="backend.tests.test_iteration24_email_reports.TestEmailIntegration" name="test_email_send_event_invite_template" time="1.119" /><testcase classname="backend.tests.test_iteration24_email_reports.TestEmailIntegration" name="test_email_send_report_template" time="0.650" /><testcase classname="backend.tests.test_iteration24_email_reports.TestEmailIntegration" name="test_email_log" time="0.471" /><testcase classname="backend.tests.test_iteration24_email_reports.TestCampusReports" name="test_campus_comparison_report" time="0.502" /><testcase classname="backend.tests.test_iteration24_email_reports.TestCampusReports" name="test_campus_comparison_with_date_filter" time="0.562" /><testcase classname="backend.tests.test_iteration24_email_reports.TestCampusReports" name="test_campus_detail_report" time="0.615" /><testcase classname="backend.tests.test_iteration24_email_reports.TestCampusReports" name="test_campus_detail_unauthorized_access" time="0.539" /><testcase classname="backend.tests.test_iteration24_email_reports.TestDashboardSwitcher" name="test_dashboard_stats_all_campuses" time="0.505" /><testcase classname="backend.tests.test_iteration24_email_reports.TestDashboardSwitcher" name="test_dashboard_stats_filtered_by_campus" time="0.607" /><testcase classname="backend.tests.test_iteration24_email_reports.TestDashboardSwitcher" name="test_dashboard_stats_comparison" time="0.701" /><testcase classname="backend.tests.test_iteration24_email_reports.TestReportsPdfExport" name="test_pdf_export" time="0.758" /></testsuite></testsuites>