<?xml version="1.0" encoding="utf-8"?><testsuites name="pytest tests"><testsuite name="pytest" errors="0" failures="0" skipped="0" tests="12" time="7.085" timestamp="2026-03-24T10:47:08.963777+00:00" hostname="agent-env-1b81a265-bc88-4d62-9e1d-b1f0b3a8e907"><testcase classname="backend.tests.test_iteration16_edit_import.TestAuthLogin" name="test_login_success" time="0.396" /><testcase classname="backend.tests.test_iteration16_edit_import.TestMembersAPI" name="test_list_members" time="0.463" /><testcase classname="backend.tests.test_iteration16_edit_import.TestMembersAPI" name="test_create_member" time="0.440" /><testcase classname="backend.tests.test_iteration16_edit_import.TestMembersAPI" name="test_edit_member_critical" time="0.719" /><testcase classname="backend.tests.test_iteration16_edit_import.TestMembersAPI" name="test_get_member_detail" time="0.539" /><testcase classname="backend.tests.test_iteration16_edit_import.TestAdminAPI" name="test_list_users" time="0.471" /><testcase classname="backend.tests.test_iteration16_edit_import.TestAdminAPI" name="test_create_user" time="0.785" /><testcase classname="backend.tests.test_iteration16_edit_import.TestAdminAPI" name="test_import_users_critical" time="1.394" /><testcase classname="backend.tests.test_iteration16_edit_import.TestAdminAPI" name="test_get_user_full_profile" time="0.529" /><testcase classname="backend.tests.test_iteration16_edit_import.TestBoardsAPI" name="test_list_boards" time="0.428" /><testcase classname="backend.tests.test_iteration16_edit_import.TestEventsAPI" name="test_list_events" time="0.426" /><testcase classname="backend.tests.test_iteration16_edit_import.TestDashboardAPI" name="test_dashboard_stats" time="0.429" /></testsuite></testsuites>