<?xml version="1.0" encoding="utf-8"?><testsuites name="pytest tests"><testsuite name="pytest" errors="0" failures="0" skipped="0" tests="16" time="3.765" timestamp="2026-03-25T11:17:43.977273+00:00" hostname="agent-env-8d259cca-7294-4892-ac13-aa45945d7d5b"><testcase classname="backend.tests.test_iteration20_family_management.TestFamilyDetailEndpoint" name="test_get_family_detail_returns_family" time="0.650" /><testcase classname="backend.tests.test_iteration20_family_management.TestFamilyDetailEndpoint" name="test_get_family_detail_includes_children_array" time="0.109" /><testcase classname="backend.tests.test_iteration20_family_management.TestFamilyDetailEndpoint" name="test_get_family_detail_includes_parents_array" time="0.151" /><testcase classname="backend.tests.test_iteration20_family_management.TestFamilyDetailEndpoint" name="test_get_family_detail_404_for_nonexistent" time="0.108" /><testcase classname="backend.tests.test_iteration20_family_management.TestGuardianCRUD" name="test_add_guardian_to_family" time="0.139" /><testcase classname="backend.tests.test_iteration20_family_management.TestGuardianCRUD" name="test_guardian_appears_in_family_detail" time="0.236" /><testcase classname="backend.tests.test_iteration20_family_management.TestGuardianCRUD" name="test_update_guardian" time="0.316" /><testcase classname="backend.tests.test_iteration20_family_management.TestGuardianCRUD" name="test_remove_guardian" time="0.299" /><testcase classname="backend.tests.test_iteration20_family_management.TestPortalFamilyEndpoints" name="test_get_portal_family_returns_data" time="0.104" /><testcase classname="backend.tests.test_iteration20_family_management.TestPortalFamilyEndpoints" name="test_get_portal_family_structure" time="0.130" /><testcase classname="backend.tests.test_iteration20_family_management.TestPortalFamilyWithLinkedFamily" name="test_portal_family_returns_linked_family" time="0.206" /><testcase classname="backend.tests.test_iteration20_family_management.TestPortalFamilyWithLinkedFamily" name="test_portal_update_family" time="0.099" /><testcase classname="backend.tests.test_iteration20_family_management.TestPortalFamilyWithLinkedFamily" name="test_portal_add_child" time="0.211" /><testcase classname="backend.tests.test_iteration20_family_management.TestPortalFamilyWithLinkedFamily" name="test_portal_add_guardian" time="0.263" /><testcase classname="backend.tests.test_iteration20_family_management.TestGuestUpdate" name="test_update_guest" time="0.205" /><testcase classname="backend.tests.test_iteration20_family_management.TestGuestUpdate" name="test_update_guest_verify_persistence" time="0.454" /></testsuite></testsuites>