<?xml version="1.0" encoding="utf-8"?><testsuites name="pytest tests"><testsuite name="pytest" errors="0" failures="0" skipped="0" tests="23" time="8.438" timestamp="2026-03-23T23:48:37.281200+00:00" hostname="agent-env-7a5d020c-879a-4057-9c05-6106960a110d"><testcase classname="backend.tests.test_iteration8_features.TestHealthAndBasics" name="test_health_endpoint" time="0.200" /><testcase classname="backend.tests.test_iteration8_features.TestAuthRouter" name="test_login_admin_primary" time="0.358" /><testcase classname="backend.tests.test_iteration8_features.TestAuthRouter" name="test_login_admin_secondary" time="0.442" /><testcase classname="backend.tests.test_iteration8_features.TestAuthRouter" name="test_login_invalid_credentials" time="0.122" /><testcase classname="backend.tests.test_iteration8_features.TestAuthRouter" name="test_auth_me_requires_token" time="0.118" /><testcase classname="backend.tests.test_iteration8_features.TestAuthRouter" name="test_auth_me_with_token" time="0.494" /><testcase classname="backend.tests.test_iteration8_features.TestMembersRouter" name="test_list_members" time="0.462" /><testcase classname="backend.tests.test_iteration8_features.TestMembersRouter" name="test_list_families" time="0.623" /><testcase classname="backend.tests.test_iteration8_features.TestMembersRouter" name="test_list_children" time="0.526" /><testcase classname="backend.tests.test_iteration8_features.TestMembersRouter" name="test_list_guests" time="0.492" /><testcase classname="backend.tests.test_iteration8_features.TestMembersRouter" name="test_list_badges" time="0.457" /><testcase classname="backend.tests.test_iteration8_features.TestMembersRouter" name="test_approve_member_endpoint_exists" time="0.460" /><testcase classname="backend.tests.test_iteration8_features.TestCSVImportRouter" name="test_csv_members_endpoint_requires_auth" time="0.110" /><testcase classname="backend.tests.test_iteration8_features.TestCSVImportRouter" name="test_csv_members_endpoint_exists" time="0.473" /><testcase classname="backend.tests.test_iteration8_features.TestPushNotificationEndpoints" name="test_vapid_key_endpoint" time="0.107" /><testcase classname="backend.tests.test_iteration8_features.TestPushNotificationEndpoints" name="test_push_subscribe_requires_auth" time="0.104" /><testcase classname="backend.tests.test_iteration8_features.TestPushNotificationEndpoints" name="test_push_subscribe_validates_subscription" time="0.443" /><testcase classname="backend.tests.test_iteration8_features.TestBiometricEndpoints" name="test_biometric_verify_endpoint_exists" time="0.109" /><testcase classname="backend.tests.test_iteration8_features.TestBiometricEndpoints" name="test_biometric_verify_requires_credential_id" time="0.119" /><testcase classname="backend.tests.test_iteration8_features.TestNFCEndpoints" name="test_nfc_scan_endpoint_exists" time="0.109" /><testcase classname="backend.tests.test_iteration8_features.TestNFCEndpoints" name="test_nfc_scan_requires_serial_number" time="0.104" /><testcase classname="backend.tests.test_iteration8_features.TestRouterIntegration" name="test_all_member_crud_endpoints" time="0.956" /><testcase classname="backend.tests.test_iteration8_features.TestRouterIntegration" name="test_all_family_crud_endpoints" time="0.975" /></testsuite></testsuites>