<?xml version="1.0" encoding="utf-8"?><testsuites name="pytest tests"><testsuite name="pytest" errors="0" failures="0" skipped="0" tests="21" time="11.399" timestamp="2026-04-26T21:13:34.097971+00:00" hostname="agent-env-d7f2a089-10f6-42f6-a000-1740c8230ce9"><testcase classname="backend.tests.test_iteration71_access_control.TestAccessControlFeatures" name="test_01_assign_resident_single_member" time="0.707" /><testcase classname="backend.tests.test_iteration71_access_control.TestAccessControlFeatures" name="test_02_assign_resident_batch_multiple_members" time="0.662" /><testcase classname="backend.tests.test_iteration71_access_control.TestAccessControlFeatures" name="test_03_assign_resident_resolves_child_name" time="0.558" /><testcase classname="backend.tests.test_iteration71_access_control.TestAccessControlFeatures" name="test_04_assign_resident_resolves_guest_name" time="0.527" /><testcase classname="backend.tests.test_iteration71_access_control.TestAccessControlFeatures" name="test_05_assign_resident_auto_issues_badge" time="0.584" /><testcase classname="backend.tests.test_iteration71_access_control.TestAccessControlFeatures" name="test_06_eligible_residents_returns_members_children_guests" time="0.476" /><testcase classname="backend.tests.test_iteration71_access_control.TestAccessControlFeatures" name="test_07_eligible_residents_search_filter" time="0.479" /><testcase classname="backend.tests.test_iteration71_access_control.TestAccessControlFeatures" name="test_08_validate_access_resident" time="0.617" /><testcase classname="backend.tests.test_iteration71_access_control.TestAccessControlFeatures" name="test_09_validate_access_by_qr_data" time="0.570" /><testcase classname="backend.tests.test_iteration71_access_control.TestAccessControlFeatures" name="test_10_validate_access_no_authorization" time="0.516" /><testcase classname="backend.tests.test_iteration71_access_control.TestAccessControlFeatures" name="test_11_register_fingerprint" time="0.482" /><testcase classname="backend.tests.test_iteration71_access_control.TestAccessControlFeatures" name="test_12_list_user_fingerprints" time="0.514" /><testcase classname="backend.tests.test_iteration71_access_control.TestAccessControlFeatures" name="test_13_delete_fingerprint" time="0.496" /><testcase classname="backend.tests.test_iteration71_access_control.TestAccessControlFeatures" name="test_14_validate_access_by_fingerprint" time="0.607" /><testcase classname="backend.tests.test_iteration71_access_control.TestAccessControlFeatures" name="test_15_create_guest_access_link" time="0.481" /><testcase classname="backend.tests.test_iteration71_access_control.TestAccessControlFeatures" name="test_16_public_access_request_creates_guest_profile" time="0.658" /><testcase classname="backend.tests.test_iteration71_access_control.TestAccessControlFeatures" name="test_17_public_access_request_invalid_token" time="0.436" /><testcase classname="backend.tests.test_iteration71_access_control.TestAccessControlFeatures" name="test_18_convert_guest_pass_to_resident" time="0.736" /><testcase classname="backend.tests.test_iteration71_access_control.TestAccessControlFeatures" name="test_19_convert_requires_director_role" time="0.386" /><testcase classname="backend.tests.test_iteration71_access_control.TestAccessControlFeatures" name="test_20_list_residents" time="0.399" /><testcase classname="backend.tests.test_iteration71_access_control.TestAccessControlFeatures" name="test_21_list_guest_links" time="0.378" /></testsuite></testsuites>