<?xml version="1.0" encoding="utf-8"?><testsuites name="pytest tests"><testsuite name="pytest" errors="0" failures="0" skipped="0" tests="30" time="7.482" timestamp="2026-03-23T21:28:23.126849+00:00" hostname="agent-env-646ecac5-6589-4535-84a7-7eed8d4b1969"><testcase classname="backend.tests.test_iteration5_features.TestAuth" name="test_login_admin_5812uganda" time="0.443" /><testcase classname="backend.tests.test_iteration5_features.TestMembers" name="test_list_members" time="0.502" /><testcase classname="backend.tests.test_iteration5_features.TestMembers" name="test_create_member_with_male_gender" time="0.298" /><testcase classname="backend.tests.test_iteration5_features.TestMembers" name="test_create_member_with_female_gender" time="0.294" /><testcase classname="backend.tests.test_iteration5_features.TestMembers" name="test_create_member_invalid_gender_rejected" time="0.112" /><testcase classname="backend.tests.test_iteration5_features.TestLocations" name="test_list_locations" time="0.131" /><testcase classname="backend.tests.test_iteration5_features.TestLocations" name="test_restricted_locations_exist" time="0.112" /><testcase classname="backend.tests.test_iteration5_features.TestAccessControl" name="test_list_residents" time="0.225" /><testcase classname="backend.tests.test_iteration5_features.TestAccessControl" name="test_list_staff_passes" time="0.271" /><testcase classname="backend.tests.test_iteration5_features.TestAccessControl" name="test_list_guest_requests" time="0.212" /><testcase classname="backend.tests.test_iteration5_features.TestAccessControl" name="test_list_scan_log" time="0.208" /><testcase classname="backend.tests.test_iteration5_features.TestAccessControl" name="test_assign_resident" time="0.514" /><testcase classname="backend.tests.test_iteration5_features.TestAccessControl" name="test_assign_staff_pass" time="0.500" /><testcase classname="backend.tests.test_iteration5_features.TestAccessControl" name="test_request_guest_visit" time="0.700" /><testcase classname="backend.tests.test_iteration5_features.TestAccessControl" name="test_scan_requires_authorization" time="0.321" /><testcase classname="backend.tests.test_iteration5_features.TestReports" name="test_report_summary" time="0.113" /><testcase classname="backend.tests.test_iteration5_features.TestReports" name="test_report_summary_with_location_filter" time="0.240" /><testcase classname="backend.tests.test_iteration5_features.TestReports" name="test_report_pdf_export" time="0.198" /><testcase classname="backend.tests.test_iteration5_features.TestCSVImport" name="test_csv_members_import_endpoint_exists" time="0.127" /><testcase classname="backend.tests.test_iteration5_features.TestCSVImport" name="test_csv_children_parents_import_endpoint_exists" time="0.124" /><testcase classname="backend.tests.test_iteration5_features.TestCSVImport" name="test_csv_staff_import_endpoint_exists" time="0.114" /><testcase classname="backend.tests.test_iteration5_features.TestDocuments" name="test_list_member_documents" time="0.242" /><testcase classname="backend.tests.test_iteration5_features.TestDocuments" name="test_document_upload_requires_valid_file_type" time="0.219" /><testcase classname="backend.tests.test_iteration5_features.TestDepartmentByLocation" name="test_location_has_departments" time="0.106" /><testcase classname="backend.tests.test_iteration5_features.TestFamiliesAndPeople" name="test_list_families" time="0.127" /><testcase classname="backend.tests.test_iteration5_features.TestFamiliesAndPeople" name="test_list_children" time="0.095" /><testcase classname="backend.tests.test_iteration5_features.TestFamiliesAndPeople" name="test_list_guests" time="0.104" /><testcase classname="backend.tests.test_iteration5_features.TestFamiliesAndPeople" name="test_create_family" time="0.235" /><testcase classname="backend.tests.test_iteration5_features.TestFamiliesAndPeople" name="test_create_child" time="0.257" /><testcase classname="backend.tests.test_iteration5_features.TestFamiliesAndPeople" name="test_create_guest" time="0.241" /></testsuite></testsuites>