<?xml version="1.0" encoding="utf-8"?><testsuites name="pytest tests"><testsuite name="pytest" errors="0" failures="0" skipped="0" tests="25" time="10.834" timestamp="2026-03-23T17:41:29.712039+00:00" hostname="agent-env-4d654376-269a-4de2-9041-33bd3489a15a"><testcase classname="backend.tests.test_phase3_features.TestAuth" name="test_login_admin_5812uganda" time="0.438" /><testcase classname="backend.tests.test_phase3_features.TestAuth" name="test_login_admin_5812global" time="0.445" /><testcase classname="backend.tests.test_phase3_features.TestLocationsCompassSystem" name="test_get_locations_returns_compass_types" time="0.484" /><testcase classname="backend.tests.test_phase3_features.TestLocationsCompassSystem" name="test_create_compass_location" time="0.136" /><testcase classname="backend.tests.test_phase3_features.TestLocationsCompassSystem" name="test_update_location_fields" time="0.206" /><testcase classname="backend.tests.test_phase3_features.TestLocationsCompassSystem" name="test_create_sub_location" time="0.197" /><testcase classname="backend.tests.test_phase3_features.TestExchangeRate" name="test_exchange_rate_ugx_to_usd" time="0.494" /><testcase classname="backend.tests.test_phase3_features.TestExchangeRate" name="test_exchange_rate_usd_to_kes" time="0.144" /><testcase classname="backend.tests.test_phase3_features.TestMembersNewRoles" name="test_create_member_with_new_role" time="0.545" /><testcase classname="backend.tests.test_phase3_features.TestMembersNewRoles" name="test_create_member_multi_role" time="0.165" /><testcase classname="backend.tests.test_phase3_features.TestCSVImports" name="test_import_children_parents" time="0.754" /><testcase classname="backend.tests.test_phase3_features.TestCSVImports" name="test_import_staff" time="0.154" /><testcase classname="backend.tests.test_phase3_features.TestFinancialFundDistribution" name="test_financial_summary_with_location" time="0.519" /><testcase classname="backend.tests.test_phase3_features.TestFinancialFundDistribution" name="test_distribute_funds" time="0.209" /><testcase classname="backend.tests.test_phase3_features.TestResourceTypes" name="test_list_resources" time="0.499" /><testcase classname="backend.tests.test_phase3_features.TestResourceTypes" name="test_create_resource_sports_equipment" time="0.112" /><testcase classname="backend.tests.test_phase3_features.TestResourceTypes" name="test_create_resource_venue" time="0.543" /><testcase classname="backend.tests.test_phase3_features.TestChatAndAI" name="test_get_conversations" time="0.503" /><testcase classname="backend.tests.test_phase3_features.TestChatAndAI" name="test_create_conversation" time="0.122" /><testcase classname="backend.tests.test_phase3_features.TestChatAndAI" name="test_send_message" time="0.186" /><testcase classname="backend.tests.test_phase3_features.TestChatAndAI" name="test_ai_assistant" time="2.464" /><testcase classname="backend.tests.test_phase3_features.TestAnnouncements" name="test_list_announcements" time="0.507" /><testcase classname="backend.tests.test_phase3_features.TestAnnouncements" name="test_create_announcement" time="0.142" /><testcase classname="backend.tests.test_phase3_features.TestAppSettings" name="test_get_app_settings" time="0.532" /><testcase classname="backend.tests.test_phase3_features.TestAppSettings" name="test_update_app_settings" time="0.136" /></testsuite></testsuites>