<?xml version="1.0" encoding="utf-8"?><testsuites name="pytest tests"><testsuite name="pytest" errors="0" failures="0" skipped="0" tests="16" time="77.547" timestamp="2026-03-24T10:58:56.972788+00:00" hostname="agent-env-1b81a265-bc88-4d62-9e1d-b1f0b3a8e907"><testcase classname="tests.test_iteration17_calendar.TestAuth" name="test_login_admin" time="0.355" /><testcase classname="tests.test_iteration17_calendar.TestMembersEdit" name="test_list_members" time="0.410" /><testcase classname="tests.test_iteration17_calendar.TestMembersEdit" name="test_create_member" time="0.431" /><testcase classname="tests.test_iteration17_calendar.TestMembersEdit" name="test_update_member" time="0.750" /><testcase classname="tests.test_iteration17_calendar.TestAdminUsers" name="test_list_admin_users" time="0.432" /><testcase classname="tests.test_iteration17_calendar.TestAdminUsers" name="test_create_admin_user" time="0.758" /><testcase classname="tests.test_iteration17_calendar.TestAdminUsers" name="test_import_users" time="1.264" /><testcase classname="tests.test_iteration17_calendar.TestTasksCalendar" name="test_list_tasks" time="0.435" /><testcase classname="tests.test_iteration17_calendar.TestTasksCalendar" name="test_create_task_with_due_date" time="0.462" /><testcase classname="tests.test_iteration17_calendar.TestTasksCalendar" name="test_update_task_due_date" time="0.623" /><testcase classname="tests.test_iteration17_calendar.TestTasksCalendar" name="test_tasks_have_due_date_field" time="0.624" /><testcase classname="tests.test_iteration17_calendar.TestBoardsKanban" name="test_list_boards" time="68.559" /><testcase classname="tests.test_iteration17_calendar.TestDashboard" name="test_dashboard_stats" time="0.483" /><testcase classname="tests.test_iteration17_calendar.TestEvents" name="test_list_events" time="0.425" /><testcase classname="tests.test_iteration17_calendar.TestCleanup" name="test_cleanup_test_members" time="0.850" /><testcase classname="tests.test_iteration17_calendar.TestCleanup" name="test_cleanup_test_tasks" time="0.633" /></testsuite></testsuites>