<?xml version="1.0" encoding="utf-8"?><testsuites name="pytest tests"><testsuite name="pytest" errors="0" failures="0" skipped="0" tests="33" time="5.079" timestamp="2026-03-24T02:04:44.713919+00:00" hostname="agent-env-ab3b35fb-705d-4c21-b935-a7ab2653b9b7"><testcase classname="backend.tests.test_iteration11_documents_admin.TestDocumentIdTypes" name="test_get_id_types_returns_200" time="0.491" /><testcase classname="backend.tests.test_iteration11_documents_admin.TestDocumentIdTypes" name="test_get_id_types_returns_list" time="0.106" /><testcase classname="backend.tests.test_iteration11_documents_admin.TestDocumentIdTypes" name="test_id_types_contains_expected_types" time="0.100" /><testcase classname="backend.tests.test_iteration11_documents_admin.TestDocumentIdTypes" name="test_id_types_requires_auth" time="0.102" /><testcase classname="backend.tests.test_iteration11_documents_admin.TestDocumentRequests" name="test_get_document_requests_admin_200" time="0.110" /><testcase classname="backend.tests.test_iteration11_documents_admin.TestDocumentRequests" name="test_get_document_requests_returns_list" time="0.132" /><testcase classname="backend.tests.test_iteration11_documents_admin.TestDocumentRequests" name="test_create_document_request" time="0.252" /><testcase classname="backend.tests.test_iteration11_documents_admin.TestDocumentRequests" name="test_create_request_missing_member_id" time="0.120" /><testcase classname="backend.tests.test_iteration11_documents_admin.TestDocumentRequests" name="test_create_request_invalid_member_id" time="0.100" /><testcase classname="backend.tests.test_iteration11_documents_admin.TestDocumentRequests" name="test_filter_requests_by_member_id" time="0.337" /><testcase classname="backend.tests.test_iteration11_documents_admin.TestDocumentUpload" name="test_upload_pdf_document" time="0.110" /><testcase classname="backend.tests.test_iteration11_documents_admin.TestDocumentUpload" name="test_upload_png_image" time="0.142" /><testcase classname="backend.tests.test_iteration11_documents_admin.TestDocumentUpload" name="test_upload_unsupported_file_type" time="0.107" /><testcase classname="backend.tests.test_iteration11_documents_admin.TestDocumentUpload" name="test_list_member_documents" time="0.106" /><testcase classname="backend.tests.test_iteration11_documents_admin.TestDocumentUpload" name="test_upload_to_nonexistent_member" time="0.117" /><testcase classname="backend.tests.test_iteration11_documents_admin.TestDocumentFileServing" name="test_serve_uploaded_file" time="0.229" /><testcase classname="backend.tests.test_iteration11_documents_admin.TestDocumentFileServing" name="test_serve_nonexistent_file" time="0.112" /><testcase classname="backend.tests.test_iteration11_documents_admin.TestDocumentFileServing" name="test_file_serve_requires_auth" time="0.124" /><testcase classname="backend.tests.test_iteration11_documents_admin.TestAdminFullProfile" name="test_get_user_full_profile_200" time="0.259" /><testcase classname="backend.tests.test_iteration11_documents_admin.TestAdminFullProfile" name="test_get_user_full_profile_structure" time="0.110" /><testcase classname="backend.tests.test_iteration11_documents_admin.TestAdminFullProfile" name="test_get_user_full_profile_nonexistent" time="0.109" /><testcase classname="backend.tests.test_iteration11_documents_admin.TestAdminFullProfile" name="test_get_user_full_profile_no_password" time="0.114" /><testcase classname="backend.tests.test_iteration11_documents_admin.TestAdminUpdateUser" name="test_update_user_basic_fields" time="0.104" /><testcase classname="backend.tests.test_iteration11_documents_admin.TestAdminUpdateUser" name="test_update_user_member_fields" time="0.122" /><testcase classname="backend.tests.test_iteration11_documents_admin.TestAdminUpdateUser" name="test_update_user_flags" time="0.113" /><testcase classname="backend.tests.test_iteration11_documents_admin.TestAdminUpdateUser" name="test_update_user_empty_payload" time="0.116" /><testcase classname="backend.tests.test_iteration11_documents_admin.TestAdminUpdateUser" name="test_update_user_nonexistent" time="0.106" /><testcase classname="backend.tests.test_iteration11_documents_admin.TestPortalDocuments" name="test_portal_documents_returns_200" time="0.112" /><testcase classname="backend.tests.test_iteration11_documents_admin.TestPortalDocuments" name="test_portal_documents_returns_dict_structure" time="0.112" /><testcase classname="backend.tests.test_iteration11_documents_admin.TestPortalDocuments" name="test_portal_documents_field_types" time="0.116" /><testcase classname="backend.tests.test_iteration11_documents_admin.TestPortalDocuments" name="test_portal_documents_requires_auth" time="0.125" /><testcase classname="backend.tests.test_iteration11_documents_admin.TestPortalDocuments" name="test_portal_documents_no_deleted" time="0.115" /><testcase classname="backend.tests.test_iteration11_documents_admin.TestDocumentRequestCleanup" name="test_cancel_document_request" time="0.353" /></testsuite></testsuites>