<?xml version="1.0" encoding="utf-8"?><testsuites name="pytest tests"><testsuite name="pytest" errors="0" failures="0" skipped="0" tests="25" time="10.640" timestamp="2026-03-23T22:57:52.960439+00:00" hostname="agent-env-646ecac5-6589-4535-84a7-7eed8d4b1969"><testcase classname="backend.tests.test_iteration7_features.TestHealthEndpoint" name="test_health_returns_healthy" time="0.190" /><testcase classname="backend.tests.test_iteration7_features.TestAuthentication" name="test_admin_login_success" time="0.366" /><testcase classname="backend.tests.test_iteration7_features.TestAuthentication" name="test_login_invalid_credentials" time="0.108" /><testcase classname="backend.tests.test_iteration7_features.TestRBACEnforcement" name="test_financial_summary_requires_auth" time="0.464" /><testcase classname="backend.tests.test_iteration7_features.TestRBACEnforcement" name="test_financial_summary_with_manager_role" time="0.449" /><testcase classname="backend.tests.test_iteration7_features.TestRBACEnforcement" name="test_import_csv_members_requires_auth" time="0.465" /><testcase classname="backend.tests.test_iteration7_features.TestRBACEnforcement" name="test_audit_requires_admin" time="0.492" /><testcase classname="backend.tests.test_iteration7_features.TestRBACEnforcement" name="test_audit_without_auth_fails" time="0.444" /><testcase classname="backend.tests.test_iteration7_features.TestRBACEnforcement" name="test_delete_member_requires_coordinator" time="0.614" /><testcase classname="backend.tests.test_iteration7_features.TestWebPushNotifications" name="test_vapid_key_endpoint" time="0.456" /><testcase classname="backend.tests.test_iteration7_features.TestWebPushNotifications" name="test_push_subscribe_requires_auth" time="0.444" /><testcase classname="backend.tests.test_iteration7_features.TestWebPushNotifications" name="test_push_subscribe_with_auth" time="0.473" /><testcase classname="backend.tests.test_iteration7_features.TestOfflineSync" name="test_sync_messages_requires_auth" time="0.465" /><testcase classname="backend.tests.test_iteration7_features.TestOfflineSync" name="test_sync_messages_accepts_offline_messages" time="0.455" /><testcase classname="backend.tests.test_iteration7_features.TestOfflineSync" name="test_sync_empty_messages" time="0.473" /><testcase classname="backend.tests.test_iteration7_features.TestUnifiedPeopleAPI" name="test_list_members" time="0.489" /><testcase classname="backend.tests.test_iteration7_features.TestUnifiedPeopleAPI" name="test_list_families" time="0.434" /><testcase classname="backend.tests.test_iteration7_features.TestUnifiedPeopleAPI" name="test_list_children" time="0.454" /><testcase classname="backend.tests.test_iteration7_features.TestUnifiedPeopleAPI" name="test_list_guests" time="0.445" /><testcase classname="backend.tests.test_iteration7_features.TestUnifiedPeopleAPI" name="test_create_member_gender_validation" time="0.640" /><testcase classname="backend.tests.test_iteration7_features.TestKioskEndpoints" name="test_kiosk_checkin" time="0.127" /><testcase classname="backend.tests.test_iteration7_features.TestKioskEndpoints" name="test_kiosk_lookup_not_found" time="0.118" /><testcase classname="backend.tests.test_iteration7_features.TestReportsEndpoint" name="test_reports_summary" time="0.465" /><testcase classname="backend.tests.test_iteration7_features.TestReportsEndpoint" name="test_reports_pdf_export" time="0.547" /><testcase classname="backend.tests.test_iteration7_features.TestLocationsEndpoint" name="test_list_locations" time="0.474" /></testsuite></testsuites>