<?xml version="1.0" encoding="utf-8"?><testsuites name="pytest tests"><testsuite name="pytest" errors="0" failures="0" skipped="0" tests="13" time="4.914" timestamp="2026-03-30T10:20:42.199310+00:00" hostname="agent-env-d7f2a089-10f6-42f6-a000-1740c8230ce9"><testcase classname="backend.tests.test_wave_api.TestWaveAPI" name="test_list_wave_servers" time="0.431" /><testcase classname="backend.tests.test_wave_api.TestWaveAPI" name="test_create_wave_server" time="0.414" /><testcase classname="backend.tests.test_wave_api.TestWaveAPI" name="test_create_wave_server_with_campus" time="0.369" /><testcase classname="backend.tests.test_wave_api.TestWaveAPI" name="test_update_wave_server" time="0.456" /><testcase classname="backend.tests.test_wave_api.TestWaveAPI" name="test_delete_wave_server" time="0.519" /><testcase classname="backend.tests.test_wave_api.TestWaveAPI" name="test_get_my_wave_config" time="0.423" /><testcase classname="backend.tests.test_wave_api.TestWaveAPI" name="test_my_config_auto_login_flag" time="0.361" /><testcase classname="backend.tests.test_wave_api.TestWaveAPI" name="test_save_my_wave_credentials" time="0.382" /><testcase classname="backend.tests.test_wave_api.TestWaveAPI" name="test_default_server_logic" time="0.488" /><testcase classname="backend.tests.test_wave_api.TestWaveAPI" name="test_cleanup_test_servers" time="0.630" /><testcase classname="backend.tests.test_wave_api.TestWaveAPIUnauthorized" name="test_list_servers_unauthorized" time="0.100" /><testcase classname="backend.tests.test_wave_api.TestWaveAPIUnauthorized" name="test_create_server_unauthorized" time="0.100" /><testcase classname="backend.tests.test_wave_api.TestWaveAPIUnauthorized" name="test_get_my_config_unauthorized" time="0.101" /></testsuite></testsuites>