<?xml version="1.0" encoding="utf-8"?><testsuites name="pytest tests"><testsuite name="pytest" errors="0" failures="0" skipped="0" tests="14" time="4.526" timestamp="2026-05-02T09:58:05.097599+00:00" hostname="agent-env-9a9c5984-9441-4d6f-b2b7-adde78cccd8f"><testcase classname="backend.tests.test_iteration82_mark_paid_boards.TestSalesPaymentStatus" name="test_cash_sale_is_paid" time="0.687" /><testcase classname="backend.tests.test_iteration82_mark_paid_boards.TestSalesPaymentStatus" name="test_noncash_sale_is_pending[mobile_money]" time="0.254" /><testcase classname="backend.tests.test_iteration82_mark_paid_boards.TestSalesPaymentStatus" name="test_noncash_sale_is_pending[card]" time="0.241" /><testcase classname="backend.tests.test_iteration82_mark_paid_boards.TestSalesPaymentStatus" name="test_noncash_sale_is_pending[bank_transfer]" time="0.249" /><testcase classname="backend.tests.test_iteration82_mark_paid_boards.TestSalesPaymentStatus" name="test_noncash_sale_is_pending[cheque]" time="0.220" /><testcase classname="backend.tests.test_iteration82_mark_paid_boards.TestMarkAsPaidToggle" name="test_mark_paid_then_revert" time="0.554" /><testcase classname="backend.tests.test_iteration82_mark_paid_boards.TestMarkAsPaidToggle" name="test_invalid_status_returns_400" time="0.350" /><testcase classname="backend.tests.test_iteration82_mark_paid_boards.TestMarkAsPaidToggle" name="test_nonexistent_sale_returns_404" time="0.164" /><testcase classname="backend.tests.test_iteration82_mark_paid_boards.TestByReceiptIncludesPaymentStatus" name="test_public_by_receipt_has_payment_status" time="0.342" /><testcase classname="backend.tests.test_iteration82_mark_paid_boards.TestBoardsAdminFilter" name="test_admin_does_not_see_out_of_scope_board" time="0.936" /><testcase classname="backend.tests.test_iteration82_mark_paid_boards.TestBoardsAdminFilter" name="test_admin_cannot_access_other_users_private_board" time="0.108" /><testcase classname="backend.tests.test_iteration82_mark_paid_boards.TestIter81Regression" name="test_products" time="0.115" /><testcase classname="backend.tests.test_iteration82_mark_paid_boards.TestIter81Regression" name="test_sales_list" time="0.108" /><testcase classname="backend.tests.test_iteration82_mark_paid_boards.TestIter81Regression" name="test_sales_drafts" time="0.127" /></testsuite></testsuites>