<?xml version="1.0" encoding="utf-8"?><testsuites name="pytest tests"><testsuite name="pytest" errors="0" failures="0" skipped="0" tests="12" time="7.569" timestamp="2026-04-25T13:54:37.345194+00:00" hostname="agent-env-d7f2a089-10f6-42f6-a000-1740c8230ce9"><testcase classname="backend.tests.test_iteration58_wallet_cascade.TestWalletBadgeEndpoints" name="test_create_wallet_badge_for_member" time="0.761" /><testcase classname="backend.tests.test_iteration58_wallet_cascade.TestWalletBadgeEndpoints" name="test_get_wallet_badge_public_no_auth" time="0.133" /><testcase classname="backend.tests.test_iteration58_wallet_cascade.TestWalletBadgeEndpoints" name="test_get_wallet_badge_invalid_token" time="0.151" /><testcase classname="backend.tests.test_iteration58_wallet_cascade.TestWalletBadgeEndpoints" name="test_wallet_badge_contains_location_info" time="0.122" /><testcase classname="backend.tests.test_iteration58_wallet_cascade.TestMemberDeleteCascade" name="test_delete_member_cascades_task_assignees" time="0.638" /><testcase classname="backend.tests.test_iteration58_wallet_cascade.TestFamilyDeleteCascade" name="test_delete_family_unlinks_children_and_guests" time="0.943" /><testcase classname="backend.tests.test_iteration58_wallet_cascade.TestGuestDeleteCascade" name="test_delete_guest_removes_from_children_parent_ids" time="0.584" /><testcase classname="backend.tests.test_iteration58_wallet_cascade.TestChildDeleteCascade" name="test_delete_child_removes_from_resident_lists" time="0.423" /><testcase classname="backend.tests.test_iteration58_wallet_cascade.TestUserDeleteCascade" name="test_delete_user_cascades_all_references" time="0.979" /><testcase classname="backend.tests.test_iteration58_wallet_cascade.TestDataEventsIntegration" name="test_member_delete_returns_success" time="0.250" /><testcase classname="backend.tests.test_iteration58_wallet_cascade.TestDataEventsIntegration" name="test_guest_delete_returns_success" time="0.233" /><testcase classname="backend.tests.test_iteration58_wallet_cascade.TestCleanup" name="test_cleanup_test_data" time="2.274" /></testsuite></testsuites>