<?xml version="1.0" encoding="utf-8"?><testsuites name="pytest tests"><testsuite name="pytest" errors="0" failures="0" skipped="0" tests="17" time="7.865" timestamp="2026-03-23T15:48:25.262427+00:00" hostname="agent-env-4d654376-269a-4de2-9041-33bd3489a15a"><testcase classname="backend.tests.test_new_features.TestAuth" name="test_login_success" time="0.471" /><testcase classname="backend.tests.test_new_features.TestAuth" name="test_google_session_invalid" time="0.345" /><testcase classname="backend.tests.test_new_features.TestAnalytics" name="test_attendance_analytics" time="0.485" /><testcase classname="backend.tests.test_new_features.TestAnalytics" name="test_sales_analytics" time="0.137" /><testcase classname="backend.tests.test_new_features.TestAnalytics" name="test_location_analytics" time="0.116" /><testcase classname="backend.tests.test_new_features.TestAnnouncements" name="test_list_announcements" time="0.485" /><testcase classname="backend.tests.test_new_features.TestAnnouncements" name="test_create_announcement" time="0.177" /><testcase classname="backend.tests.test_new_features.TestOutreach" name="test_list_outreach_programs" time="0.484" /><testcase classname="backend.tests.test_new_features.TestOutreach" name="test_create_outreach_program" time="0.151" /><testcase classname="backend.tests.test_new_features.TestResources" name="test_list_resources" time="0.464" /><testcase classname="backend.tests.test_new_features.TestResources" name="test_create_resource" time="0.144" /><testcase classname="backend.tests.test_new_features.TestBadges" name="test_list_badges" time="0.451" /><testcase classname="backend.tests.test_new_features.TestBadges" name="test_create_badge" time="0.152" /><testcase classname="backend.tests.test_new_features.TestFinancialCashflow" name="test_cashflow_6_months" time="0.702" /><testcase classname="backend.tests.test_new_features.TestMembersPending" name="test_pending_members" time="0.952" /><testcase classname="backend.tests.test_new_features.TestAppSettings" name="test_get_app_settings" time="1.205" /><testcase classname="backend.tests.test_new_features.TestAppSettings" name="test_update_app_settings" time="0.761" /></testsuite></testsuites>