<?xml version="1.0" encoding="utf-8"?><testsuites name="pytest tests"><testsuite name="pytest" errors="0" failures="0" skipped="0" tests="8" time="2.423" timestamp="2026-09-09T10:48:56.331160+00:00" hostname="agent-env-9a9c5984-9441-4d6f-b2b7-adde78cccd8f"><testcase classname="backend.tests.test_iter100_p0_bugs" name="test_journal_list" time="0.682" /><testcase classname="backend.tests.test_iter100_p0_bugs" name="test_journal_post_hydrates_account_code_and_name" time="0.403" /><testcase classname="backend.tests.test_iter100_p0_bugs" name="test_transfer_requires_location_id" time="0.275" /><testcase classname="backend.tests.test_iter100_p0_bugs" name="test_transfer_with_location_posts" time="0.281" /><testcase classname="backend.tests.test_iter100_p0_bugs" name="test_chat_users_returns_staff" time="0.140" /><testcase classname="backend.tests.test_iter100_p0_bugs" name="test_admin_directory_returns_admins" time="0.306" /><testcase classname="backend.tests.test_iter100_p0_bugs" name="test_conversations_list" time="0.145" /><testcase classname="backend.tests.test_iter100_p0_bugs" name="test_auth_me" time="0.121" /></testsuite></testsuites>