<?xml version="1.0" encoding="utf-8"?><testsuites name="pytest tests"><testsuite name="pytest" errors="0" failures="0" skipped="0" tests="26" time="3.539" timestamp="2026-08-27T02:06:03.062932+00:00" hostname="agent-env-9a9c5984-9441-4d6f-b2b7-adde78cccd8f"><testcase classname="tests.test_iter258_used_pricing_cap.TestEstimateValueCap" name="test_clothing_high_ai_price_is_capped_to_15" time="0.310" /><testcase classname="tests.test_iter258_used_pricing_cap.TestEstimateValueCap" name="test_furniture_is_not_capped" time="0.000" /><testcase classname="tests.test_iter258_used_pricing_cap.TestEstimateValueCap" name="test_already_low_clothing_price_passes_through" time="0.000" /><testcase classname="tests.test_iter258_used_pricing_cap.TestEstimateValueCap" name="test_books_none_falls_back_to_preset" time="0.000" /><testcase classname="tests.test_iter258_used_pricing_cap.TestEstimateValueCap" name="test_electronics_uncapped" time="0.000" /><testcase classname="tests.test_iter258_used_pricing_cap.TestEstimateValueCap" name="test_shoes_capped_at_18" time="0.000" /><testcase classname="tests.test_iter258_used_pricing_cap.TestEstimateValueCap" name="test_unknown_category_no_bucket_no_cap" time="0.000" /><testcase classname="tests.test_iter258_used_pricing_cap.TestEstimateValueCap" name="test_zero_and_negative_provided_fall_back" time="0.000" /><testcase classname="tests.test_iter258_used_pricing_cap.TestEstimateValueCap" name="test_no_match_default_five" time="0.000" /><testcase classname="tests.test_iter258_used_pricing_cap.TestEstimateValueCap" name="test_bookshelf_false_positive" time="0.000" /><testcase classname="tests.test_iter258_used_pricing_cap.TestEstimateValueCap" name="test_toy_box_furniture_not_capped" time="0.000" /><testcase classname="tests.test_iter258_used_pricing_cap.TestEstimateValueCap" name="test_kitchen_table_furniture_not_capped" time="0.000" /><testcase classname="tests.test_iter258_used_pricing_cap.TestEstimateValueCap" name="test_baby_bucket_still_capped" time="0.000" /><testcase classname="tests.test_iter258_used_pricing_cap.TestEstimateValueCap" name="test_capped_categories_still_capped_after_fix" time="0.000" /><testcase classname="tests.test_iter258_used_pricing_cap.TestEstimateValueCap" name="test_furniture_bucket_fallback_when_no_value" time="0.000" /><testcase classname="tests.test_iter258_used_pricing_cap.TestPromptsContainUsedPricingRule" name="test_admin_scan_item_sys_msg" time="0.004" /><testcase classname="tests.test_iter258_used_pricing_cap.TestPromptsContainUsedPricingRule" name="test_box_scan_sys_prompt" time="0.000" /><testcase classname="tests.test_iter258_used_pricing_cap.TestPromptsContainUsedPricingRule" name="test_admin_scan_persists_condition" time="0.003" /><testcase classname="tests.test_iter258_used_pricing_cap.TestScanBoxesRegression" name="test_shipment_exists" time="0.695" /><testcase classname="tests.test_iter258_used_pricing_cap.TestScanBoxesRegression" name="test_scan_boxes_requires_image" time="0.057" /><testcase classname="tests.test_iter258_used_pricing_cap.TestScanBoxesRegression" name="test_scan_boxes_unknown_shipment_404" time="0.056" /><testcase classname="tests.test_iter258_used_pricing_cap.TestScanBoxesRegression" name="test_scan_boxes_unauth" time="0.125" /><testcase classname="tests.test_iter258_used_pricing_cap.TestScanBoxesRegression" name="test_scan_boxes_contract_with_garbage_image" time="1.828" /><testcase classname="tests.test_iter258_used_pricing_cap.TestScanBoxesRegression" name="test_admin_scan_item_returns_condition" time="0.367" /><testcase classname="tests.test_iter258_used_pricing_cap.TestCapAppliedOnPersistedItem" name="test_box_scan_row_value_is_capped_before_persist" time="0.000" /><testcase classname="tests.test_iter258_used_pricing_cap.TestCapAppliedOnPersistedItem" name="test_admin_scan_item_value_is_capped" time="0.004" /></testsuite></testsuites>