<?xml version="1.0" encoding="utf-8"?><testsuites name="pytest tests"><testsuite name="pytest" errors="0" failures="0" skipped="0" tests="21" time="3.791" timestamp="2026-03-24T03:25:09.944852+00:00" hostname="agent-env-dcd91af1-772e-4278-b67b-e707911e28a8"><testcase classname="backend.tests.test_iteration14_kanban_archive_badges.TestAuth" name="test_login_success" time="0.508" /><testcase classname="backend.tests.test_iteration14_kanban_archive_badges.TestAuth" name="test_get_me" time="0.522" /><testcase classname="backend.tests.test_iteration14_kanban_archive_badges.TestBoards" name="test_list_boards" time="0.164" /><testcase classname="backend.tests.test_iteration14_kanban_archive_badges.TestBoards" name="test_create_board" time="0.163" /><testcase classname="backend.tests.test_iteration14_kanban_archive_badges.TestBoards" name="test_get_board" time="0.122" /><testcase classname="backend.tests.test_iteration14_kanban_archive_badges.TestBoards" name="test_add_list_to_board" time="0.129" /><testcase classname="backend.tests.test_iteration14_kanban_archive_badges.TestBoards" name="test_create_task_on_board" time="0.151" /><testcase classname="backend.tests.test_iteration14_kanban_archive_badges.TestBoards" name="test_get_tasks_by_board_id" time="0.124" /><testcase classname="backend.tests.test_iteration14_kanban_archive_badges.TestTaskArchiveRestore" name="test_archive_task" time="0.130" /><testcase classname="backend.tests.test_iteration14_kanban_archive_badges.TestTaskArchiveRestore" name="test_task_not_in_active_list_after_archive" time="0.150" /><testcase classname="backend.tests.test_iteration14_kanban_archive_badges.TestTaskArchiveRestore" name="test_get_archived_tasks" time="0.135" /><testcase classname="backend.tests.test_iteration14_kanban_archive_badges.TestTaskArchiveRestore" name="test_restore_task" time="0.131" /><testcase classname="backend.tests.test_iteration14_kanban_archive_badges.TestTaskArchiveRestore" name="test_task_back_in_active_list_after_restore" time="0.149" /><testcase classname="backend.tests.test_iteration14_kanban_archive_badges.TestTaskArchiveRestore" name="test_archive_nonexistent_task_returns_404" time="0.162" /><testcase classname="backend.tests.test_iteration14_kanban_archive_badges.TestListArchiveRestore" name="test_archive_list" time="0.126" /><testcase classname="backend.tests.test_iteration14_kanban_archive_badges.TestListArchiveRestore" name="test_archived_list_not_in_board_lists" time="0.147" /><testcase classname="backend.tests.test_iteration14_kanban_archive_badges.TestListArchiveRestore" name="test_get_archived_lists" time="0.179" /><testcase classname="backend.tests.test_iteration14_kanban_archive_badges.TestListArchiveRestore" name="test_restore_list" time="0.141" /><testcase classname="backend.tests.test_iteration14_kanban_archive_badges.TestListArchiveRestore" name="test_restored_list_in_board_lists" time="0.129" /><testcase classname="backend.tests.test_iteration14_kanban_archive_badges.TestCleanup" name="test_delete_task" time="0.124" /><testcase classname="backend.tests.test_iteration14_kanban_archive_badges.TestCleanup" name="test_delete_board" time="0.121" /></testsuite></testsuites>