<?xml version="1.0" encoding="utf-8"?><testsuites name="pytest tests"><testsuite name="pytest" errors="0" failures="0" skipped="0" tests="18" time="9.999" timestamp="2026-04-08T18:00:30.944344+00:00" hostname="agent-env-d7f2a089-10f6-42f6-a000-1740c8230ce9"><testcase classname="tests.test_iteration47_features.TestAuth" name="test_login_success" time="0.515" /><testcase classname="tests.test_iteration47_features.TestEventRecurrence" name="test_bimonthly_recurrence" time="0.562" /><testcase classname="tests.test_iteration47_features.TestEventRecurrence" name="test_quarterly_recurrence" time="0.147" /><testcase classname="tests.test_iteration47_features.TestEventRecurrence" name="test_custom_dates_recurrence" time="0.171" /><testcase classname="tests.test_iteration47_features.TestEventRecurrence" name="test_custom_weekly_multi_day" time="0.182" /><testcase classname="tests.test_iteration47_features.TestChildrenBulkImport" name="test_bulk_import_creates_family_and_parent" time="0.860" /><testcase classname="tests.test_iteration47_features.TestChildrenBulkImport" name="test_bulk_import_deduplication" time="0.285" /><testcase classname="tests.test_iteration47_features.TestFamilyMemberEditing" name="test_update_family_members" time="1.010" /><testcase classname="tests.test_iteration47_features.TestStaffAsParents" name="test_portal_family_includes_staff_parents" time="0.442" /><testcase classname="tests.test_iteration47_features.TestAccessAPIConnections" name="test_create_api_connection" time="1.016" /><testcase classname="tests.test_iteration47_features.TestAccessAPIConnections" name="test_list_api_connections" time="0.111" /><testcase classname="tests.test_iteration47_features.TestAccessAPIConnections" name="test_update_api_connection" time="0.285" /><testcase classname="tests.test_iteration47_features.TestAccessAPIConnections" name="test_delete_api_connection" time="0.258" /><testcase classname="tests.test_iteration47_features.TestGuestAccessLinks" name="test_create_guest_access_link" time="0.466" /><testcase classname="tests.test_iteration47_features.TestGuestAccessLinks" name="test_list_guest_access_links" time="0.139" /><testcase classname="tests.test_iteration47_features.TestGuestAccessLinks" name="test_public_access_request_via_token" time="0.260" /><testcase classname="tests.test_iteration47_features.TestGuestAccessLinks" name="test_delete_guest_access_link" time="0.220" /><testcase classname="tests.test_iteration47_features.TestCleanup" name="test_cleanup_test_events" time="2.980" /></testsuite></testsuites>