<?xml version="1.0" encoding="utf-8"?><testsuites name="pytest tests"><testsuite name="pytest" errors="0" failures="0" skipped="0" tests="19" time="4.751" timestamp="2026-04-30T18:52:57.411864+00:00" hostname="agent-env-d7f2a089-10f6-42f6-a000-1740c8230ce9"><testcase classname="backend.tests.test_iteration76_features.TestReportsSummary" name="test_reports_summary_returns_200" time="0.549" /><testcase classname="backend.tests.test_iteration76_features.TestReportsSummary" name="test_reports_summary_has_required_fields" time="0.126" /><testcase classname="backend.tests.test_iteration76_features.TestReportsSummary" name="test_reports_summary_with_date_filter" time="0.230" /><testcase classname="backend.tests.test_iteration76_features.TestReportsSummary" name="test_reports_summary_with_location_filter" time="0.146" /><testcase classname="backend.tests.test_iteration76_features.TestSalesPortal" name="test_sales_portal_login_endpoint_exists" time="0.118" /><testcase classname="backend.tests.test_iteration76_features.TestSalesPortal" name="test_customers_endpoint_exists" time="0.121" /><testcase classname="backend.tests.test_iteration76_features.TestSalesPortal" name="test_create_customer" time="0.224" /><testcase classname="backend.tests.test_iteration76_features.TestProductVariants" name="test_products_list" time="0.123" /><testcase classname="backend.tests.test_iteration76_features.TestProductVariants" name="test_create_product_with_variants" time="0.338" /><testcase classname="backend.tests.test_iteration76_features.TestProductVariants" name="test_add_variant_to_product" time="0.343" /><testcase classname="backend.tests.test_iteration76_features.TestLocationHRToggle" name="test_location_has_hr_enabled_field" time="0.108" /><testcase classname="backend.tests.test_iteration76_features.TestLocationHRToggle" name="test_update_location_hr_toggle" time="0.507" /><testcase classname="backend.tests.test_iteration76_features.TestMemberManagement" name="test_members_list" time="0.145" /><testcase classname="backend.tests.test_iteration76_features.TestMemberManagement" name="test_member_update" time="0.425" /><testcase classname="backend.tests.test_iteration76_features.TestMemberManagement" name="test_password_reset_endpoint" time="0.397" /><testcase classname="backend.tests.test_iteration76_features.TestMemberManagement" name="test_member_delete" time="0.407" /><testcase classname="backend.tests.test_iteration76_features.TestNavigationHiding" name="test_locations_have_feature_flags" time="0.133" /><testcase classname="backend.tests.test_iteration76_features.TestReportsEndpointRouting" name="test_summary_not_treated_as_report_id" time="0.130" /><testcase classname="backend.tests.test_iteration76_features.TestReportsEndpointRouting" name="test_reports_list_works" time="0.120" /></testsuite></testsuites>