<?xml version="1.0" encoding="utf-8"?><testsuites name="pytest tests"><testsuite name="pytest" errors="0" failures="0" skipped="0" tests="6" time="2.780" timestamp="2026-04-25T14:37:23.566509+00:00" hostname="agent-env-d7f2a089-10f6-42f6-a000-1740c8230ce9"><testcase classname="backend.tests.test_iteration60_templates.TestTemplateDownloads" name="test_children_template_download" time="0.600" /><testcase classname="backend.tests.test_iteration60_templates.TestTemplateDownloads" name="test_staff_template_download" time="0.531" /><testcase classname="backend.tests.test_iteration60_templates.TestTemplateDownloads" name="test_guests_template_download" time="0.449" /><testcase classname="backend.tests.test_iteration60_templates.TestTemplateDownloads" name="test_template_requires_auth" time="0.706" /><testcase classname="backend.tests.test_iteration60_templates.TestHealthAndBasicEndpoints" name="test_api_health" time="0.104" /><testcase classname="backend.tests.test_iteration60_templates.TestHealthAndBasicEndpoints" name="test_login_success" time="0.325" /></testsuite></testsuites>