<?xml version="1.0" encoding="utf-8"?><testsuites name="pytest tests"><testsuite name="pytest" errors="0" failures="0" skipped="0" tests="14" time="0.487" timestamp="2026-05-20T22:15:55.162586+00:00" hostname="agent-env-9a9c5984-9441-4d6f-b2b7-adde78cccd8f"><testcase classname="test_smoke_recent_modules.TestApprovals" name="test_workflow_crud_cycle" time="0.248" /><testcase classname="test_smoke_recent_modules.TestApprovals" name="test_request_flow_admin_overrides_manager_step" time="0.024" /><testcase classname="test_smoke_recent_modules.TestHrLeave" name="test_leave_types_defaults" time="0.004" /><testcase classname="test_smoke_recent_modules.TestHrLeave" name="test_leave_request_lifecycle" time="0.024" /><testcase classname="test_smoke_recent_modules.TestHrLeave" name="test_leave_validation_end_before_start" time="0.003" /><testcase classname="test_smoke_recent_modules.TestHrReimbursement" name="test_reimbursement_lifecycle" time="0.015" /><testcase classname="test_smoke_recent_modules.TestHrReimbursement" name="test_reimbursement_negative_amount_rejected" time="0.003" /><testcase classname="test_smoke_recent_modules.TestHrAttendance" name="test_clock_in_idempotency_then_out" time="0.017" /><testcase classname="test_smoke_recent_modules.TestAccounting" name="test_coa_seed_idempotent" time="0.021" /><testcase classname="test_smoke_recent_modules.TestAccounting" name="test_balanced_entry_create_and_post" time="0.022" /><testcase classname="test_smoke_recent_modules.TestAccounting" name="test_unbalanced_entry_rejected" time="0.013" /><testcase classname="test_smoke_recent_modules.TestAccounting" name="test_trial_balance_reconciles" time="0.005" /><testcase classname="test_smoke_recent_modules.TestSaleDiscountApproval" name="test_high_discount_spawns_approval_and_locks_payment" time="0.029" /><testcase classname="test_smoke_recent_modules.TestPaymentReminders" name="test_history_endpoint_responds" time="0.004" /></testsuite></testsuites>